[0.005s] Invoking command in '/root/ros2_ws/build/get_sensor_status': CMAKE_PREFIX_PATH=/opt/ros/humble:/root/ros2_ws/install/srvs LD_LIBRARY_PATH=/root/ros2_ws/install/srvs/lib:${LD_LIBRARY_PATH} PKG_CONFIG_PATH=/root/ros2_ws/install/srvs/lib/aarch64-linux-gnu/pkgconfig:/root/ros2_ws/install/srvs/lib/pkgconfig PYTHONPATH=/root/ros2_ws/install/srvs/local/lib/python3.10/dist-packages:${PYTHONPATH} ROS_PACKAGE_PATH=/root/ros2_ws/install/srvs/share /usr/bin/cmake /root/ros2_ws/src/get_sensor_status -DCMAKE_INSTALL_PREFIX=/root/ros2_ws/install/get_sensor_status
[0.057s] -- The C compiler identification is GNU 11.4.0
[0.096s] -- The CXX compiler identification is GNU 11.4.0
[0.101s] -- Detecting C compiler ABI info
[0.151s] -- Detecting C compiler ABI info - done
[0.157s] -- Check for working C compiler: /usr/bin/cc - skipped
[0.157s] -- Detecting C compile features
[0.157s] -- Detecting C compile features - done
[0.160s] -- Detecting CXX compiler ABI info
[0.211s] -- Detecting CXX compiler ABI info - done
[0.217s] -- Check for working CXX compiler: /usr/bin/c++ - skipped
[0.217s] -- Detecting CXX compile features
[0.217s] -- Detecting CXX compile features - done
[0.219s] -- Found ament_cmake: 1.3.9 (/opt/ros/humble/share/ament_cmake/cmake)
[0.310s] -- Found Python3: /usr/bin/python3 (found version "3.10.12") found components: Interpreter 
[0.374s] -- Found rclcpp: 16.0.9 (/opt/ros/humble/share/rclcpp/cmake)
[0.403s] -- Found rosidl_generator_c: 3.1.5 (/opt/ros/humble/share/rosidl_generator_c/cmake)
[0.407s] -- Found rosidl_adapter: 3.1.5 (/opt/ros/humble/share/rosidl_adapter/cmake)
[0.413s] -- Found rosidl_generator_cpp: 3.1.5 (/opt/ros/humble/share/rosidl_generator_cpp/cmake)
[0.423s] -- Using all available rosidl_typesupport_c: rosidl_typesupport_fastrtps_c;rosidl_typesupport_introspection_c
[0.439s] -- Using all available rosidl_typesupport_cpp: rosidl_typesupport_fastrtps_cpp;rosidl_typesupport_introspection_cpp
[0.495s] -- Found rmw_implementation_cmake: 6.1.2 (/opt/ros/humble/share/rmw_implementation_cmake/cmake)
[0.496s] -- Found rmw_fastrtps_cpp: 6.2.6 (/opt/ros/humble/share/rmw_fastrtps_cpp/cmake)
[0.560s] -- Found OpenSSL: /usr/lib/aarch64-linux-gnu/libcrypto.so (found version "3.0.2")  
[0.580s] -- Found FastRTPS: /opt/ros/humble/include  
[0.617s] -- Using RMW implementation 'rmw_fastrtps_cpp' as default
[0.625s] -- Looking for pthread.h
[0.672s] -- Looking for pthread.h - found
[0.672s] -- Performing Test CMAKE_HAVE_LIBC_PTHREAD
[0.717s] -- Performing Test CMAKE_HAVE_LIBC_PTHREAD - Success
[0.718s] -- Found Threads: TRUE  
[0.858s] -- Found srvs: 0.0.0 (/root/ros2_ws/install/srvs/share/srvs/cmake)
[0.873s] -- Found ament_lint_auto: 0.12.11 (/opt/ros/humble/share/ament_lint_auto/cmake)
[0.938s] -- Added test 'cppcheck' to perform static code analysis on C / C++ code
[0.938s] -- Configured cppcheck include dirs: 
[0.938s] -- Configured cppcheck exclude dirs and/or files: 
[0.938s] -- Added test 'lint_cmake' to check CMake code style
[0.939s] -- Added test 'uncrustify' to check C / C++ code style
[0.940s] -- Configured uncrustify additional arguments: 
[0.940s] -- Added test 'xmllint' to check XML markup files
[0.941s] -- Configuring done
[0.945s] -- Generating done
[0.946s] -- Build files have been written to: /root/ros2_ws/build/get_sensor_status
[0.952s] Invoked command in '/root/ros2_ws/build/get_sensor_status' returned '0': CMAKE_PREFIX_PATH=/opt/ros/humble:/root/ros2_ws/install/srvs LD_LIBRARY_PATH=/root/ros2_ws/install/srvs/lib:${LD_LIBRARY_PATH} PKG_CONFIG_PATH=/root/ros2_ws/install/srvs/lib/aarch64-linux-gnu/pkgconfig:/root/ros2_ws/install/srvs/lib/pkgconfig PYTHONPATH=/root/ros2_ws/install/srvs/local/lib/python3.10/dist-packages:${PYTHONPATH} ROS_PACKAGE_PATH=/root/ros2_ws/install/srvs/share /usr/bin/cmake /root/ros2_ws/src/get_sensor_status -DCMAKE_INSTALL_PREFIX=/root/ros2_ws/install/get_sensor_status
[0.953s] Invoking command in '/root/ros2_ws/build/get_sensor_status': CMAKE_PREFIX_PATH=/opt/ros/humble:/root/ros2_ws/install/srvs LD_LIBRARY_PATH=/root/ros2_ws/install/srvs/lib:${LD_LIBRARY_PATH} PKG_CONFIG_PATH=/root/ros2_ws/install/srvs/lib/aarch64-linux-gnu/pkgconfig:/root/ros2_ws/install/srvs/lib/pkgconfig PYTHONPATH=/root/ros2_ws/install/srvs/local/lib/python3.10/dist-packages:${PYTHONPATH} ROS_PACKAGE_PATH=/root/ros2_ws/install/srvs/share /usr/bin/cmake --build /root/ros2_ws/build/get_sensor_status -- -j4 -l4
[0.978s] Invoked command in '/root/ros2_ws/build/get_sensor_status' returned '0': CMAKE_PREFIX_PATH=/opt/ros/humble:/root/ros2_ws/install/srvs LD_LIBRARY_PATH=/root/ros2_ws/install/srvs/lib:${LD_LIBRARY_PATH} PKG_CONFIG_PATH=/root/ros2_ws/install/srvs/lib/aarch64-linux-gnu/pkgconfig:/root/ros2_ws/install/srvs/lib/pkgconfig PYTHONPATH=/root/ros2_ws/install/srvs/local/lib/python3.10/dist-packages:${PYTHONPATH} ROS_PACKAGE_PATH=/root/ros2_ws/install/srvs/share /usr/bin/cmake --build /root/ros2_ws/build/get_sensor_status -- -j4 -l4
[0.990s] Invoking command in '/root/ros2_ws/build/get_sensor_status': CMAKE_PREFIX_PATH=/opt/ros/humble:/root/ros2_ws/install/srvs LD_LIBRARY_PATH=/root/ros2_ws/install/srvs/lib:${LD_LIBRARY_PATH} PKG_CONFIG_PATH=/root/ros2_ws/install/srvs/lib/aarch64-linux-gnu/pkgconfig:/root/ros2_ws/install/srvs/lib/pkgconfig PYTHONPATH=/root/ros2_ws/install/srvs/local/lib/python3.10/dist-packages:${PYTHONPATH} ROS_PACKAGE_PATH=/root/ros2_ws/install/srvs/share /usr/bin/cmake --install /root/ros2_ws/build/get_sensor_status
[0.994s] -- Install configuration: ""
[0.995s] -- Installing: /root/ros2_ws/install/get_sensor_status/share/ament_index/resource_index/package_run_dependencies/get_sensor_status
[0.995s] -- Installing: /root/ros2_ws/install/get_sensor_status/share/ament_index/resource_index/parent_prefix_path/get_sensor_status
[0.995s] -- Installing: /root/ros2_ws/install/get_sensor_status/share/get_sensor_status/environment/ament_prefix_path.sh
[0.995s] -- Installing: /root/ros2_ws/install/get_sensor_status/share/get_sensor_status/environment/ament_prefix_path.dsv
[0.995s] -- Installing: /root/ros2_ws/install/get_sensor_status/share/get_sensor_status/environment/path.sh
[0.995s] -- Installing: /root/ros2_ws/install/get_sensor_status/share/get_sensor_status/environment/path.dsv
[0.996s] -- Installing: /root/ros2_ws/install/get_sensor_status/share/get_sensor_status/local_setup.bash
[0.996s] -- Installing: /root/ros2_ws/install/get_sensor_status/share/get_sensor_status/local_setup.sh
[0.996s] -- Installing: /root/ros2_ws/install/get_sensor_status/share/get_sensor_status/local_setup.zsh
[0.996s] -- Installing: /root/ros2_ws/install/get_sensor_status/share/get_sensor_status/local_setup.dsv
[0.996s] -- Installing: /root/ros2_ws/install/get_sensor_status/share/get_sensor_status/package.dsv
[0.996s] -- Installing: /root/ros2_ws/install/get_sensor_status/share/ament_index/resource_index/packages/get_sensor_status
[0.996s] -- Installing: /root/ros2_ws/install/get_sensor_status/share/get_sensor_status/cmake/get_sensor_statusConfig.cmake
[0.997s] -- Installing: /root/ros2_ws/install/get_sensor_status/share/get_sensor_status/cmake/get_sensor_statusConfig-version.cmake
[0.997s] -- Installing: /root/ros2_ws/install/get_sensor_status/share/get_sensor_status/package.xml
[0.998s] Invoked command in '/root/ros2_ws/build/get_sensor_status' returned '0': CMAKE_PREFIX_PATH=/opt/ros/humble:/root/ros2_ws/install/srvs LD_LIBRARY_PATH=/root/ros2_ws/install/srvs/lib:${LD_LIBRARY_PATH} PKG_CONFIG_PATH=/root/ros2_ws/install/srvs/lib/aarch64-linux-gnu/pkgconfig:/root/ros2_ws/install/srvs/lib/pkgconfig PYTHONPATH=/root/ros2_ws/install/srvs/local/lib/python3.10/dist-packages:${PYTHONPATH} ROS_PACKAGE_PATH=/root/ros2_ws/install/srvs/share /usr/bin/cmake --install /root/ros2_ws/build/get_sensor_status
