[0.008s] Invoking command in '/root/ros2_ws/build/srvs': /usr/bin/cmake /root/ros2_ws/src/srvs -DCATKIN_INSTALL_INTO_PREFIX_ROOT=0 -DCMAKE_INSTALL_PREFIX=/root/ros2_ws/install/srvs
[0.059s] -- The C compiler identification is GNU 11.4.0
[0.102s] -- The CXX compiler identification is GNU 11.4.0
[0.108s] -- Detecting C compiler ABI info
[0.160s] -- Detecting C compiler ABI info - done
[0.166s] -- Check for working C compiler: /usr/bin/cc - skipped
[0.166s] -- Detecting C compile features
[0.166s] -- Detecting C compile features - done
[0.169s] -- Detecting CXX compiler ABI info
[0.221s] -- Detecting CXX compiler ABI info - done
[0.227s] -- Check for working CXX compiler: /usr/bin/c++ - skipped
[0.228s] -- Detecting CXX compile features
[0.228s] -- Detecting CXX compile features - done
[0.231s] -- Found ament_cmake: 1.3.10 (/opt/ros/humble/share/ament_cmake/cmake)
[0.323s] -- Found Python3: /usr/bin/python3 (found version "3.10.12") found components: Interpreter 
[0.387s] -- Found rclcpp: 16.0.9 (/opt/ros/humble/share/rclcpp/cmake)
[0.417s] -- Found rosidl_generator_c: 3.1.5 (/opt/ros/humble/share/rosidl_generator_c/cmake)
[0.421s] -- Found rosidl_adapter: 3.1.5 (/opt/ros/humble/share/rosidl_adapter/cmake)
[0.427s] -- Found rosidl_generator_cpp: 3.1.5 (/opt/ros/humble/share/rosidl_generator_cpp/cmake)
[0.439s] -- Using all available rosidl_typesupport_c: rosidl_typesupport_fastrtps_c;rosidl_typesupport_introspection_c
[0.454s] -- Using all available rosidl_typesupport_cpp: rosidl_typesupport_fastrtps_cpp;rosidl_typesupport_introspection_cpp
[0.510s] -- Found rmw_implementation_cmake: 6.1.2 (/opt/ros/humble/share/rmw_implementation_cmake/cmake)
[0.512s] -- Found rmw_fastrtps_cpp: 6.2.6 (/opt/ros/humble/share/rmw_fastrtps_cpp/cmake)
[0.576s] -- Found OpenSSL: /usr/lib/aarch64-linux-gnu/libcrypto.so (found version "3.0.2")  
[0.598s] -- Found FastRTPS: /opt/ros/humble/include  
[0.637s] -- Using RMW implementation 'rmw_fastrtps_cpp' as default
[0.644s] -- Looking for pthread.h
[0.692s] -- Looking for pthread.h - found
[0.693s] -- Performing Test CMAKE_HAVE_LIBC_PTHREAD
[0.741s] -- Performing Test CMAKE_HAVE_LIBC_PTHREAD - Success
[0.742s] -- Found Threads: TRUE  
[0.886s] -- Found rosidl_default_generators: 1.2.0 (/opt/ros/humble/share/rosidl_default_generators/cmake)
[1.062s] -- Found ament_cmake_ros: 0.10.0 (/opt/ros/humble/share/ament_cmake_ros/cmake)
[1.255s] -- Using all available rosidl_typesupport_c: rosidl_typesupport_fastrtps_c;rosidl_typesupport_introspection_c
[1.326s] -- Using all available rosidl_typesupport_cpp: rosidl_typesupport_fastrtps_cpp;rosidl_typesupport_introspection_cpp
[1.337s] -- Found PythonInterp: /usr/bin/python3 (found suitable version "3.10.12", minimum required is "3.6") 
[1.339s] -- Found python_cmake_module: 0.10.0 (/opt/ros/humble/share/python_cmake_module/cmake)
[1.354s] -- Found PythonLibs: /usr/lib/aarch64-linux-gnu/libpython3.10.so (found suitable version "3.10.12", minimum required is "3.5") 
[1.354s] -- Using PYTHON_EXECUTABLE: /usr/bin/python3
[1.354s] -- Using PYTHON_INCLUDE_DIRS: /usr/include/python3.10
[1.354s] -- Using PYTHON_LIBRARIES: /usr/lib/aarch64-linux-gnu/libpython3.10.so
[1.365s] -- Found PythonExtra: .so  
[1.388s] -- Configuring done
[1.411s] -- Generating done
[1.413s] [33mCMake Warning:
[1.413s]   Manually-specified variables were not used by the project:
[1.413s] 
[1.413s]     CATKIN_INSTALL_INTO_PREFIX_ROOT
[1.413s] 
[1.413s] [0m
[1.413s] -- Build files have been written to: /root/ros2_ws/build/srvs
[1.420s] Invoked command in '/root/ros2_ws/build/srvs' returned '0': /usr/bin/cmake /root/ros2_ws/src/srvs -DCATKIN_INSTALL_INTO_PREFIX_ROOT=0 -DCMAKE_INSTALL_PREFIX=/root/ros2_ws/install/srvs
[1.421s] Invoking command in '/root/ros2_ws/build/srvs': /usr/bin/cmake --build /root/ros2_ws/build/srvs -- -j4 -l4
[1.447s] [  2%] [34m[1mGenerating C code for ROS interfaces[0m
[1.457s] [  4%] [34m[1mGenerating C++ code for ROS interfaces[0m
[1.459s] [  4%] Built target ament_cmake_python_copy_srvs
[1.585s] running egg_info
[1.586s] creating srvs.egg-info
[1.586s] writing srvs.egg-info/PKG-INFO
[1.586s] writing dependency_links to srvs.egg-info/dependency_links.txt
[1.586s] writing top-level names to srvs.egg-info/top_level.txt
[1.586s] writing manifest file 'srvs.egg-info/SOURCES.txt'
[1.587s] reading manifest file 'srvs.egg-info/SOURCES.txt'
[1.587s] writing manifest file 'srvs.egg-info/SOURCES.txt'
[1.606s] [  4%] Built target ament_cmake_python_build_srvs_egg
[1.756s] [  4%] Built target srvs__cpp
[1.761s] [  6%] [32mBuilding C object CMakeFiles/srvs__rosidl_generator_c.dir/rosidl_generator_c/srvs/msg/detail/sensor_type__functions.c.o[0m
[1.761s] [  8%] [34m[1mGenerating C++ type support for eProsima Fast-RTPS[0m
[1.761s] [ 10%] [34m[1mGenerating C++ type support dispatch for ROS interfaces[0m
[1.762s] [ 12%] [34m[1mGenerating C++ introspection for ROS interfaces[0m
[1.796s] [ 14%] [32mBuilding C object CMakeFiles/srvs__rosidl_generator_c.dir/rosidl_generator_c/srvs/msg/detail/sensor_status__functions.c.o[0m
[1.831s] [ 17%] [32mBuilding C object CMakeFiles/srvs__rosidl_generator_c.dir/rosidl_generator_c/srvs/srv/detail/get_sensor_status_list__functions.c.o[0m
[1.875s] [ 19%] [32m[1mLinking C shared library libsrvs__rosidl_generator_c.so[0m
[1.897s] [ 19%] Built target srvs__rosidl_generator_c
[1.903s] [ 21%] [34m[1mGenerating C type support for eProsima Fast-RTPS[0m
[1.988s] [ 23%] [32mBuilding CXX object CMakeFiles/srvs__rosidl_typesupport_cpp.dir/rosidl_typesupport_cpp/srvs/msg/sensor_type__type_support.cpp.o[0m
[2.033s] [ 25%] [32mBuilding CXX object CMakeFiles/srvs__rosidl_typesupport_introspection_cpp.dir/rosidl_typesupport_introspection_cpp/srvs/msg/detail/sensor_type__type_support.cpp.o[0m
[2.043s] [ 27%] [32mBuilding CXX object CMakeFiles/srvs__rosidl_typesupport_fastrtps_cpp.dir/rosidl_typesupport_fastrtps_cpp/srvs/msg/detail/dds_fastrtps/sensor_type__type_support.cpp.o[0m
[2.165s] [ 29%] [32mBuilding CXX object CMakeFiles/srvs__rosidl_typesupport_cpp.dir/rosidl_typesupport_cpp/srvs/msg/sensor_status__type_support.cpp.o[0m
[2.184s] [ 31%] [32mBuilding CXX object CMakeFiles/srvs__rosidl_typesupport_fastrtps_c.dir/rosidl_typesupport_fastrtps_c/srvs/msg/detail/sensor_type__type_support_c.cpp.o[0m
[2.281s] [ 34%] [32mBuilding CXX object CMakeFiles/srvs__rosidl_typesupport_introspection_cpp.dir/rosidl_typesupport_introspection_cpp/srvs/msg/detail/sensor_status__type_support.cpp.o[0m
[2.315s] [ 36%] [32mBuilding CXX object CMakeFiles/srvs__rosidl_typesupport_fastrtps_cpp.dir/rosidl_typesupport_fastrtps_cpp/srvs/msg/detail/dds_fastrtps/sensor_status__type_support.cpp.o[0m
[2.342s] [ 38%] [32mBuilding CXX object CMakeFiles/srvs__rosidl_typesupport_cpp.dir/rosidl_typesupport_cpp/srvs/srv/get_sensor_status_list__type_support.cpp.o[0m
[2.398s] [ 40%] [32mBuilding CXX object CMakeFiles/srvs__rosidl_typesupport_fastrtps_c.dir/rosidl_typesupport_fastrtps_c/srvs/msg/detail/sensor_status__type_support_c.cpp.o[0m
[2.533s] [ 42%] [32m[1mLinking CXX shared library libsrvs__rosidl_typesupport_cpp.so[0m
[2.534s] [ 44%] [32mBuilding CXX object CMakeFiles/srvs__rosidl_typesupport_introspection_cpp.dir/rosidl_typesupport_introspection_cpp/srvs/srv/detail/get_sensor_status_list__type_support.cpp.o[0m
[2.571s] [ 44%] Built target srvs__rosidl_typesupport_cpp
[2.581s] [ 46%] [34m[1mGenerating C introspection for ROS interfaces[0m
[2.605s] [ 48%] [32mBuilding CXX object CMakeFiles/srvs__rosidl_typesupport_fastrtps_cpp.dir/rosidl_typesupport_fastrtps_cpp/srvs/srv/detail/dds_fastrtps/get_sensor_status_list__type_support.cpp.o[0m
[2.647s] [ 51%] [32mBuilding CXX object CMakeFiles/srvs__rosidl_typesupport_fastrtps_c.dir/rosidl_typesupport_fastrtps_c/srvs/srv/detail/get_sensor_status_list__type_support_c.cpp.o[0m
[2.823s] [ 53%] [32m[1mLinking CXX shared library libsrvs__rosidl_typesupport_introspection_cpp.so[0m
[2.872s] [ 53%] Built target srvs__rosidl_typesupport_introspection_cpp
[2.878s] [ 57%] [32mBuilding C object CMakeFiles/srvs__rosidl_typesupport_introspection_c.dir/rosidl_typesupport_introspection_c/srvs/msg/detail/sensor_type__type_support.c.o[0m
[2.878s] [ 57%] [34m[1mGenerating C type support dispatch for ROS interfaces[0m
[2.891s] [ 59%] [32m[1mLinking CXX shared library libsrvs__rosidl_typesupport_fastrtps_c.so[0m
[2.917s] [ 61%] [32m[1mLinking CXX shared library libsrvs__rosidl_typesupport_fastrtps_cpp.so[0m
[2.921s] [ 63%] [32mBuilding C object CMakeFiles/srvs__rosidl_typesupport_introspection_c.dir/rosidl_typesupport_introspection_c/srvs/msg/detail/sensor_status__type_support.c.o[0m
[2.939s] [ 63%] Built target srvs__rosidl_typesupport_fastrtps_c
[2.945s] [ 65%] [32mBuilding C object CMakeFiles/srvs__rosidl_typesupport_introspection_c.dir/rosidl_typesupport_introspection_c/srvs/srv/detail/get_sensor_status_list__type_support.c.o[0m
[2.969s] [ 65%] Built target srvs__rosidl_typesupport_fastrtps_cpp
[2.975s] [ 68%] [32m[1mLinking C shared library libsrvs__rosidl_typesupport_introspection_c.so[0m
[2.993s] [ 68%] Built target srvs__rosidl_typesupport_introspection_c
[3.103s] [ 70%] [32mBuilding CXX object CMakeFiles/srvs__rosidl_typesupport_c.dir/rosidl_typesupport_c/srvs/msg/sensor_type__type_support.cpp.o[0m
[3.103s] [ 74%] [32mBuilding CXX object CMakeFiles/srvs__rosidl_typesupport_c.dir/rosidl_typesupport_c/srvs/msg/sensor_status__type_support.cpp.o[0m
[3.103s] [ 74%] [32mBuilding CXX object CMakeFiles/srvs__rosidl_typesupport_c.dir/rosidl_typesupport_c/srvs/srv/get_sensor_status_list__type_support.cpp.o[0m
[3.126s] [ 76%] [32m[1mLinking CXX shared library libsrvs__rosidl_typesupport_c.so[0m
[3.152s] [ 76%] Built target srvs__rosidl_typesupport_c
[3.164s] [ 76%] Built target srvs
[3.175s] [ 78%] [34m[1mGenerating Python code for ROS interfaces[0m
[3.583s] [ 78%] Built target srvs__py
[3.594s] [ 80%] [32mBuilding C object CMakeFiles/srvs__rosidl_generator_py.dir/rosidl_generator_py/srvs/msg/_sensor_type_s.c.o[0m
[3.594s] [ 82%] [32mBuilding C object CMakeFiles/srvs__rosidl_generator_py.dir/rosidl_generator_py/srvs/msg/_sensor_status_s.c.o[0m
[3.594s] [ 85%] [32mBuilding C object CMakeFiles/srvs__rosidl_generator_py.dir/rosidl_generator_py/srvs/srv/_get_sensor_status_list_s.c.o[0m
[3.672s] [ 87%] [32m[1mLinking C shared library rosidl_generator_py/srvs/libsrvs__rosidl_generator_py.so[0m
[3.696s] [ 87%] Built target srvs__rosidl_generator_py
[3.708s] [ 89%] [32mBuilding C object CMakeFiles/srvs__rosidl_typesupport_fastrtps_c__pyext.dir/rosidl_generator_py/srvs/_srvs_s.ep.rosidl_typesupport_fastrtps_c.c.o[0m
[3.708s] [ 93%] [32mBuilding C object CMakeFiles/srvs__rosidl_typesupport_c__pyext.dir/rosidl_generator_py/srvs/_srvs_s.ep.rosidl_typesupport_c.c.o[0m
[3.708s] [ 93%] [32mBuilding C object CMakeFiles/srvs__rosidl_typesupport_introspection_c__pyext.dir/rosidl_generator_py/srvs/_srvs_s.ep.rosidl_typesupport_introspection_c.c.o[0m
[3.781s] [ 95%] [32m[1mLinking C shared library rosidl_generator_py/srvs/srvs_s__rosidl_typesupport_c.cpython-310-aarch64-linux-gnu.so[0m
[3.781s] [ 97%] [32m[1mLinking C shared library rosidl_generator_py/srvs/srvs_s__rosidl_typesupport_introspection_c.cpython-310-aarch64-linux-gnu.so[0m
[3.784s] [100%] [32m[1mLinking C shared library rosidl_generator_py/srvs/srvs_s__rosidl_typesupport_fastrtps_c.cpython-310-aarch64-linux-gnu.so[0m
[3.802s] [100%] Built target srvs__rosidl_typesupport_c__pyext
[3.802s] [100%] Built target srvs__rosidl_typesupport_introspection_c__pyext
[3.805s] [100%] Built target srvs__rosidl_typesupport_fastrtps_c__pyext
[3.812s] Invoked command in '/root/ros2_ws/build/srvs' returned '0': /usr/bin/cmake --build /root/ros2_ws/build/srvs -- -j4 -l4
[3.921s] Invoking command in '/root/ros2_ws/build/srvs': /usr/bin/cmake --install /root/ros2_ws/build/srvs
[3.925s] -- Install configuration: ""
[3.925s] -- Installing: /root/ros2_ws/install/srvs/share/ament_index/resource_index/rosidl_interfaces/srvs
[3.925s] -- Installing: /root/ros2_ws/install/srvs/include/srvs/srvs
[3.926s] -- Installing: /root/ros2_ws/install/srvs/include/srvs/srvs/msg
[3.926s] -- Installing: /root/ros2_ws/install/srvs/include/srvs/srvs/msg/sensor_status.h
[3.926s] -- Installing: /root/ros2_ws/install/srvs/include/srvs/srvs/msg/detail
[3.926s] -- Installing: /root/ros2_ws/install/srvs/include/srvs/srvs/msg/detail/sensor_status__functions.c
[3.926s] -- Installing: /root/ros2_ws/install/srvs/include/srvs/srvs/msg/detail/sensor_status__type_support.h
[3.926s] -- Installing: /root/ros2_ws/install/srvs/include/srvs/srvs/msg/detail/sensor_type__functions.h
[3.926s] -- Installing: /root/ros2_ws/install/srvs/include/srvs/srvs/msg/detail/sensor_type__struct.h
[3.926s] -- Installing: /root/ros2_ws/install/srvs/include/srvs/srvs/msg/detail/sensor_status__struct.h
[3.926s] -- Installing: /root/ros2_ws/install/srvs/include/srvs/srvs/msg/detail/sensor_status__functions.h
[3.927s] -- Installing: /root/ros2_ws/install/srvs/include/srvs/srvs/msg/detail/sensor_type__type_support.h
[3.927s] -- Installing: /root/ros2_ws/install/srvs/include/srvs/srvs/msg/detail/sensor_type__functions.c
[3.927s] -- Installing: /root/ros2_ws/install/srvs/include/srvs/srvs/msg/sensor_type.h
[3.927s] -- Installing: /root/ros2_ws/install/srvs/include/srvs/srvs/msg/rosidl_generator_c__visibility_control.h
[3.927s] -- Installing: /root/ros2_ws/install/srvs/include/srvs/srvs/srv
[3.927s] -- Installing: /root/ros2_ws/install/srvs/include/srvs/srvs/srv/detail
[3.927s] -- Installing: /root/ros2_ws/install/srvs/include/srvs/srvs/srv/detail/get_sensor_status_list__functions.h
[3.928s] -- Installing: /root/ros2_ws/install/srvs/include/srvs/srvs/srv/detail/get_sensor_status_list__struct.h
[3.928s] -- Installing: /root/ros2_ws/install/srvs/include/srvs/srvs/srv/detail/get_sensor_status_list__functions.c
[3.928s] -- Installing: /root/ros2_ws/install/srvs/include/srvs/srvs/srv/detail/get_sensor_status_list__type_support.h
[3.928s] -- Installing: /root/ros2_ws/install/srvs/include/srvs/srvs/srv/get_sensor_status_list.h
[3.928s] -- Installing: /root/ros2_ws/install/srvs/share/srvs/environment/library_path.sh
[3.928s] -- Installing: /root/ros2_ws/install/srvs/share/srvs/environment/library_path.dsv
[3.928s] -- Installing: /root/ros2_ws/install/srvs/lib/libsrvs__rosidl_generator_c.so
[3.929s] -- Set runtime path of "/root/ros2_ws/install/srvs/lib/libsrvs__rosidl_generator_c.so" to ""
[3.929s] -- Up-to-date: /root/ros2_ws/install/srvs/include/srvs/srvs
[3.929s] -- Up-to-date: /root/ros2_ws/install/srvs/include/srvs/srvs/msg
[3.929s] -- Up-to-date: /root/ros2_ws/install/srvs/include/srvs/srvs/msg/detail
[3.929s] -- Installing: /root/ros2_ws/install/srvs/include/srvs/srvs/msg/detail/sensor_type__rosidl_typesupport_fastrtps_c.h
[3.929s] -- Installing: /root/ros2_ws/install/srvs/include/srvs/srvs/msg/detail/sensor_status__rosidl_typesupport_fastrtps_c.h
[3.929s] -- Installing: /root/ros2_ws/install/srvs/include/srvs/srvs/msg/rosidl_typesupport_fastrtps_c__visibility_control.h
[3.929s] -- Up-to-date: /root/ros2_ws/install/srvs/include/srvs/srvs/srv
[3.929s] -- Up-to-date: /root/ros2_ws/install/srvs/include/srvs/srvs/srv/detail
[3.929s] -- Installing: /root/ros2_ws/install/srvs/include/srvs/srvs/srv/detail/get_sensor_status_list__rosidl_typesupport_fastrtps_c.h
[3.929s] -- Installing: /root/ros2_ws/install/srvs/lib/libsrvs__rosidl_typesupport_fastrtps_c.so
[3.930s] -- Set runtime path of "/root/ros2_ws/install/srvs/lib/libsrvs__rosidl_typesupport_fastrtps_c.so" to ""
[3.930s] -- Up-to-date: /root/ros2_ws/install/srvs/include/srvs/srvs
[3.930s] -- Up-to-date: /root/ros2_ws/install/srvs/include/srvs/srvs/msg
[3.930s] -- Up-to-date: /root/ros2_ws/install/srvs/include/srvs/srvs/msg/detail
[3.930s] -- Installing: /root/ros2_ws/install/srvs/include/srvs/srvs/msg/detail/sensor_status__traits.hpp
[3.930s] -- Installing: /root/ros2_ws/install/srvs/include/srvs/srvs/msg/detail/sensor_type__builder.hpp
[3.930s] -- Installing: /root/ros2_ws/install/srvs/include/srvs/srvs/msg/detail/sensor_type__traits.hpp
[3.930s] -- Installing: /root/ros2_ws/install/srvs/include/srvs/srvs/msg/detail/sensor_type__struct.hpp
[3.930s] -- Installing: /root/ros2_ws/install/srvs/include/srvs/srvs/msg/detail/sensor_status__struct.hpp
[3.930s] -- Installing: /root/ros2_ws/install/srvs/include/srvs/srvs/msg/detail/sensor_status__builder.hpp
[3.931s] -- Installing: /root/ros2_ws/install/srvs/include/srvs/srvs/msg/sensor_status.hpp
[3.931s] -- Installing: /root/ros2_ws/install/srvs/include/srvs/srvs/msg/sensor_type.hpp
[3.931s] -- Up-to-date: /root/ros2_ws/install/srvs/include/srvs/srvs/srv
[3.931s] -- Up-to-date: /root/ros2_ws/install/srvs/include/srvs/srvs/srv/detail
[3.931s] -- Installing: /root/ros2_ws/install/srvs/include/srvs/srvs/srv/detail/get_sensor_status_list__struct.hpp
[3.931s] -- Installing: /root/ros2_ws/install/srvs/include/srvs/srvs/srv/detail/get_sensor_status_list__traits.hpp
[3.931s] -- Installing: /root/ros2_ws/install/srvs/include/srvs/srvs/srv/detail/get_sensor_status_list__builder.hpp
[3.931s] -- Installing: /root/ros2_ws/install/srvs/include/srvs/srvs/srv/get_sensor_status_list.hpp
[3.931s] -- Up-to-date: /root/ros2_ws/install/srvs/include/srvs/srvs
[3.932s] -- Up-to-date: /root/ros2_ws/install/srvs/include/srvs/srvs/msg
[3.932s] -- Up-to-date: /root/ros2_ws/install/srvs/include/srvs/srvs/msg/detail
[3.932s] -- Installing: /root/ros2_ws/install/srvs/include/srvs/srvs/msg/detail/sensor_type__rosidl_typesupport_fastrtps_cpp.hpp
[3.932s] -- Installing: /root/ros2_ws/install/srvs/include/srvs/srvs/msg/detail/sensor_status__rosidl_typesupport_fastrtps_cpp.hpp
[3.932s] -- Installing: /root/ros2_ws/install/srvs/include/srvs/srvs/msg/detail/dds_fastrtps
[3.932s] -- Installing: /root/ros2_ws/install/srvs/include/srvs/srvs/msg/rosidl_typesupport_fastrtps_cpp__visibility_control.h
[3.932s] -- Up-to-date: /root/ros2_ws/install/srvs/include/srvs/srvs/srv
[3.933s] -- Up-to-date: /root/ros2_ws/install/srvs/include/srvs/srvs/srv/detail
[3.933s] -- Installing: /root/ros2_ws/install/srvs/include/srvs/srvs/srv/detail/dds_fastrtps
[3.933s] -- Installing: /root/ros2_ws/install/srvs/include/srvs/srvs/srv/detail/get_sensor_status_list__rosidl_typesupport_fastrtps_cpp.hpp
[3.933s] -- Installing: /root/ros2_ws/install/srvs/lib/libsrvs__rosidl_typesupport_fastrtps_cpp.so
[3.933s] -- Set runtime path of "/root/ros2_ws/install/srvs/lib/libsrvs__rosidl_typesupport_fastrtps_cpp.so" to ""
[3.933s] -- Up-to-date: /root/ros2_ws/install/srvs/include/srvs/srvs
[3.933s] -- Up-to-date: /root/ros2_ws/install/srvs/include/srvs/srvs/msg
[3.933s] -- Up-to-date: /root/ros2_ws/install/srvs/include/srvs/srvs/msg/detail
[3.933s] -- Installing: /root/ros2_ws/install/srvs/include/srvs/srvs/msg/detail/sensor_type__rosidl_typesupport_introspection_c.h
[3.933s] -- Installing: /root/ros2_ws/install/srvs/include/srvs/srvs/msg/detail/sensor_status__rosidl_typesupport_introspection_c.h
[3.933s] -- Installing: /root/ros2_ws/install/srvs/include/srvs/srvs/msg/detail/sensor_type__type_support.c
[3.933s] -- Installing: /root/ros2_ws/install/srvs/include/srvs/srvs/msg/detail/sensor_status__type_support.c
[3.933s] -- Installing: /root/ros2_ws/install/srvs/include/srvs/srvs/msg/rosidl_typesupport_introspection_c__visibility_control.h
[3.933s] -- Up-to-date: /root/ros2_ws/install/srvs/include/srvs/srvs/srv
[3.933s] -- Up-to-date: /root/ros2_ws/install/srvs/include/srvs/srvs/srv/detail
[3.934s] -- Installing: /root/ros2_ws/install/srvs/include/srvs/srvs/srv/detail/get_sensor_status_list__rosidl_typesupport_introspection_c.h
[3.934s] -- Installing: /root/ros2_ws/install/srvs/include/srvs/srvs/srv/detail/get_sensor_status_list__type_support.c
[3.934s] -- Installing: /root/ros2_ws/install/srvs/lib/libsrvs__rosidl_typesupport_introspection_c.so
[3.934s] -- Set runtime path of "/root/ros2_ws/install/srvs/lib/libsrvs__rosidl_typesupport_introspection_c.so" to ""
[3.934s] -- Installing: /root/ros2_ws/install/srvs/lib/libsrvs__rosidl_typesupport_c.so
[3.934s] -- Set runtime path of "/root/ros2_ws/install/srvs/lib/libsrvs__rosidl_typesupport_c.so" to ""
[3.934s] -- Up-to-date: /root/ros2_ws/install/srvs/include/srvs/srvs
[3.935s] -- Up-to-date: /root/ros2_ws/install/srvs/include/srvs/srvs/msg
[3.935s] -- Up-to-date: /root/ros2_ws/install/srvs/include/srvs/srvs/msg/detail
[3.935s] -- Installing: /root/ros2_ws/install/srvs/include/srvs/srvs/msg/detail/sensor_type__type_support.cpp
[3.935s] -- Installing: /root/ros2_ws/install/srvs/include/srvs/srvs/msg/detail/sensor_status__type_support.cpp
[3.935s] -- Installing: /root/ros2_ws/install/srvs/include/srvs/srvs/msg/detail/sensor_status__rosidl_typesupport_introspection_cpp.hpp
[3.935s] -- Installing: /root/ros2_ws/install/srvs/include/srvs/srvs/msg/detail/sensor_type__rosidl_typesupport_introspection_cpp.hpp
[3.935s] -- Up-to-date: /root/ros2_ws/install/srvs/include/srvs/srvs/srv
[3.935s] -- Up-to-date: /root/ros2_ws/install/srvs/include/srvs/srvs/srv/detail
[3.935s] -- Installing: /root/ros2_ws/install/srvs/include/srvs/srvs/srv/detail/get_sensor_status_list__type_support.cpp
[3.935s] -- Installing: /root/ros2_ws/install/srvs/include/srvs/srvs/srv/detail/get_sensor_status_list__rosidl_typesupport_introspection_cpp.hpp
[3.935s] -- Installing: /root/ros2_ws/install/srvs/lib/libsrvs__rosidl_typesupport_introspection_cpp.so
[3.936s] -- Set runtime path of "/root/ros2_ws/install/srvs/lib/libsrvs__rosidl_typesupport_introspection_cpp.so" to ""
[3.936s] -- Installing: /root/ros2_ws/install/srvs/lib/libsrvs__rosidl_typesupport_cpp.so
[3.936s] -- Set runtime path of "/root/ros2_ws/install/srvs/lib/libsrvs__rosidl_typesupport_cpp.so" to ""
[3.936s] -- Installing: /root/ros2_ws/install/srvs/share/srvs/environment/pythonpath.sh
[3.936s] -- Installing: /root/ros2_ws/install/srvs/share/srvs/environment/pythonpath.dsv
[3.936s] -- Installing: /root/ros2_ws/install/srvs/local/lib/python3.10/dist-packages/srvs-0.0.0-py3.10.egg-info
[3.936s] -- Installing: /root/ros2_ws/install/srvs/local/lib/python3.10/dist-packages/srvs-0.0.0-py3.10.egg-info/PKG-INFO
[3.936s] -- Installing: /root/ros2_ws/install/srvs/local/lib/python3.10/dist-packages/srvs-0.0.0-py3.10.egg-info/SOURCES.txt
[3.937s] -- Installing: /root/ros2_ws/install/srvs/local/lib/python3.10/dist-packages/srvs-0.0.0-py3.10.egg-info/dependency_links.txt
[3.937s] -- Installing: /root/ros2_ws/install/srvs/local/lib/python3.10/dist-packages/srvs-0.0.0-py3.10.egg-info/top_level.txt
[3.937s] -- Installing: /root/ros2_ws/install/srvs/local/lib/python3.10/dist-packages/srvs
[3.937s] -- Installing: /root/ros2_ws/install/srvs/local/lib/python3.10/dist-packages/srvs/srvs_s__rosidl_typesupport_fastrtps_c.cpython-310-aarch64-linux-gnu.so
[3.937s] -- Installing: /root/ros2_ws/install/srvs/local/lib/python3.10/dist-packages/srvs/_srvs_s.ep.rosidl_typesupport_introspection_c.c
[3.937s] -- Installing: /root/ros2_ws/install/srvs/local/lib/python3.10/dist-packages/srvs/_srvs_s.ep.rosidl_typesupport_c.c
[3.937s] -- Installing: /root/ros2_ws/install/srvs/local/lib/python3.10/dist-packages/srvs/msg
[3.937s] -- Installing: /root/ros2_ws/install/srvs/local/lib/python3.10/dist-packages/srvs/msg/_sensor_status_s.c
[3.938s] -- Installing: /root/ros2_ws/install/srvs/local/lib/python3.10/dist-packages/srvs/msg/_sensor_type.py
[3.938s] -- Installing: /root/ros2_ws/install/srvs/local/lib/python3.10/dist-packages/srvs/msg/_sensor_type_s.c
[3.938s] -- Installing: /root/ros2_ws/install/srvs/local/lib/python3.10/dist-packages/srvs/msg/__init__.py
[3.938s] -- Installing: /root/ros2_ws/install/srvs/local/lib/python3.10/dist-packages/srvs/msg/_sensor_status.py
[3.938s] -- Installing: /root/ros2_ws/install/srvs/local/lib/python3.10/dist-packages/srvs/srv
[3.938s] -- Installing: /root/ros2_ws/install/srvs/local/lib/python3.10/dist-packages/srvs/srv/__init__.py
[3.938s] -- Installing: /root/ros2_ws/install/srvs/local/lib/python3.10/dist-packages/srvs/srv/_get_sensor_status_list_s.c
[3.938s] -- Installing: /root/ros2_ws/install/srvs/local/lib/python3.10/dist-packages/srvs/srv/_get_sensor_status_list.py
[3.938s] -- Installing: /root/ros2_ws/install/srvs/local/lib/python3.10/dist-packages/srvs/libsrvs__rosidl_generator_py.so
[3.938s] -- Installing: /root/ros2_ws/install/srvs/local/lib/python3.10/dist-packages/srvs/__init__.py
[3.939s] -- Installing: /root/ros2_ws/install/srvs/local/lib/python3.10/dist-packages/srvs/srvs_s__rosidl_typesupport_introspection_c.cpython-310-aarch64-linux-gnu.so
[3.939s] -- Installing: /root/ros2_ws/install/srvs/local/lib/python3.10/dist-packages/srvs/srvs_s__rosidl_typesupport_c.cpython-310-aarch64-linux-gnu.so
[3.939s] -- Installing: /root/ros2_ws/install/srvs/local/lib/python3.10/dist-packages/srvs/_srvs_s.ep.rosidl_typesupport_fastrtps_c.c
[3.964s] Listing '/root/ros2_ws/install/srvs/local/lib/python3.10/dist-packages/srvs'...
[3.964s] Compiling '/root/ros2_ws/install/srvs/local/lib/python3.10/dist-packages/srvs/__init__.py'...
[3.964s] Listing '/root/ros2_ws/install/srvs/local/lib/python3.10/dist-packages/srvs/msg'...
[3.964s] Compiling '/root/ros2_ws/install/srvs/local/lib/python3.10/dist-packages/srvs/msg/__init__.py'...
[3.964s] Compiling '/root/ros2_ws/install/srvs/local/lib/python3.10/dist-packages/srvs/msg/_sensor_status.py'...
[3.964s] Compiling '/root/ros2_ws/install/srvs/local/lib/python3.10/dist-packages/srvs/msg/_sensor_type.py'...
[3.964s] Listing '/root/ros2_ws/install/srvs/local/lib/python3.10/dist-packages/srvs/srv'...
[3.964s] Compiling '/root/ros2_ws/install/srvs/local/lib/python3.10/dist-packages/srvs/srv/__init__.py'...
[3.965s] Compiling '/root/ros2_ws/install/srvs/local/lib/python3.10/dist-packages/srvs/srv/_get_sensor_status_list.py'...
[3.968s] -- Installing: /root/ros2_ws/install/srvs/local/lib/python3.10/dist-packages/srvs/srvs_s__rosidl_typesupport_fastrtps_c.cpython-310-aarch64-linux-gnu.so
[3.969s] -- Set runtime path of "/root/ros2_ws/install/srvs/local/lib/python3.10/dist-packages/srvs/srvs_s__rosidl_typesupport_fastrtps_c.cpython-310-aarch64-linux-gnu.so" to ""
[3.969s] -- Installing: /root/ros2_ws/install/srvs/local/lib/python3.10/dist-packages/srvs/srvs_s__rosidl_typesupport_introspection_c.cpython-310-aarch64-linux-gnu.so
[3.969s] -- Set runtime path of "/root/ros2_ws/install/srvs/local/lib/python3.10/dist-packages/srvs/srvs_s__rosidl_typesupport_introspection_c.cpython-310-aarch64-linux-gnu.so" to ""
[3.969s] -- Installing: /root/ros2_ws/install/srvs/local/lib/python3.10/dist-packages/srvs/srvs_s__rosidl_typesupport_c.cpython-310-aarch64-linux-gnu.so
[3.969s] -- Set runtime path of "/root/ros2_ws/install/srvs/local/lib/python3.10/dist-packages/srvs/srvs_s__rosidl_typesupport_c.cpython-310-aarch64-linux-gnu.so" to ""
[3.969s] -- Installing: /root/ros2_ws/install/srvs/lib/libsrvs__rosidl_generator_py.so
[3.970s] -- Set runtime path of "/root/ros2_ws/install/srvs/lib/libsrvs__rosidl_generator_py.so" to ""
[3.970s] -- Installing: /root/ros2_ws/install/srvs/share/srvs/msg/SensorType.idl
[3.970s] -- Installing: /root/ros2_ws/install/srvs/share/srvs/msg/SensorStatus.idl
[3.970s] -- Installing: /root/ros2_ws/install/srvs/share/srvs/srv/GetSensorStatusList.idl
[3.970s] -- Installing: /root/ros2_ws/install/srvs/share/srvs/msg/SensorType.msg
[3.970s] -- Installing: /root/ros2_ws/install/srvs/share/srvs/msg/SensorStatus.msg
[3.970s] -- Installing: /root/ros2_ws/install/srvs/share/srvs/srv/GetSensorStatusList.srv
[3.971s] -- Installing: /root/ros2_ws/install/srvs/share/srvs/srv/GetSensorStatusList_Request.msg
[3.971s] -- Installing: /root/ros2_ws/install/srvs/share/srvs/srv/GetSensorStatusList_Response.msg
[3.971s] -- Installing: /root/ros2_ws/install/srvs/share/ament_index/resource_index/package_run_dependencies/srvs
[3.971s] -- Installing: /root/ros2_ws/install/srvs/share/ament_index/resource_index/parent_prefix_path/srvs
[3.971s] -- Installing: /root/ros2_ws/install/srvs/share/srvs/environment/ament_prefix_path.sh
[3.971s] -- Installing: /root/ros2_ws/install/srvs/share/srvs/environment/ament_prefix_path.dsv
[3.971s] -- Installing: /root/ros2_ws/install/srvs/share/srvs/environment/path.sh
[3.971s] -- Installing: /root/ros2_ws/install/srvs/share/srvs/environment/path.dsv
[3.972s] -- Installing: /root/ros2_ws/install/srvs/share/srvs/local_setup.bash
[3.972s] -- Installing: /root/ros2_ws/install/srvs/share/srvs/local_setup.sh
[3.972s] -- Installing: /root/ros2_ws/install/srvs/share/srvs/local_setup.zsh
[3.972s] -- Installing: /root/ros2_ws/install/srvs/share/srvs/local_setup.dsv
[3.972s] -- Installing: /root/ros2_ws/install/srvs/share/srvs/package.dsv
[3.972s] -- Installing: /root/ros2_ws/install/srvs/share/ament_index/resource_index/packages/srvs
[3.972s] -- Installing: /root/ros2_ws/install/srvs/share/srvs/cmake/export_srvs__rosidl_generator_cExport.cmake
[3.973s] -- Installing: /root/ros2_ws/install/srvs/share/srvs/cmake/export_srvs__rosidl_generator_cExport-noconfig.cmake
[3.973s] -- Installing: /root/ros2_ws/install/srvs/share/srvs/cmake/export_srvs__rosidl_typesupport_fastrtps_cExport.cmake
[3.973s] -- Installing: /root/ros2_ws/install/srvs/share/srvs/cmake/export_srvs__rosidl_typesupport_fastrtps_cExport-noconfig.cmake
[3.973s] -- Installing: /root/ros2_ws/install/srvs/share/srvs/cmake/export_srvs__rosidl_generator_cppExport.cmake
[3.973s] -- Installing: /root/ros2_ws/install/srvs/share/srvs/cmake/export_srvs__rosidl_typesupport_fastrtps_cppExport.cmake
[3.973s] -- Installing: /root/ros2_ws/install/srvs/share/srvs/cmake/export_srvs__rosidl_typesupport_fastrtps_cppExport-noconfig.cmake
[3.973s] -- Installing: /root/ros2_ws/install/srvs/share/srvs/cmake/srvs__rosidl_typesupport_introspection_cExport.cmake
[3.973s] -- Installing: /root/ros2_ws/install/srvs/share/srvs/cmake/srvs__rosidl_typesupport_introspection_cExport-noconfig.cmake
[3.974s] -- Installing: /root/ros2_ws/install/srvs/share/srvs/cmake/srvs__rosidl_typesupport_cExport.cmake
[3.974s] -- Installing: /root/ros2_ws/install/srvs/share/srvs/cmake/srvs__rosidl_typesupport_cExport-noconfig.cmake
[3.974s] -- Installing: /root/ros2_ws/install/srvs/share/srvs/cmake/srvs__rosidl_typesupport_introspection_cppExport.cmake
[3.974s] -- Installing: /root/ros2_ws/install/srvs/share/srvs/cmake/srvs__rosidl_typesupport_introspection_cppExport-noconfig.cmake
[3.974s] -- Installing: /root/ros2_ws/install/srvs/share/srvs/cmake/srvs__rosidl_typesupport_cppExport.cmake
[3.974s] -- Installing: /root/ros2_ws/install/srvs/share/srvs/cmake/srvs__rosidl_typesupport_cppExport-noconfig.cmake
[3.974s] -- Installing: /root/ros2_ws/install/srvs/share/srvs/cmake/export_srvs__rosidl_generator_pyExport.cmake
[3.975s] -- Installing: /root/ros2_ws/install/srvs/share/srvs/cmake/export_srvs__rosidl_generator_pyExport-noconfig.cmake
[3.975s] -- Installing: /root/ros2_ws/install/srvs/share/srvs/cmake/rosidl_cmake-extras.cmake
[3.975s] -- Installing: /root/ros2_ws/install/srvs/share/srvs/cmake/ament_cmake_export_include_directories-extras.cmake
[3.975s] -- Installing: /root/ros2_ws/install/srvs/share/srvs/cmake/ament_cmake_export_libraries-extras.cmake
[3.975s] -- Installing: /root/ros2_ws/install/srvs/share/srvs/cmake/ament_cmake_export_targets-extras.cmake
[3.975s] -- Installing: /root/ros2_ws/install/srvs/share/srvs/cmake/rosidl_cmake_export_typesupport_targets-extras.cmake
[3.975s] -- Installing: /root/ros2_ws/install/srvs/share/srvs/cmake/ament_cmake_export_dependencies-extras.cmake
[3.975s] -- Installing: /root/ros2_ws/install/srvs/share/srvs/cmake/rosidl_cmake_export_typesupport_libraries-extras.cmake
[3.976s] -- Installing: /root/ros2_ws/install/srvs/share/srvs/cmake/srvsConfig.cmake
[3.976s] -- Installing: /root/ros2_ws/install/srvs/share/srvs/cmake/srvsConfig-version.cmake
[3.976s] -- Installing: /root/ros2_ws/install/srvs/share/srvs/package.xml
[3.978s] Invoked command in '/root/ros2_ws/build/srvs' returned '0': /usr/bin/cmake --install /root/ros2_ws/build/srvs
