[0.008s] Invoking command in '/root/ros2_ws/build/srvs': /usr/bin/cmake /root/ros2_ws/src/srvs -DCATKIN_INSTALL_INTO_PREFIX_ROOT=0 -DCMAKE_INSTALL_PREFIX=/root/ros2_ws/install/srvs
[0.058s] -- The C compiler identification is GNU 11.4.0
[0.101s] -- The CXX compiler identification is GNU 11.4.0
[0.106s] -- Detecting C compiler ABI info
[0.158s] -- Detecting C compiler ABI info - done
[0.164s] -- Check for working C compiler: /usr/bin/cc - skipped
[0.164s] -- Detecting C compile features
[0.165s] -- Detecting C compile features - done
[0.167s] -- Detecting CXX compiler ABI info
[0.219s] -- Detecting CXX compiler ABI info - done
[0.225s] -- Check for working CXX compiler: /usr/bin/c++ - skipped
[0.225s] -- Detecting CXX compile features
[0.225s] -- Detecting CXX compile features - done
[0.228s] -- Found ament_cmake: 1.3.10 (/opt/ros/humble/share/ament_cmake/cmake)
[0.316s] -- Found Python3: /usr/bin/python3 (found version "3.10.12") found components: Interpreter 
[0.380s] -- Found rclcpp: 16.0.9 (/opt/ros/humble/share/rclcpp/cmake)
[0.412s] -- Found rosidl_generator_c: 3.1.5 (/opt/ros/humble/share/rosidl_generator_c/cmake)
[0.416s] -- Found rosidl_adapter: 3.1.5 (/opt/ros/humble/share/rosidl_adapter/cmake)
[0.422s] -- Found rosidl_generator_cpp: 3.1.5 (/opt/ros/humble/share/rosidl_generator_cpp/cmake)
[0.432s] -- Using all available rosidl_typesupport_c: rosidl_typesupport_fastrtps_c;rosidl_typesupport_introspection_c
[0.448s] -- Using all available rosidl_typesupport_cpp: rosidl_typesupport_fastrtps_cpp;rosidl_typesupport_introspection_cpp
[0.506s] -- Found rmw_implementation_cmake: 6.1.2 (/opt/ros/humble/share/rmw_implementation_cmake/cmake)
[0.507s] -- Found rmw_fastrtps_cpp: 6.2.6 (/opt/ros/humble/share/rmw_fastrtps_cpp/cmake)
[0.571s] -- Found OpenSSL: /usr/lib/aarch64-linux-gnu/libcrypto.so (found version "3.0.2")  
[0.592s] -- Found FastRTPS: /opt/ros/humble/include  
[0.631s] -- Using RMW implementation 'rmw_fastrtps_cpp' as default
[0.638s] -- Looking for pthread.h
[0.689s] -- Looking for pthread.h - found
[0.690s] -- Performing Test CMAKE_HAVE_LIBC_PTHREAD
[0.737s] -- Performing Test CMAKE_HAVE_LIBC_PTHREAD - Success
[0.738s] -- Found Threads: TRUE  
[0.883s] -- Found rosidl_default_generators: 1.2.0 (/opt/ros/humble/share/rosidl_default_generators/cmake)
[1.060s] -- Found ament_cmake_ros: 0.10.0 (/opt/ros/humble/share/ament_cmake_ros/cmake)
[1.246s] -- Using all available rosidl_typesupport_c: rosidl_typesupport_fastrtps_c;rosidl_typesupport_introspection_c
[1.320s] -- Using all available rosidl_typesupport_cpp: rosidl_typesupport_fastrtps_cpp;rosidl_typesupport_introspection_cpp
[1.332s] -- Found PythonInterp: /usr/bin/python3 (found suitable version "3.10.12", minimum required is "3.6") 
[1.333s] -- Found python_cmake_module: 0.10.0 (/opt/ros/humble/share/python_cmake_module/cmake)
[1.349s] -- Found PythonLibs: /usr/lib/aarch64-linux-gnu/libpython3.10.so (found suitable version "3.10.12", minimum required is "3.5") 
[1.349s] -- Using PYTHON_EXECUTABLE: /usr/bin/python3
[1.349s] -- Using PYTHON_INCLUDE_DIRS: /usr/include/python3.10
[1.349s] -- Using PYTHON_LIBRARIES: /usr/lib/aarch64-linux-gnu/libpython3.10.so
[1.360s] -- Found PythonExtra: .so  
[1.382s] -- Configuring done
[1.406s] -- Generating done
[1.408s] [33mCMake Warning:
[1.408s]   Manually-specified variables were not used by the project:
[1.408s] 
[1.408s]     CATKIN_INSTALL_INTO_PREFIX_ROOT
[1.408s] 
[1.408s] [0m
[1.408s] -- Build files have been written to: /root/ros2_ws/build/srvs
[1.415s] Invoked command in '/root/ros2_ws/build/srvs' returned '0': /usr/bin/cmake /root/ros2_ws/src/srvs -DCATKIN_INSTALL_INTO_PREFIX_ROOT=0 -DCMAKE_INSTALL_PREFIX=/root/ros2_ws/install/srvs
[1.417s] Invoking command in '/root/ros2_ws/build/srvs': /usr/bin/cmake --build /root/ros2_ws/build/srvs -- -j4 -l4
[1.442s] [  2%] [34m[1mGenerating C code for ROS interfaces[0m
[1.452s] [  4%] [34m[1mGenerating C++ code for ROS interfaces[0m
[1.457s] [  4%] Built target ament_cmake_python_copy_srvs
[1.593s] running egg_info
[1.593s] creating srvs.egg-info
[1.593s] writing srvs.egg-info/PKG-INFO
[1.593s] writing dependency_links to srvs.egg-info/dependency_links.txt
[1.593s] writing top-level names to srvs.egg-info/top_level.txt
[1.594s] writing manifest file 'srvs.egg-info/SOURCES.txt'
[1.595s] reading manifest file 'srvs.egg-info/SOURCES.txt'
[1.595s] writing manifest file 'srvs.egg-info/SOURCES.txt'
[1.615s] [  4%] Built target ament_cmake_python_build_srvs_egg
[1.737s] [  4%] Built target srvs__cpp
[1.744s] [  6%] [34m[1mGenerating C++ type support for eProsima Fast-RTPS[0m
[1.757s] [  8%] [34m[1mGenerating C++ type support dispatch for ROS interfaces[0m
[1.758s] [ 10%] [34m[1mGenerating C++ introspection for ROS interfaces[0m
[1.765s] [ 12%] [32mBuilding C object CMakeFiles/srvs__rosidl_generator_c.dir/rosidl_generator_c/srvs/msg/detail/sensor_type__functions.c.o[0m
[1.800s] [ 14%] [32mBuilding C object CMakeFiles/srvs__rosidl_generator_c.dir/rosidl_generator_c/srvs/msg/detail/sensor_status__functions.c.o[0m
[1.837s] [ 17%] [32mBuilding C object CMakeFiles/srvs__rosidl_generator_c.dir/rosidl_generator_c/srvs/srv/detail/get_sensor_status_list__functions.c.o[0m
[1.885s] [ 19%] [32m[1mLinking C shared library libsrvs__rosidl_generator_c.so[0m
[1.908s] [ 19%] Built target srvs__rosidl_generator_c
[1.914s] [ 21%] [34m[1mGenerating C type support for eProsima Fast-RTPS[0m
[1.985s] [ 23%] [32mBuilding CXX object CMakeFiles/srvs__rosidl_typesupport_cpp.dir/rosidl_typesupport_cpp/srvs/msg/sensor_type__type_support.cpp.o[0m
[2.026s] [ 25%] [32mBuilding CXX object CMakeFiles/srvs__rosidl_typesupport_introspection_cpp.dir/rosidl_typesupport_introspection_cpp/srvs/msg/detail/sensor_type__type_support.cpp.o[0m
[2.044s] [ 27%] [32mBuilding CXX object CMakeFiles/srvs__rosidl_typesupport_fastrtps_cpp.dir/rosidl_typesupport_fastrtps_cpp/srvs/msg/detail/dds_fastrtps/sensor_type__type_support.cpp.o[0m
[2.222s] [ 29%] [32mBuilding CXX object CMakeFiles/srvs__rosidl_typesupport_cpp.dir/rosidl_typesupport_cpp/srvs/msg/sensor_status__type_support.cpp.o[0m
[2.270s] [ 31%] [32mBuilding CXX object CMakeFiles/srvs__rosidl_typesupport_fastrtps_c.dir/rosidl_typesupport_fastrtps_c/srvs/msg/detail/sensor_type__type_support_c.cpp.o[0m
[2.363s] [ 34%] [32mBuilding CXX object CMakeFiles/srvs__rosidl_typesupport_introspection_cpp.dir/rosidl_typesupport_introspection_cpp/srvs/msg/detail/sensor_status__type_support.cpp.o[0m
[2.401s] [ 36%] [32mBuilding CXX object CMakeFiles/srvs__rosidl_typesupport_fastrtps_cpp.dir/rosidl_typesupport_fastrtps_cpp/srvs/msg/detail/dds_fastrtps/sensor_status__type_support.cpp.o[0m
[2.432s] [ 38%] [32mBuilding CXX object CMakeFiles/srvs__rosidl_typesupport_cpp.dir/rosidl_typesupport_cpp/srvs/srv/get_sensor_status_list__type_support.cpp.o[0m
[2.523s] [ 40%] [32mBuilding CXX object CMakeFiles/srvs__rosidl_typesupport_fastrtps_c.dir/rosidl_typesupport_fastrtps_c/srvs/msg/detail/sensor_status__type_support_c.cpp.o[0m
[2.625s] [ 42%] [32m[1mLinking CXX shared library libsrvs__rosidl_typesupport_cpp.so[0m
[2.632s] [ 44%] [32mBuilding CXX object CMakeFiles/srvs__rosidl_typesupport_introspection_cpp.dir/rosidl_typesupport_introspection_cpp/srvs/srv/detail/get_sensor_status_list__type_support.cpp.o[0m
[2.654s] [ 44%] Built target srvs__rosidl_typesupport_cpp
[2.661s] [ 46%] [34m[1mGenerating C introspection for ROS interfaces[0m
[2.698s] [ 48%] [32mBuilding CXX object CMakeFiles/srvs__rosidl_typesupport_fastrtps_cpp.dir/rosidl_typesupport_fastrtps_cpp/srvs/srv/detail/dds_fastrtps/get_sensor_status_list__type_support.cpp.o[0m
[2.786s] [ 51%] [32mBuilding CXX object CMakeFiles/srvs__rosidl_typesupport_fastrtps_c.dir/rosidl_typesupport_fastrtps_c/srvs/srv/detail/get_sensor_status_list__type_support_c.cpp.o[0m
[2.925s] [ 53%] [32m[1mLinking CXX shared library libsrvs__rosidl_typesupport_introspection_cpp.so[0m
[2.939s] [ 55%] [32mBuilding C object CMakeFiles/srvs__rosidl_typesupport_introspection_c.dir/rosidl_typesupport_introspection_c/srvs/msg/detail/sensor_type__type_support.c.o[0m
[2.970s] [ 57%] [32mBuilding C object CMakeFiles/srvs__rosidl_typesupport_introspection_c.dir/rosidl_typesupport_introspection_c/srvs/msg/detail/sensor_status__type_support.c.o[0m
[2.975s] [ 57%] Built target srvs__rosidl_typesupport_introspection_cpp
[2.981s] [ 59%] [34m[1mGenerating C type support dispatch for ROS interfaces[0m
[2.997s] [ 61%] [32mBuilding C object CMakeFiles/srvs__rosidl_typesupport_introspection_c.dir/rosidl_typesupport_introspection_c/srvs/srv/detail/get_sensor_status_list__type_support.c.o[0m
[3.024s] [ 63%] [32m[1mLinking CXX shared library libsrvs__rosidl_typesupport_fastrtps_cpp.so[0m
[3.027s] [ 65%] [32m[1mLinking C shared library libsrvs__rosidl_typesupport_introspection_c.so[0m
[3.034s] [ 68%] [32m[1mLinking CXX shared library libsrvs__rosidl_typesupport_fastrtps_c.so[0m
[3.066s] [ 68%] Built target srvs__rosidl_typesupport_introspection_c
[3.072s] [ 68%] Built target srvs__rosidl_typesupport_fastrtps_cpp
[3.086s] [ 68%] Built target srvs__rosidl_typesupport_fastrtps_c
[3.198s] [ 72%] [32mBuilding CXX object CMakeFiles/srvs__rosidl_typesupport_c.dir/rosidl_typesupport_c/srvs/msg/sensor_type__type_support.cpp.o[0m
[3.198s] [ 72%] [32mBuilding CXX object CMakeFiles/srvs__rosidl_typesupport_c.dir/rosidl_typesupport_c/srvs/msg/sensor_status__type_support.cpp.o[0m
[3.198s] [ 74%] [32mBuilding CXX object CMakeFiles/srvs__rosidl_typesupport_c.dir/rosidl_typesupport_c/srvs/srv/get_sensor_status_list__type_support.cpp.o[0m
[3.220s] [ 76%] [32m[1mLinking CXX shared library libsrvs__rosidl_typesupport_c.so[0m
[3.245s] [ 76%] Built target srvs__rosidl_typesupport_c
[3.258s] [ 76%] Built target srvs
[3.269s] [ 78%] [34m[1mGenerating Python code for ROS interfaces[0m
[3.689s] [ 78%] Built target srvs__py
[3.701s] [ 82%] [32mBuilding C object CMakeFiles/srvs__rosidl_generator_py.dir/rosidl_generator_py/srvs/msg/_sensor_type_s.c.o[0m
[3.701s] [ 82%] [32mBuilding C object CMakeFiles/srvs__rosidl_generator_py.dir/rosidl_generator_py/srvs/msg/_sensor_status_s.c.o[0m
[3.701s] [ 85%] [32mBuilding C object CMakeFiles/srvs__rosidl_generator_py.dir/rosidl_generator_py/srvs/srv/_get_sensor_status_list_s.c.o[0m
[3.782s] [ 87%] [32m[1mLinking C shared library rosidl_generator_py/srvs/libsrvs__rosidl_generator_py.so[0m
[3.809s] [ 87%] Built target srvs__rosidl_generator_py
[3.822s] [ 93%] [32mBuilding C object CMakeFiles/srvs__rosidl_typesupport_introspection_c__pyext.dir/rosidl_generator_py/srvs/_srvs_s.ep.rosidl_typesupport_introspection_c.c.o[0m
[3.822s] [ 93%] [32mBuilding C object CMakeFiles/srvs__rosidl_typesupport_fastrtps_c__pyext.dir/rosidl_generator_py/srvs/_srvs_s.ep.rosidl_typesupport_fastrtps_c.c.o[0m
[3.822s] [ 93%] [32mBuilding C object CMakeFiles/srvs__rosidl_typesupport_c__pyext.dir/rosidl_generator_py/srvs/_srvs_s.ep.rosidl_typesupport_c.c.o[0m
[3.897s] [ 95%] [32m[1mLinking C shared library rosidl_generator_py/srvs/srvs_s__rosidl_typesupport_c.cpython-310-aarch64-linux-gnu.so[0m
[3.898s] [ 97%] [32m[1mLinking C shared library rosidl_generator_py/srvs/srvs_s__rosidl_typesupport_introspection_c.cpython-310-aarch64-linux-gnu.so[0m
[3.901s] [100%] [32m[1mLinking C shared library rosidl_generator_py/srvs/srvs_s__rosidl_typesupport_fastrtps_c.cpython-310-aarch64-linux-gnu.so[0m
[3.919s] [100%] Built target srvs__rosidl_typesupport_introspection_c__pyext
[3.919s] [100%] Built target srvs__rosidl_typesupport_c__pyext
[3.923s] [100%] Built target srvs__rosidl_typesupport_fastrtps_c__pyext
[3.931s] Invoked command in '/root/ros2_ws/build/srvs' returned '0': /usr/bin/cmake --build /root/ros2_ws/build/srvs -- -j4 -l4
[4.044s] Invoking command in '/root/ros2_ws/build/srvs': /usr/bin/cmake --install /root/ros2_ws/build/srvs
[4.048s] -- Install configuration: ""
[4.048s] -- Installing: /root/ros2_ws/install/srvs/share/ament_index/resource_index/rosidl_interfaces/srvs
[4.049s] -- Installing: /root/ros2_ws/install/srvs/include/srvs/srvs
[4.049s] -- Installing: /root/ros2_ws/install/srvs/include/srvs/srvs/msg
[4.049s] -- Installing: /root/ros2_ws/install/srvs/include/srvs/srvs/msg/sensor_status.h
[4.049s] -- Installing: /root/ros2_ws/install/srvs/include/srvs/srvs/msg/detail
[4.049s] -- Installing: /root/ros2_ws/install/srvs/include/srvs/srvs/msg/detail/sensor_status__functions.c
[4.053s] -- Installing: /root/ros2_ws/install/srvs/include/srvs/srvs/msg/detail/sensor_status__type_support.h
[4.053s] -- Installing: /root/ros2_ws/install/srvs/include/srvs/srvs/msg/detail/sensor_type__functions.h
[4.053s] -- Installing: /root/ros2_ws/install/srvs/include/srvs/srvs/msg/detail/sensor_type__struct.h
[4.054s] -- Installing: /root/ros2_ws/install/srvs/include/srvs/srvs/msg/detail/sensor_status__struct.h
[4.054s] -- Installing: /root/ros2_ws/install/srvs/include/srvs/srvs/msg/detail/sensor_status__functions.h
[4.054s] -- Installing: /root/ros2_ws/install/srvs/include/srvs/srvs/msg/detail/sensor_type__type_support.h
[4.054s] -- Installing: /root/ros2_ws/install/srvs/include/srvs/srvs/msg/detail/sensor_type__functions.c
[4.054s] -- Installing: /root/ros2_ws/install/srvs/include/srvs/srvs/msg/sensor_type.h
[4.054s] -- Installing: /root/ros2_ws/install/srvs/include/srvs/srvs/msg/rosidl_generator_c__visibility_control.h
[4.054s] -- Installing: /root/ros2_ws/install/srvs/include/srvs/srvs/srv
[4.054s] -- Installing: /root/ros2_ws/install/srvs/include/srvs/srvs/srv/detail
[4.054s] -- Installing: /root/ros2_ws/install/srvs/include/srvs/srvs/srv/detail/get_sensor_status_list__functions.h
[4.054s] -- Installing: /root/ros2_ws/install/srvs/include/srvs/srvs/srv/detail/get_sensor_status_list__struct.h
[4.054s] -- Installing: /root/ros2_ws/install/srvs/include/srvs/srvs/srv/detail/get_sensor_status_list__functions.c
[4.054s] -- Installing: /root/ros2_ws/install/srvs/include/srvs/srvs/srv/detail/get_sensor_status_list__type_support.h
[4.054s] -- Installing: /root/ros2_ws/install/srvs/include/srvs/srvs/srv/get_sensor_status_list.h
[4.054s] -- Installing: /root/ros2_ws/install/srvs/share/srvs/environment/library_path.sh
[4.054s] -- Installing: /root/ros2_ws/install/srvs/share/srvs/environment/library_path.dsv
[4.054s] -- Installing: /root/ros2_ws/install/srvs/lib/libsrvs__rosidl_generator_c.so
[4.055s] -- Set runtime path of "/root/ros2_ws/install/srvs/lib/libsrvs__rosidl_generator_c.so" to ""
[4.055s] -- Up-to-date: /root/ros2_ws/install/srvs/include/srvs/srvs
[4.055s] -- Up-to-date: /root/ros2_ws/install/srvs/include/srvs/srvs/msg
[4.055s] -- Up-to-date: /root/ros2_ws/install/srvs/include/srvs/srvs/msg/detail
[4.055s] -- Installing: /root/ros2_ws/install/srvs/include/srvs/srvs/msg/detail/sensor_type__rosidl_typesupport_fastrtps_c.h
[4.055s] -- Installing: /root/ros2_ws/install/srvs/include/srvs/srvs/msg/detail/sensor_status__rosidl_typesupport_fastrtps_c.h
[4.055s] -- Installing: /root/ros2_ws/install/srvs/include/srvs/srvs/msg/rosidl_typesupport_fastrtps_c__visibility_control.h
[4.055s] -- Up-to-date: /root/ros2_ws/install/srvs/include/srvs/srvs/srv
[4.055s] -- Up-to-date: /root/ros2_ws/install/srvs/include/srvs/srvs/srv/detail
[4.055s] -- Installing: /root/ros2_ws/install/srvs/include/srvs/srvs/srv/detail/get_sensor_status_list__rosidl_typesupport_fastrtps_c.h
[4.055s] -- Installing: /root/ros2_ws/install/srvs/lib/libsrvs__rosidl_typesupport_fastrtps_c.so
[4.055s] -- Set runtime path of "/root/ros2_ws/install/srvs/lib/libsrvs__rosidl_typesupport_fastrtps_c.so" to ""
[4.055s] -- Up-to-date: /root/ros2_ws/install/srvs/include/srvs/srvs
[4.055s] -- Up-to-date: /root/ros2_ws/install/srvs/include/srvs/srvs/msg
[4.055s] -- Up-to-date: /root/ros2_ws/install/srvs/include/srvs/srvs/msg/detail
[4.055s] -- Installing: /root/ros2_ws/install/srvs/include/srvs/srvs/msg/detail/sensor_status__traits.hpp
[4.055s] -- Installing: /root/ros2_ws/install/srvs/include/srvs/srvs/msg/detail/sensor_type__builder.hpp
[4.056s] -- Installing: /root/ros2_ws/install/srvs/include/srvs/srvs/msg/detail/sensor_type__traits.hpp
[4.056s] -- Installing: /root/ros2_ws/install/srvs/include/srvs/srvs/msg/detail/sensor_type__struct.hpp
[4.056s] -- Installing: /root/ros2_ws/install/srvs/include/srvs/srvs/msg/detail/sensor_status__struct.hpp
[4.056s] -- Installing: /root/ros2_ws/install/srvs/include/srvs/srvs/msg/detail/sensor_status__builder.hpp
[4.056s] -- Installing: /root/ros2_ws/install/srvs/include/srvs/srvs/msg/sensor_status.hpp
[4.056s] -- Installing: /root/ros2_ws/install/srvs/include/srvs/srvs/msg/sensor_type.hpp
[4.056s] -- Up-to-date: /root/ros2_ws/install/srvs/include/srvs/srvs/srv
[4.056s] -- Up-to-date: /root/ros2_ws/install/srvs/include/srvs/srvs/srv/detail
[4.056s] -- Installing: /root/ros2_ws/install/srvs/include/srvs/srvs/srv/detail/get_sensor_status_list__struct.hpp
[4.056s] -- Installing: /root/ros2_ws/install/srvs/include/srvs/srvs/srv/detail/get_sensor_status_list__traits.hpp
[4.056s] -- Installing: /root/ros2_ws/install/srvs/include/srvs/srvs/srv/detail/get_sensor_status_list__builder.hpp
[4.056s] -- Installing: /root/ros2_ws/install/srvs/include/srvs/srvs/srv/get_sensor_status_list.hpp
[4.056s] -- Up-to-date: /root/ros2_ws/install/srvs/include/srvs/srvs
[4.056s] -- Up-to-date: /root/ros2_ws/install/srvs/include/srvs/srvs/msg
[4.056s] -- Up-to-date: /root/ros2_ws/install/srvs/include/srvs/srvs/msg/detail
[4.057s] -- Installing: /root/ros2_ws/install/srvs/include/srvs/srvs/msg/detail/sensor_type__rosidl_typesupport_fastrtps_cpp.hpp
[4.057s] -- Installing: /root/ros2_ws/install/srvs/include/srvs/srvs/msg/detail/sensor_status__rosidl_typesupport_fastrtps_cpp.hpp
[4.057s] -- Installing: /root/ros2_ws/install/srvs/include/srvs/srvs/msg/detail/dds_fastrtps
[4.057s] -- Installing: /root/ros2_ws/install/srvs/include/srvs/srvs/msg/rosidl_typesupport_fastrtps_cpp__visibility_control.h
[4.057s] -- Up-to-date: /root/ros2_ws/install/srvs/include/srvs/srvs/srv
[4.057s] -- Up-to-date: /root/ros2_ws/install/srvs/include/srvs/srvs/srv/detail
[4.057s] -- Installing: /root/ros2_ws/install/srvs/include/srvs/srvs/srv/detail/dds_fastrtps
[4.057s] -- Installing: /root/ros2_ws/install/srvs/include/srvs/srvs/srv/detail/get_sensor_status_list__rosidl_typesupport_fastrtps_cpp.hpp
[4.057s] -- Installing: /root/ros2_ws/install/srvs/lib/libsrvs__rosidl_typesupport_fastrtps_cpp.so
[4.057s] -- Set runtime path of "/root/ros2_ws/install/srvs/lib/libsrvs__rosidl_typesupport_fastrtps_cpp.so" to ""
[4.057s] -- Up-to-date: /root/ros2_ws/install/srvs/include/srvs/srvs
[4.057s] -- Up-to-date: /root/ros2_ws/install/srvs/include/srvs/srvs/msg
[4.057s] -- Up-to-date: /root/ros2_ws/install/srvs/include/srvs/srvs/msg/detail
[4.057s] -- Installing: /root/ros2_ws/install/srvs/include/srvs/srvs/msg/detail/sensor_type__rosidl_typesupport_introspection_c.h
[4.058s] -- Installing: /root/ros2_ws/install/srvs/include/srvs/srvs/msg/detail/sensor_status__rosidl_typesupport_introspection_c.h
[4.058s] -- Installing: /root/ros2_ws/install/srvs/include/srvs/srvs/msg/detail/sensor_type__type_support.c
[4.058s] -- Installing: /root/ros2_ws/install/srvs/include/srvs/srvs/msg/detail/sensor_status__type_support.c
[4.058s] -- Installing: /root/ros2_ws/install/srvs/include/srvs/srvs/msg/rosidl_typesupport_introspection_c__visibility_control.h
[4.058s] -- Up-to-date: /root/ros2_ws/install/srvs/include/srvs/srvs/srv
[4.058s] -- Up-to-date: /root/ros2_ws/install/srvs/include/srvs/srvs/srv/detail
[4.058s] -- Installing: /root/ros2_ws/install/srvs/include/srvs/srvs/srv/detail/get_sensor_status_list__rosidl_typesupport_introspection_c.h
[4.058s] -- Installing: /root/ros2_ws/install/srvs/include/srvs/srvs/srv/detail/get_sensor_status_list__type_support.c
[4.058s] -- Installing: /root/ros2_ws/install/srvs/lib/libsrvs__rosidl_typesupport_introspection_c.so
[4.058s] -- Set runtime path of "/root/ros2_ws/install/srvs/lib/libsrvs__rosidl_typesupport_introspection_c.so" to ""
[4.058s] -- Installing: /root/ros2_ws/install/srvs/lib/libsrvs__rosidl_typesupport_c.so
[4.059s] -- Set runtime path of "/root/ros2_ws/install/srvs/lib/libsrvs__rosidl_typesupport_c.so" to ""
[4.059s] -- Up-to-date: /root/ros2_ws/install/srvs/include/srvs/srvs
[4.059s] -- Up-to-date: /root/ros2_ws/install/srvs/include/srvs/srvs/msg
[4.059s] -- Up-to-date: /root/ros2_ws/install/srvs/include/srvs/srvs/msg/detail
[4.059s] -- Installing: /root/ros2_ws/install/srvs/include/srvs/srvs/msg/detail/sensor_type__type_support.cpp
[4.059s] -- Installing: /root/ros2_ws/install/srvs/include/srvs/srvs/msg/detail/sensor_status__type_support.cpp
[4.059s] -- Installing: /root/ros2_ws/install/srvs/include/srvs/srvs/msg/detail/sensor_status__rosidl_typesupport_introspection_cpp.hpp
[4.059s] -- Installing: /root/ros2_ws/install/srvs/include/srvs/srvs/msg/detail/sensor_type__rosidl_typesupport_introspection_cpp.hpp
[4.059s] -- Up-to-date: /root/ros2_ws/install/srvs/include/srvs/srvs/srv
[4.059s] -- Up-to-date: /root/ros2_ws/install/srvs/include/srvs/srvs/srv/detail
[4.059s] -- Installing: /root/ros2_ws/install/srvs/include/srvs/srvs/srv/detail/get_sensor_status_list__type_support.cpp
[4.060s] -- Installing: /root/ros2_ws/install/srvs/include/srvs/srvs/srv/detail/get_sensor_status_list__rosidl_typesupport_introspection_cpp.hpp
[4.060s] -- Installing: /root/ros2_ws/install/srvs/lib/libsrvs__rosidl_typesupport_introspection_cpp.so
[4.060s] -- Set runtime path of "/root/ros2_ws/install/srvs/lib/libsrvs__rosidl_typesupport_introspection_cpp.so" to ""
[4.060s] -- Installing: /root/ros2_ws/install/srvs/lib/libsrvs__rosidl_typesupport_cpp.so
[4.060s] -- Set runtime path of "/root/ros2_ws/install/srvs/lib/libsrvs__rosidl_typesupport_cpp.so" to ""
[4.060s] -- Installing: /root/ros2_ws/install/srvs/share/srvs/environment/pythonpath.sh
[4.060s] -- Installing: /root/ros2_ws/install/srvs/share/srvs/environment/pythonpath.dsv
[4.061s] -- Installing: /root/ros2_ws/install/srvs/local/lib/python3.10/dist-packages/srvs-0.0.0-py3.10.egg-info
[4.061s] -- Installing: /root/ros2_ws/install/srvs/local/lib/python3.10/dist-packages/srvs-0.0.0-py3.10.egg-info/PKG-INFO
[4.061s] -- Installing: /root/ros2_ws/install/srvs/local/lib/python3.10/dist-packages/srvs-0.0.0-py3.10.egg-info/SOURCES.txt
[4.061s] -- Installing: /root/ros2_ws/install/srvs/local/lib/python3.10/dist-packages/srvs-0.0.0-py3.10.egg-info/dependency_links.txt
[4.061s] -- Installing: /root/ros2_ws/install/srvs/local/lib/python3.10/dist-packages/srvs-0.0.0-py3.10.egg-info/top_level.txt
[4.061s] -- Installing: /root/ros2_ws/install/srvs/local/lib/python3.10/dist-packages/srvs
[4.061s] -- Installing: /root/ros2_ws/install/srvs/local/lib/python3.10/dist-packages/srvs/srvs_s__rosidl_typesupport_fastrtps_c.cpython-310-aarch64-linux-gnu.so
[4.061s] -- Installing: /root/ros2_ws/install/srvs/local/lib/python3.10/dist-packages/srvs/_srvs_s.ep.rosidl_typesupport_introspection_c.c
[4.062s] -- Installing: /root/ros2_ws/install/srvs/local/lib/python3.10/dist-packages/srvs/_srvs_s.ep.rosidl_typesupport_c.c
[4.062s] -- Installing: /root/ros2_ws/install/srvs/local/lib/python3.10/dist-packages/srvs/msg
[4.062s] -- Installing: /root/ros2_ws/install/srvs/local/lib/python3.10/dist-packages/srvs/msg/_sensor_status_s.c
[4.062s] -- Installing: /root/ros2_ws/install/srvs/local/lib/python3.10/dist-packages/srvs/msg/_sensor_type.py
[4.062s] -- Installing: /root/ros2_ws/install/srvs/local/lib/python3.10/dist-packages/srvs/msg/_sensor_type_s.c
[4.062s] -- Installing: /root/ros2_ws/install/srvs/local/lib/python3.10/dist-packages/srvs/msg/__init__.py
[4.062s] -- Installing: /root/ros2_ws/install/srvs/local/lib/python3.10/dist-packages/srvs/msg/_sensor_status.py
[4.062s] -- Installing: /root/ros2_ws/install/srvs/local/lib/python3.10/dist-packages/srvs/srv
[4.063s] -- Installing: /root/ros2_ws/install/srvs/local/lib/python3.10/dist-packages/srvs/srv/__init__.py
[4.063s] -- Installing: /root/ros2_ws/install/srvs/local/lib/python3.10/dist-packages/srvs/srv/_get_sensor_status_list_s.c
[4.063s] -- Installing: /root/ros2_ws/install/srvs/local/lib/python3.10/dist-packages/srvs/srv/_get_sensor_status_list.py
[4.063s] -- Installing: /root/ros2_ws/install/srvs/local/lib/python3.10/dist-packages/srvs/libsrvs__rosidl_generator_py.so
[4.063s] -- Installing: /root/ros2_ws/install/srvs/local/lib/python3.10/dist-packages/srvs/__init__.py
[4.063s] -- Installing: /root/ros2_ws/install/srvs/local/lib/python3.10/dist-packages/srvs/srvs_s__rosidl_typesupport_introspection_c.cpython-310-aarch64-linux-gnu.so
[4.063s] -- Installing: /root/ros2_ws/install/srvs/local/lib/python3.10/dist-packages/srvs/srvs_s__rosidl_typesupport_c.cpython-310-aarch64-linux-gnu.so
[4.063s] -- Installing: /root/ros2_ws/install/srvs/local/lib/python3.10/dist-packages/srvs/_srvs_s.ep.rosidl_typesupport_fastrtps_c.c
[4.088s] Listing '/root/ros2_ws/install/srvs/local/lib/python3.10/dist-packages/srvs'...
[4.088s] Compiling '/root/ros2_ws/install/srvs/local/lib/python3.10/dist-packages/srvs/__init__.py'...
[4.088s] Listing '/root/ros2_ws/install/srvs/local/lib/python3.10/dist-packages/srvs/msg'...
[4.088s] Compiling '/root/ros2_ws/install/srvs/local/lib/python3.10/dist-packages/srvs/msg/__init__.py'...
[4.088s] Compiling '/root/ros2_ws/install/srvs/local/lib/python3.10/dist-packages/srvs/msg/_sensor_status.py'...
[4.088s] Compiling '/root/ros2_ws/install/srvs/local/lib/python3.10/dist-packages/srvs/msg/_sensor_type.py'...
[4.088s] Listing '/root/ros2_ws/install/srvs/local/lib/python3.10/dist-packages/srvs/srv'...
[4.089s] Compiling '/root/ros2_ws/install/srvs/local/lib/python3.10/dist-packages/srvs/srv/__init__.py'...
[4.089s] Compiling '/root/ros2_ws/install/srvs/local/lib/python3.10/dist-packages/srvs/srv/_get_sensor_status_list.py'...
[4.092s] -- Installing: /root/ros2_ws/install/srvs/local/lib/python3.10/dist-packages/srvs/srvs_s__rosidl_typesupport_fastrtps_c.cpython-310-aarch64-linux-gnu.so
[4.092s] -- Set runtime path of "/root/ros2_ws/install/srvs/local/lib/python3.10/dist-packages/srvs/srvs_s__rosidl_typesupport_fastrtps_c.cpython-310-aarch64-linux-gnu.so" to ""
[4.093s] -- Installing: /root/ros2_ws/install/srvs/local/lib/python3.10/dist-packages/srvs/srvs_s__rosidl_typesupport_introspection_c.cpython-310-aarch64-linux-gnu.so
[4.093s] -- Set runtime path of "/root/ros2_ws/install/srvs/local/lib/python3.10/dist-packages/srvs/srvs_s__rosidl_typesupport_introspection_c.cpython-310-aarch64-linux-gnu.so" to ""
[4.093s] -- Installing: /root/ros2_ws/install/srvs/local/lib/python3.10/dist-packages/srvs/srvs_s__rosidl_typesupport_c.cpython-310-aarch64-linux-gnu.so
[4.093s] -- Set runtime path of "/root/ros2_ws/install/srvs/local/lib/python3.10/dist-packages/srvs/srvs_s__rosidl_typesupport_c.cpython-310-aarch64-linux-gnu.so" to ""
[4.093s] -- Installing: /root/ros2_ws/install/srvs/lib/libsrvs__rosidl_generator_py.so
[4.093s] -- Set runtime path of "/root/ros2_ws/install/srvs/lib/libsrvs__rosidl_generator_py.so" to ""
[4.094s] -- Installing: /root/ros2_ws/install/srvs/share/srvs/msg/SensorType.idl
[4.094s] -- Installing: /root/ros2_ws/install/srvs/share/srvs/msg/SensorStatus.idl
[4.094s] -- Installing: /root/ros2_ws/install/srvs/share/srvs/srv/GetSensorStatusList.idl
[4.094s] -- Installing: /root/ros2_ws/install/srvs/share/srvs/msg/SensorType.msg
[4.094s] -- Installing: /root/ros2_ws/install/srvs/share/srvs/msg/SensorStatus.msg
[4.094s] -- Installing: /root/ros2_ws/install/srvs/share/srvs/srv/GetSensorStatusList.srv
[4.094s] -- Installing: /root/ros2_ws/install/srvs/share/srvs/srv/GetSensorStatusList_Request.msg
[4.094s] -- Installing: /root/ros2_ws/install/srvs/share/srvs/srv/GetSensorStatusList_Response.msg
[4.095s] -- Installing: /root/ros2_ws/install/srvs/share/ament_index/resource_index/package_run_dependencies/srvs
[4.095s] -- Installing: /root/ros2_ws/install/srvs/share/ament_index/resource_index/parent_prefix_path/srvs
[4.095s] -- Installing: /root/ros2_ws/install/srvs/share/srvs/environment/ament_prefix_path.sh
[4.095s] -- Installing: /root/ros2_ws/install/srvs/share/srvs/environment/ament_prefix_path.dsv
[4.095s] -- Installing: /root/ros2_ws/install/srvs/share/srvs/environment/path.sh
[4.095s] -- Installing: /root/ros2_ws/install/srvs/share/srvs/environment/path.dsv
[4.095s] -- Installing: /root/ros2_ws/install/srvs/share/srvs/local_setup.bash
[4.095s] -- Installing: /root/ros2_ws/install/srvs/share/srvs/local_setup.sh
[4.096s] -- Installing: /root/ros2_ws/install/srvs/share/srvs/local_setup.zsh
[4.096s] -- Installing: /root/ros2_ws/install/srvs/share/srvs/local_setup.dsv
[4.096s] -- Installing: /root/ros2_ws/install/srvs/share/srvs/package.dsv
[4.096s] -- Installing: /root/ros2_ws/install/srvs/share/ament_index/resource_index/packages/srvs
[4.096s] -- Installing: /root/ros2_ws/install/srvs/share/srvs/cmake/export_srvs__rosidl_generator_cExport.cmake
[4.096s] -- Installing: /root/ros2_ws/install/srvs/share/srvs/cmake/export_srvs__rosidl_generator_cExport-noconfig.cmake
[4.096s] -- Installing: /root/ros2_ws/install/srvs/share/srvs/cmake/export_srvs__rosidl_typesupport_fastrtps_cExport.cmake
[4.097s] -- Installing: /root/ros2_ws/install/srvs/share/srvs/cmake/export_srvs__rosidl_typesupport_fastrtps_cExport-noconfig.cmake
[4.097s] -- Installing: /root/ros2_ws/install/srvs/share/srvs/cmake/export_srvs__rosidl_generator_cppExport.cmake
[4.097s] -- Installing: /root/ros2_ws/install/srvs/share/srvs/cmake/export_srvs__rosidl_typesupport_fastrtps_cppExport.cmake
[4.097s] -- Installing: /root/ros2_ws/install/srvs/share/srvs/cmake/export_srvs__rosidl_typesupport_fastrtps_cppExport-noconfig.cmake
[4.097s] -- Installing: /root/ros2_ws/install/srvs/share/srvs/cmake/srvs__rosidl_typesupport_introspection_cExport.cmake
[4.097s] -- Installing: /root/ros2_ws/install/srvs/share/srvs/cmake/srvs__rosidl_typesupport_introspection_cExport-noconfig.cmake
[4.097s] -- Installing: /root/ros2_ws/install/srvs/share/srvs/cmake/srvs__rosidl_typesupport_cExport.cmake
[4.098s] -- Installing: /root/ros2_ws/install/srvs/share/srvs/cmake/srvs__rosidl_typesupport_cExport-noconfig.cmake
[4.098s] -- Installing: /root/ros2_ws/install/srvs/share/srvs/cmake/srvs__rosidl_typesupport_introspection_cppExport.cmake
[4.098s] -- Installing: /root/ros2_ws/install/srvs/share/srvs/cmake/srvs__rosidl_typesupport_introspection_cppExport-noconfig.cmake
[4.098s] -- Installing: /root/ros2_ws/install/srvs/share/srvs/cmake/srvs__rosidl_typesupport_cppExport.cmake
[4.098s] -- Installing: /root/ros2_ws/install/srvs/share/srvs/cmake/srvs__rosidl_typesupport_cppExport-noconfig.cmake
[4.098s] -- Installing: /root/ros2_ws/install/srvs/share/srvs/cmake/export_srvs__rosidl_generator_pyExport.cmake
[4.098s] -- Installing: /root/ros2_ws/install/srvs/share/srvs/cmake/export_srvs__rosidl_generator_pyExport-noconfig.cmake
[4.098s] -- Installing: /root/ros2_ws/install/srvs/share/srvs/cmake/rosidl_cmake-extras.cmake
[4.099s] -- Installing: /root/ros2_ws/install/srvs/share/srvs/cmake/ament_cmake_export_include_directories-extras.cmake
[4.099s] -- Installing: /root/ros2_ws/install/srvs/share/srvs/cmake/ament_cmake_export_libraries-extras.cmake
[4.099s] -- Installing: /root/ros2_ws/install/srvs/share/srvs/cmake/ament_cmake_export_targets-extras.cmake
[4.099s] -- Installing: /root/ros2_ws/install/srvs/share/srvs/cmake/rosidl_cmake_export_typesupport_targets-extras.cmake
[4.099s] -- Installing: /root/ros2_ws/install/srvs/share/srvs/cmake/ament_cmake_export_dependencies-extras.cmake
[4.099s] -- Installing: /root/ros2_ws/install/srvs/share/srvs/cmake/rosidl_cmake_export_typesupport_libraries-extras.cmake
[4.099s] -- Installing: /root/ros2_ws/install/srvs/share/srvs/cmake/srvsConfig.cmake
[4.100s] -- Installing: /root/ros2_ws/install/srvs/share/srvs/cmake/srvsConfig-version.cmake
[4.100s] -- Installing: /root/ros2_ws/install/srvs/share/srvs/package.xml
[4.101s] Invoked command in '/root/ros2_ws/build/srvs' returned '0': /usr/bin/cmake --install /root/ros2_ws/build/srvs
