[0.008s] Invoking command in '/root/ros2_ws/build/srvs': CMAKE_PREFIX_PATH=/opt/ros/humble /usr/bin/cmake /root/ros2_ws/src/srvs -DCMAKE_INSTALL_PREFIX=/root/ros2_ws/install/srvs
[0.061s] -- The C compiler identification is GNU 11.4.0
[0.103s] -- The CXX compiler identification is GNU 11.4.0
[0.108s] -- Detecting C compiler ABI info
[0.160s] -- Detecting C compiler ABI info - done
[0.165s] -- Check for working C compiler: /usr/bin/cc - skipped
[0.165s] -- Detecting C compile features
[0.166s] -- Detecting C compile features - done
[0.168s] -- Detecting CXX compiler ABI info
[0.220s] -- Detecting CXX compiler ABI info - done
[0.225s] -- Check for working CXX compiler: /usr/bin/c++ - skipped
[0.226s] -- Detecting CXX compile features
[0.226s] -- Detecting CXX compile features - done
[0.229s] -- Found ament_cmake: 1.3.9 (/opt/ros/humble/share/ament_cmake/cmake)
[0.319s] -- Found Python3: /usr/bin/python3 (found version "3.10.12") found components: Interpreter 
[0.381s] -- Found rclcpp: 16.0.9 (/opt/ros/humble/share/rclcpp/cmake)
[0.412s] -- Found rosidl_generator_c: 3.1.5 (/opt/ros/humble/share/rosidl_generator_c/cmake)
[0.416s] -- Found rosidl_adapter: 3.1.5 (/opt/ros/humble/share/rosidl_adapter/cmake)
[0.422s] -- Found rosidl_generator_cpp: 3.1.5 (/opt/ros/humble/share/rosidl_generator_cpp/cmake)
[0.432s] -- Using all available rosidl_typesupport_c: rosidl_typesupport_fastrtps_c;rosidl_typesupport_introspection_c
[0.447s] -- Using all available rosidl_typesupport_cpp: rosidl_typesupport_fastrtps_cpp;rosidl_typesupport_introspection_cpp
[0.502s] -- Found rmw_implementation_cmake: 6.1.2 (/opt/ros/humble/share/rmw_implementation_cmake/cmake)
[0.504s] -- Found rmw_fastrtps_cpp: 6.2.6 (/opt/ros/humble/share/rmw_fastrtps_cpp/cmake)
[0.570s] -- Found OpenSSL: /usr/lib/aarch64-linux-gnu/libcrypto.so (found version "3.0.2")  
[0.591s] -- Found FastRTPS: /opt/ros/humble/include  
[0.628s] -- Using RMW implementation 'rmw_fastrtps_cpp' as default
[0.635s] -- Looking for pthread.h
[0.683s] -- Looking for pthread.h - found
[0.683s] -- Performing Test CMAKE_HAVE_LIBC_PTHREAD
[0.730s] -- Performing Test CMAKE_HAVE_LIBC_PTHREAD - Success
[0.731s] -- Found Threads: TRUE  
[0.874s] -- Found rosidl_default_generators: 1.2.0 (/opt/ros/humble/share/rosidl_default_generators/cmake)
[1.008s] [31mCMake Error at /opt/ros/humble/share/rosidl_cmake/cmake/rosidl_generate_interfaces.cmake:229 (message):
[1.008s]   Packages installing interfaces must include
[1.008s]   '<member_of_group>rosidl_interface_packages</member_of_group>' in their
[1.008s]   package.xml
[1.008s] Call Stack (most recent call first):
[1.008s]   CMakeLists.txt:17 (rosidl_generate_interfaces)
[1.008s] 
[1.009s] [0m
[1.009s] -- Configuring incomplete, errors occurred!
[1.009s] See also "/root/ros2_ws/build/srvs/CMakeFiles/CMakeOutput.log".
[1.015s] Invoked command in '/root/ros2_ws/build/srvs' returned '1': CMAKE_PREFIX_PATH=/opt/ros/humble /usr/bin/cmake /root/ros2_ws/src/srvs -DCMAKE_INSTALL_PREFIX=/root/ros2_ws/install/srvs
