[0.008s] Invoking command in '/root/ros2_ws/build/srvs': /usr/bin/cmake /root/ros2_ws/src/srvs -DCATKIN_INSTALL_INTO_PREFIX_ROOT=0 -DCMAKE_INSTALL_PREFIX=/root/ros2_ws/install/srvs
[0.060s] -- The C compiler identification is GNU 11.4.0
[0.107s] -- The CXX compiler identification is GNU 11.4.0
[0.112s] -- Detecting C compiler ABI info
[0.168s] -- Detecting C compiler ABI info - done
[0.174s] -- Check for working C compiler: /usr/bin/cc - skipped
[0.174s] -- Detecting C compile features
[0.174s] -- Detecting C compile features - done
[0.177s] -- Detecting CXX compiler ABI info
[0.235s] -- Detecting CXX compiler ABI info - done
[0.241s] -- Check for working CXX compiler: /usr/bin/c++ - skipped
[0.242s] -- Detecting CXX compile features
[0.242s] -- Detecting CXX compile features - done
[0.245s] -- Found ament_cmake: 1.3.10 (/opt/ros/humble/share/ament_cmake/cmake)
[0.340s] -- Found Python3: /usr/bin/python3 (found version "3.10.12") found components: Interpreter 
[0.406s] -- Found rclcpp: 16.0.9 (/opt/ros/humble/share/rclcpp/cmake)
[0.438s] -- Found rosidl_generator_c: 3.1.5 (/opt/ros/humble/share/rosidl_generator_c/cmake)
[0.441s] -- Found rosidl_adapter: 3.1.5 (/opt/ros/humble/share/rosidl_adapter/cmake)
[0.450s] -- Found rosidl_generator_cpp: 3.1.5 (/opt/ros/humble/share/rosidl_generator_cpp/cmake)
[0.461s] -- Using all available rosidl_typesupport_c: rosidl_typesupport_fastrtps_c;rosidl_typesupport_introspection_c
[0.475s] -- Using all available rosidl_typesupport_cpp: rosidl_typesupport_fastrtps_cpp;rosidl_typesupport_introspection_cpp
[0.531s] -- Found rmw_implementation_cmake: 6.1.2 (/opt/ros/humble/share/rmw_implementation_cmake/cmake)
[0.533s] -- Found rmw_fastrtps_cpp: 6.2.6 (/opt/ros/humble/share/rmw_fastrtps_cpp/cmake)
[0.598s] -- Found OpenSSL: /usr/lib/aarch64-linux-gnu/libcrypto.so (found version "3.0.2")  
[0.619s] -- Found FastRTPS: /opt/ros/humble/include  
[0.659s] -- Using RMW implementation 'rmw_fastrtps_cpp' as default
[0.667s] -- Looking for pthread.h
[0.719s] -- Looking for pthread.h - found
[0.719s] -- Performing Test CMAKE_HAVE_LIBC_PTHREAD
[0.771s] -- Performing Test CMAKE_HAVE_LIBC_PTHREAD - Success
[0.771s] -- Found Threads: TRUE  
[0.914s] -- Found rosidl_default_generators: 1.2.0 (/opt/ros/humble/share/rosidl_default_generators/cmake)
[1.092s] -- Found ament_cmake_ros: 0.10.0 (/opt/ros/humble/share/ament_cmake_ros/cmake)
[1.284s] -- Using all available rosidl_typesupport_c: rosidl_typesupport_fastrtps_c;rosidl_typesupport_introspection_c
[1.359s] -- Using all available rosidl_typesupport_cpp: rosidl_typesupport_fastrtps_cpp;rosidl_typesupport_introspection_cpp
[1.370s] -- Found PythonInterp: /usr/bin/python3 (found suitable version "3.10.12", minimum required is "3.6") 
[1.372s] -- Found python_cmake_module: 0.10.0 (/opt/ros/humble/share/python_cmake_module/cmake)
[1.385s] -- Found PythonLibs: /usr/lib/aarch64-linux-gnu/libpython3.10.so (found suitable version "3.10.12", minimum required is "3.5") 
[1.385s] -- Using PYTHON_EXECUTABLE: /usr/bin/python3
[1.385s] -- Using PYTHON_INCLUDE_DIRS: /usr/include/python3.10
[1.385s] -- Using PYTHON_LIBRARIES: /usr/lib/aarch64-linux-gnu/libpython3.10.so
[1.396s] -- Found PythonExtra: .so  
[1.420s] -- Configuring done
[1.448s] -- Generating done
[1.450s] [33mCMake Warning:
[1.450s]   Manually-specified variables were not used by the project:
[1.450s] 
[1.450s]     CATKIN_INSTALL_INTO_PREFIX_ROOT
[1.450s] 
[1.450s] [0m
[1.450s] -- Build files have been written to: /root/ros2_ws/build/srvs
[1.457s] Invoked command in '/root/ros2_ws/build/srvs' returned '0': /usr/bin/cmake /root/ros2_ws/src/srvs -DCATKIN_INSTALL_INTO_PREFIX_ROOT=0 -DCMAKE_INSTALL_PREFIX=/root/ros2_ws/install/srvs
[1.458s] Invoking command in '/root/ros2_ws/build/srvs': /usr/bin/cmake --build /root/ros2_ws/build/srvs -- -j4 -l4
[1.485s] [  2%] [34m[1mGenerating C code for ROS interfaces[0m
[1.491s] [  4%] [34m[1mGenerating C++ code for ROS interfaces[0m
[1.495s] [  4%] Built target ament_cmake_python_copy_srvs
[1.640s] running egg_info
[1.640s] creating srvs.egg-info
[1.640s] writing srvs.egg-info/PKG-INFO
[1.640s] writing dependency_links to srvs.egg-info/dependency_links.txt
[1.640s] writing top-level names to srvs.egg-info/top_level.txt
[1.640s] writing manifest file 'srvs.egg-info/SOURCES.txt'
[1.642s] reading manifest file 'srvs.egg-info/SOURCES.txt'
[1.642s] writing manifest file 'srvs.egg-info/SOURCES.txt'
[1.663s] [  4%] Built target ament_cmake_python_build_srvs_egg
[1.787s] [  4%] Built target srvs__cpp
[1.793s] [  6%] [34m[1mGenerating C++ type support for eProsima Fast-RTPS[0m
[1.797s] [  8%] [34m[1mGenerating C++ introspection for ROS interfaces[0m
[1.797s] [ 10%] [34m[1mGenerating C++ type support dispatch for ROS interfaces[0m
[1.804s] [ 12%] [32mBuilding C object CMakeFiles/srvs__rosidl_generator_c.dir/rosidl_generator_c/srvs/msg/detail/sensor_type__functions.c.o[0m
[1.840s] [ 14%] [32mBuilding C object CMakeFiles/srvs__rosidl_generator_c.dir/rosidl_generator_c/srvs/msg/detail/sensor_status__functions.c.o[0m
[1.877s] [ 17%] [32mBuilding C object CMakeFiles/srvs__rosidl_generator_c.dir/rosidl_generator_c/srvs/srv/detail/get_sensor_status_list__functions.c.o[0m
[1.921s] [ 19%] [32m[1mLinking C shared library libsrvs__rosidl_generator_c.so[0m
[1.948s] [ 19%] Built target srvs__rosidl_generator_c
[1.957s] [ 21%] [34m[1mGenerating C introspection for ROS interfaces[0m
[2.035s] [ 23%] [32mBuilding CXX object CMakeFiles/srvs__rosidl_typesupport_cpp.dir/rosidl_typesupport_cpp/srvs/msg/sensor_type__type_support.cpp.o[0m
[2.067s] [ 25%] [32mBuilding CXX object CMakeFiles/srvs__rosidl_typesupport_introspection_cpp.dir/rosidl_typesupport_introspection_cpp/srvs/msg/detail/sensor_type__type_support.cpp.o[0m
[2.090s] [ 27%] [32mBuilding CXX object CMakeFiles/srvs__rosidl_typesupport_fastrtps_cpp.dir/rosidl_typesupport_fastrtps_cpp/srvs/msg/detail/dds_fastrtps/sensor_type__type_support.cpp.o[0m
[2.273s] [ 29%] [32mBuilding C object CMakeFiles/srvs__rosidl_typesupport_introspection_c.dir/rosidl_typesupport_introspection_c/srvs/msg/detail/sensor_type__type_support.c.o[0m
[2.303s] [ 31%] [32mBuilding C object CMakeFiles/srvs__rosidl_typesupport_introspection_c.dir/rosidl_typesupport_introspection_c/srvs/msg/detail/sensor_status__type_support.c.o[0m
[2.305s] [ 34%] [32mBuilding CXX object CMakeFiles/srvs__rosidl_typesupport_cpp.dir/rosidl_typesupport_cpp/srvs/msg/sensor_status__type_support.cpp.o[0m
[2.331s] [ 36%] [32mBuilding C object CMakeFiles/srvs__rosidl_typesupport_introspection_c.dir/rosidl_typesupport_introspection_c/srvs/srv/detail/get_sensor_status_list__type_support.c.o[0m
[2.363s] [ 38%] [32m[1mLinking C shared library libsrvs__rosidl_typesupport_introspection_c.so[0m
[2.385s] [ 38%] Built target srvs__rosidl_typesupport_introspection_c
[2.392s] [ 40%] [34m[1mGenerating C type support dispatch for ROS interfaces[0m
[2.419s] [ 42%] [32mBuilding CXX object CMakeFiles/srvs__rosidl_typesupport_introspection_cpp.dir/rosidl_typesupport_introspection_cpp/srvs/msg/detail/sensor_status__type_support.cpp.o[0m
[2.432s] [ 44%] [32mBuilding CXX object CMakeFiles/srvs__rosidl_typesupport_fastrtps_cpp.dir/rosidl_typesupport_fastrtps_cpp/srvs/msg/detail/dds_fastrtps/sensor_status__type_support.cpp.o[0m
[2.512s] [ 46%] [32mBuilding CXX object CMakeFiles/srvs__rosidl_typesupport_cpp.dir/rosidl_typesupport_cpp/srvs/srv/get_sensor_status_list__type_support.cpp.o[0m
[2.620s] [ 48%] [32mBuilding CXX object CMakeFiles/srvs__rosidl_typesupport_c.dir/rosidl_typesupport_c/srvs/msg/sensor_type__type_support.cpp.o[0m
[2.651s] [ 51%] [32mBuilding CXX object CMakeFiles/srvs__rosidl_typesupport_c.dir/rosidl_typesupport_c/srvs/msg/sensor_status__type_support.cpp.o[0m
[2.676s] [ 53%] [32mBuilding CXX object CMakeFiles/srvs__rosidl_typesupport_c.dir/rosidl_typesupport_c/srvs/srv/get_sensor_status_list__type_support.cpp.o[0m
[2.691s] [ 55%] [32mBuilding CXX object CMakeFiles/srvs__rosidl_typesupport_introspection_cpp.dir/rosidl_typesupport_introspection_cpp/srvs/srv/detail/get_sensor_status_list__type_support.cpp.o[0m
[2.700s] [ 57%] [32m[1mLinking CXX shared library libsrvs__rosidl_typesupport_c.so[0m
[2.709s] [ 59%] [32mBuilding CXX object CMakeFiles/srvs__rosidl_typesupport_fastrtps_cpp.dir/rosidl_typesupport_fastrtps_cpp/srvs/srv/detail/dds_fastrtps/get_sensor_status_list__type_support.cpp.o[0m
[2.711s] [ 61%] [32m[1mLinking CXX shared library libsrvs__rosidl_typesupport_cpp.so[0m
[2.728s] [ 61%] Built target srvs__rosidl_typesupport_c
[2.735s] [ 63%] [34m[1mGenerating C type support for eProsima Fast-RTPS[0m
[2.739s] [ 63%] Built target srvs__rosidl_typesupport_cpp
[2.968s] [ 65%] [32m[1mLinking CXX shared library libsrvs__rosidl_typesupport_introspection_cpp.so[0m
[3.009s] [ 68%] [32mBuilding CXX object CMakeFiles/srvs__rosidl_typesupport_fastrtps_c.dir/rosidl_typesupport_fastrtps_c/srvs/msg/detail/sensor_type__type_support_c.cpp.o[0m
[3.009s] [ 70%] [32mBuilding CXX object CMakeFiles/srvs__rosidl_typesupport_fastrtps_c.dir/rosidl_typesupport_fastrtps_c/srvs/msg/detail/sensor_status__type_support_c.cpp.o[0m
[3.015s] [ 72%] [32m[1mLinking CXX shared library libsrvs__rosidl_typesupport_fastrtps_cpp.so[0m
[3.019s] [ 72%] Built target srvs__rosidl_typesupport_introspection_cpp
[3.023s] [ 74%] [32mBuilding CXX object CMakeFiles/srvs__rosidl_typesupport_fastrtps_c.dir/rosidl_typesupport_fastrtps_c/srvs/srv/detail/get_sensor_status_list__type_support_c.cpp.o[0m
[3.084s] [ 74%] Built target srvs__rosidl_typesupport_fastrtps_cpp
[3.252s] [ 76%] [32m[1mLinking CXX shared library libsrvs__rosidl_typesupport_fastrtps_c.so[0m
[3.297s] [ 76%] Built target srvs__rosidl_typesupport_fastrtps_c
[3.308s] [ 76%] Built target srvs
[3.319s] [ 78%] [34m[1mGenerating Python code for ROS interfaces[0m
[3.725s] [ 78%] Built target srvs__py
[3.736s] [ 80%] [32mBuilding C object CMakeFiles/srvs__rosidl_generator_py.dir/rosidl_generator_py/srvs/msg/_sensor_type_s.c.o[0m
[3.736s] [ 82%] [32mBuilding C object CMakeFiles/srvs__rosidl_generator_py.dir/rosidl_generator_py/srvs/msg/_sensor_status_s.c.o[0m
[3.736s] [ 85%] [32mBuilding C object CMakeFiles/srvs__rosidl_generator_py.dir/rosidl_generator_py/srvs/srv/_get_sensor_status_list_s.c.o[0m
[3.816s] [ 87%] [32m[1mLinking C shared library rosidl_generator_py/srvs/libsrvs__rosidl_generator_py.so[0m
[3.844s] [ 87%] Built target srvs__rosidl_generator_py
[3.857s] [ 89%] [32mBuilding C object CMakeFiles/srvs__rosidl_typesupport_fastrtps_c__pyext.dir/rosidl_generator_py/srvs/_srvs_s.ep.rosidl_typesupport_fastrtps_c.c.o[0m
[3.857s] [ 91%] [32mBuilding C object CMakeFiles/srvs__rosidl_typesupport_introspection_c__pyext.dir/rosidl_generator_py/srvs/_srvs_s.ep.rosidl_typesupport_introspection_c.c.o[0m
[3.857s] [ 93%] [32mBuilding C object CMakeFiles/srvs__rosidl_typesupport_c__pyext.dir/rosidl_generator_py/srvs/_srvs_s.ep.rosidl_typesupport_c.c.o[0m
[3.929s] [ 97%] [32m[1mLinking C shared library rosidl_generator_py/srvs/srvs_s__rosidl_typesupport_introspection_c.cpython-310-aarch64-linux-gnu.so[0m
[3.929s] [ 97%] [32m[1mLinking C shared library rosidl_generator_py/srvs/srvs_s__rosidl_typesupport_c.cpython-310-aarch64-linux-gnu.so[0m
[3.931s] [100%] [32m[1mLinking C shared library rosidl_generator_py/srvs/srvs_s__rosidl_typesupport_fastrtps_c.cpython-310-aarch64-linux-gnu.so[0m
[3.955s] [100%] Built target srvs__rosidl_typesupport_fastrtps_c__pyext
[3.955s] [100%] Built target srvs__rosidl_typesupport_introspection_c__pyext
[3.955s] [100%] Built target srvs__rosidl_typesupport_c__pyext
[3.962s] Invoked command in '/root/ros2_ws/build/srvs' returned '0': /usr/bin/cmake --build /root/ros2_ws/build/srvs -- -j4 -l4
[4.076s] Invoking command in '/root/ros2_ws/build/srvs': /usr/bin/cmake --install /root/ros2_ws/build/srvs
[4.081s] -- Install configuration: ""
[4.081s] -- Installing: /root/ros2_ws/install/srvs/share/ament_index/resource_index/rosidl_interfaces/srvs
[4.081s] -- Installing: /root/ros2_ws/install/srvs/include/srvs/srvs
[4.081s] -- Installing: /root/ros2_ws/install/srvs/include/srvs/srvs/msg
[4.081s] -- Installing: /root/ros2_ws/install/srvs/include/srvs/srvs/msg/sensor_status.h
[4.081s] -- Installing: /root/ros2_ws/install/srvs/include/srvs/srvs/msg/detail
[4.081s] -- Installing: /root/ros2_ws/install/srvs/include/srvs/srvs/msg/detail/sensor_status__functions.c
[4.082s] -- Installing: /root/ros2_ws/install/srvs/include/srvs/srvs/msg/detail/sensor_status__type_support.h
[4.082s] -- Installing: /root/ros2_ws/install/srvs/include/srvs/srvs/msg/detail/sensor_type__functions.h
[4.082s] -- Installing: /root/ros2_ws/install/srvs/include/srvs/srvs/msg/detail/sensor_type__struct.h
[4.082s] -- Installing: /root/ros2_ws/install/srvs/include/srvs/srvs/msg/detail/sensor_status__struct.h
[4.082s] -- Installing: /root/ros2_ws/install/srvs/include/srvs/srvs/msg/detail/sensor_status__functions.h
[4.082s] -- Installing: /root/ros2_ws/install/srvs/include/srvs/srvs/msg/detail/sensor_type__type_support.h
[4.082s] -- Installing: /root/ros2_ws/install/srvs/include/srvs/srvs/msg/detail/sensor_type__functions.c
[4.083s] -- Installing: /root/ros2_ws/install/srvs/include/srvs/srvs/msg/sensor_type.h
[4.083s] -- Installing: /root/ros2_ws/install/srvs/include/srvs/srvs/msg/rosidl_generator_c__visibility_control.h
[4.083s] -- Installing: /root/ros2_ws/install/srvs/include/srvs/srvs/srv
[4.083s] -- Installing: /root/ros2_ws/install/srvs/include/srvs/srvs/srv/detail
[4.083s] -- Installing: /root/ros2_ws/install/srvs/include/srvs/srvs/srv/detail/get_sensor_status_list__functions.h
[4.083s] -- Installing: /root/ros2_ws/install/srvs/include/srvs/srvs/srv/detail/get_sensor_status_list__struct.h
[4.083s] -- Installing: /root/ros2_ws/install/srvs/include/srvs/srvs/srv/detail/get_sensor_status_list__functions.c
[4.083s] -- Installing: /root/ros2_ws/install/srvs/include/srvs/srvs/srv/detail/get_sensor_status_list__type_support.h
[4.083s] -- Installing: /root/ros2_ws/install/srvs/include/srvs/srvs/srv/get_sensor_status_list.h
[4.084s] -- Installing: /root/ros2_ws/install/srvs/share/srvs/environment/library_path.sh
[4.084s] -- Installing: /root/ros2_ws/install/srvs/share/srvs/environment/library_path.dsv
[4.084s] -- Installing: /root/ros2_ws/install/srvs/lib/libsrvs__rosidl_generator_c.so
[4.084s] -- Set runtime path of "/root/ros2_ws/install/srvs/lib/libsrvs__rosidl_generator_c.so" to ""
[4.085s] -- Up-to-date: /root/ros2_ws/install/srvs/include/srvs/srvs
[4.085s] -- Up-to-date: /root/ros2_ws/install/srvs/include/srvs/srvs/msg
[4.085s] -- Up-to-date: /root/ros2_ws/install/srvs/include/srvs/srvs/msg/detail
[4.085s] -- Installing: /root/ros2_ws/install/srvs/include/srvs/srvs/msg/detail/sensor_type__rosidl_typesupport_fastrtps_c.h
[4.085s] -- Installing: /root/ros2_ws/install/srvs/include/srvs/srvs/msg/detail/sensor_status__rosidl_typesupport_fastrtps_c.h
[4.085s] -- Installing: /root/ros2_ws/install/srvs/include/srvs/srvs/msg/rosidl_typesupport_fastrtps_c__visibility_control.h
[4.085s] -- Up-to-date: /root/ros2_ws/install/srvs/include/srvs/srvs/srv
[4.085s] -- Up-to-date: /root/ros2_ws/install/srvs/include/srvs/srvs/srv/detail
[4.085s] -- Installing: /root/ros2_ws/install/srvs/include/srvs/srvs/srv/detail/get_sensor_status_list__rosidl_typesupport_fastrtps_c.h
[4.085s] -- Installing: /root/ros2_ws/install/srvs/lib/libsrvs__rosidl_typesupport_fastrtps_c.so
[4.086s] -- Set runtime path of "/root/ros2_ws/install/srvs/lib/libsrvs__rosidl_typesupport_fastrtps_c.so" to ""
[4.086s] -- Up-to-date: /root/ros2_ws/install/srvs/include/srvs/srvs
[4.086s] -- Up-to-date: /root/ros2_ws/install/srvs/include/srvs/srvs/msg
[4.086s] -- Up-to-date: /root/ros2_ws/install/srvs/include/srvs/srvs/msg/detail
[4.086s] -- Installing: /root/ros2_ws/install/srvs/include/srvs/srvs/msg/detail/sensor_status__traits.hpp
[4.086s] -- Installing: /root/ros2_ws/install/srvs/include/srvs/srvs/msg/detail/sensor_type__builder.hpp
[4.086s] -- Installing: /root/ros2_ws/install/srvs/include/srvs/srvs/msg/detail/sensor_type__traits.hpp
[4.086s] -- Installing: /root/ros2_ws/install/srvs/include/srvs/srvs/msg/detail/sensor_type__struct.hpp
[4.086s] -- Installing: /root/ros2_ws/install/srvs/include/srvs/srvs/msg/detail/sensor_status__struct.hpp
[4.086s] -- Installing: /root/ros2_ws/install/srvs/include/srvs/srvs/msg/detail/sensor_status__builder.hpp
[4.087s] -- Installing: /root/ros2_ws/install/srvs/include/srvs/srvs/msg/sensor_status.hpp
[4.087s] -- Installing: /root/ros2_ws/install/srvs/include/srvs/srvs/msg/sensor_type.hpp
[4.087s] -- Up-to-date: /root/ros2_ws/install/srvs/include/srvs/srvs/srv
[4.087s] -- Up-to-date: /root/ros2_ws/install/srvs/include/srvs/srvs/srv/detail
[4.087s] -- Installing: /root/ros2_ws/install/srvs/include/srvs/srvs/srv/detail/get_sensor_status_list__struct.hpp
[4.087s] -- Installing: /root/ros2_ws/install/srvs/include/srvs/srvs/srv/detail/get_sensor_status_list__traits.hpp
[4.087s] -- Installing: /root/ros2_ws/install/srvs/include/srvs/srvs/srv/detail/get_sensor_status_list__builder.hpp
[4.087s] -- Installing: /root/ros2_ws/install/srvs/include/srvs/srvs/srv/get_sensor_status_list.hpp
[4.087s] -- Up-to-date: /root/ros2_ws/install/srvs/include/srvs/srvs
[4.087s] -- Up-to-date: /root/ros2_ws/install/srvs/include/srvs/srvs/msg
[4.088s] -- Up-to-date: /root/ros2_ws/install/srvs/include/srvs/srvs/msg/detail
[4.088s] -- Installing: /root/ros2_ws/install/srvs/include/srvs/srvs/msg/detail/sensor_type__rosidl_typesupport_fastrtps_cpp.hpp
[4.088s] -- Installing: /root/ros2_ws/install/srvs/include/srvs/srvs/msg/detail/sensor_status__rosidl_typesupport_fastrtps_cpp.hpp
[4.088s] -- Installing: /root/ros2_ws/install/srvs/include/srvs/srvs/msg/detail/dds_fastrtps
[4.088s] -- Installing: /root/ros2_ws/install/srvs/include/srvs/srvs/msg/rosidl_typesupport_fastrtps_cpp__visibility_control.h
[4.088s] -- Up-to-date: /root/ros2_ws/install/srvs/include/srvs/srvs/srv
[4.088s] -- Up-to-date: /root/ros2_ws/install/srvs/include/srvs/srvs/srv/detail
[4.088s] -- Installing: /root/ros2_ws/install/srvs/include/srvs/srvs/srv/detail/dds_fastrtps
[4.088s] -- Installing: /root/ros2_ws/install/srvs/include/srvs/srvs/srv/detail/get_sensor_status_list__rosidl_typesupport_fastrtps_cpp.hpp
[4.088s] -- Installing: /root/ros2_ws/install/srvs/lib/libsrvs__rosidl_typesupport_fastrtps_cpp.so
[4.089s] -- Set runtime path of "/root/ros2_ws/install/srvs/lib/libsrvs__rosidl_typesupport_fastrtps_cpp.so" to ""
[4.089s] -- Up-to-date: /root/ros2_ws/install/srvs/include/srvs/srvs
[4.089s] -- Up-to-date: /root/ros2_ws/install/srvs/include/srvs/srvs/msg
[4.089s] -- Up-to-date: /root/ros2_ws/install/srvs/include/srvs/srvs/msg/detail
[4.089s] -- Installing: /root/ros2_ws/install/srvs/include/srvs/srvs/msg/detail/sensor_type__rosidl_typesupport_introspection_c.h
[4.089s] -- Installing: /root/ros2_ws/install/srvs/include/srvs/srvs/msg/detail/sensor_status__rosidl_typesupport_introspection_c.h
[4.089s] -- Installing: /root/ros2_ws/install/srvs/include/srvs/srvs/msg/detail/sensor_type__type_support.c
[4.089s] -- Installing: /root/ros2_ws/install/srvs/include/srvs/srvs/msg/detail/sensor_status__type_support.c
[4.089s] -- Installing: /root/ros2_ws/install/srvs/include/srvs/srvs/msg/rosidl_typesupport_introspection_c__visibility_control.h
[4.090s] -- Up-to-date: /root/ros2_ws/install/srvs/include/srvs/srvs/srv
[4.090s] -- Up-to-date: /root/ros2_ws/install/srvs/include/srvs/srvs/srv/detail
[4.090s] -- Installing: /root/ros2_ws/install/srvs/include/srvs/srvs/srv/detail/get_sensor_status_list__rosidl_typesupport_introspection_c.h
[4.090s] -- Installing: /root/ros2_ws/install/srvs/include/srvs/srvs/srv/detail/get_sensor_status_list__type_support.c
[4.090s] -- Installing: /root/ros2_ws/install/srvs/lib/libsrvs__rosidl_typesupport_introspection_c.so
[4.090s] -- Set runtime path of "/root/ros2_ws/install/srvs/lib/libsrvs__rosidl_typesupport_introspection_c.so" to ""
[4.090s] -- Installing: /root/ros2_ws/install/srvs/lib/libsrvs__rosidl_typesupport_c.so
[4.091s] -- Set runtime path of "/root/ros2_ws/install/srvs/lib/libsrvs__rosidl_typesupport_c.so" to ""
[4.091s] -- Up-to-date: /root/ros2_ws/install/srvs/include/srvs/srvs
[4.091s] -- Up-to-date: /root/ros2_ws/install/srvs/include/srvs/srvs/msg
[4.091s] -- Up-to-date: /root/ros2_ws/install/srvs/include/srvs/srvs/msg/detail
[4.091s] -- Installing: /root/ros2_ws/install/srvs/include/srvs/srvs/msg/detail/sensor_type__type_support.cpp
[4.091s] -- Installing: /root/ros2_ws/install/srvs/include/srvs/srvs/msg/detail/sensor_status__type_support.cpp
[4.091s] -- Installing: /root/ros2_ws/install/srvs/include/srvs/srvs/msg/detail/sensor_status__rosidl_typesupport_introspection_cpp.hpp
[4.091s] -- Installing: /root/ros2_ws/install/srvs/include/srvs/srvs/msg/detail/sensor_type__rosidl_typesupport_introspection_cpp.hpp
[4.091s] -- Up-to-date: /root/ros2_ws/install/srvs/include/srvs/srvs/srv
[4.091s] -- Up-to-date: /root/ros2_ws/install/srvs/include/srvs/srvs/srv/detail
[4.092s] -- Installing: /root/ros2_ws/install/srvs/include/srvs/srvs/srv/detail/get_sensor_status_list__type_support.cpp
[4.092s] -- Installing: /root/ros2_ws/install/srvs/include/srvs/srvs/srv/detail/get_sensor_status_list__rosidl_typesupport_introspection_cpp.hpp
[4.092s] -- Installing: /root/ros2_ws/install/srvs/lib/libsrvs__rosidl_typesupport_introspection_cpp.so
[4.092s] -- Set runtime path of "/root/ros2_ws/install/srvs/lib/libsrvs__rosidl_typesupport_introspection_cpp.so" to ""
[4.092s] -- Installing: /root/ros2_ws/install/srvs/lib/libsrvs__rosidl_typesupport_cpp.so
[4.092s] -- Set runtime path of "/root/ros2_ws/install/srvs/lib/libsrvs__rosidl_typesupport_cpp.so" to ""
[4.093s] -- Installing: /root/ros2_ws/install/srvs/share/srvs/environment/pythonpath.sh
[4.093s] -- Installing: /root/ros2_ws/install/srvs/share/srvs/environment/pythonpath.dsv
[4.093s] -- Installing: /root/ros2_ws/install/srvs/local/lib/python3.10/dist-packages/srvs-0.0.0-py3.10.egg-info
[4.093s] -- Installing: /root/ros2_ws/install/srvs/local/lib/python3.10/dist-packages/srvs-0.0.0-py3.10.egg-info/PKG-INFO
[4.093s] -- Installing: /root/ros2_ws/install/srvs/local/lib/python3.10/dist-packages/srvs-0.0.0-py3.10.egg-info/SOURCES.txt
[4.093s] -- Installing: /root/ros2_ws/install/srvs/local/lib/python3.10/dist-packages/srvs-0.0.0-py3.10.egg-info/dependency_links.txt
[4.093s] -- Installing: /root/ros2_ws/install/srvs/local/lib/python3.10/dist-packages/srvs-0.0.0-py3.10.egg-info/top_level.txt
[4.093s] -- Installing: /root/ros2_ws/install/srvs/local/lib/python3.10/dist-packages/srvs
[4.094s] -- Installing: /root/ros2_ws/install/srvs/local/lib/python3.10/dist-packages/srvs/srvs_s__rosidl_typesupport_fastrtps_c.cpython-310-aarch64-linux-gnu.so
[4.094s] -- Installing: /root/ros2_ws/install/srvs/local/lib/python3.10/dist-packages/srvs/_srvs_s.ep.rosidl_typesupport_introspection_c.c
[4.094s] -- Installing: /root/ros2_ws/install/srvs/local/lib/python3.10/dist-packages/srvs/_srvs_s.ep.rosidl_typesupport_c.c
[4.094s] -- Installing: /root/ros2_ws/install/srvs/local/lib/python3.10/dist-packages/srvs/msg
[4.094s] -- Installing: /root/ros2_ws/install/srvs/local/lib/python3.10/dist-packages/srvs/msg/_sensor_status_s.c
[4.094s] -- Installing: /root/ros2_ws/install/srvs/local/lib/python3.10/dist-packages/srvs/msg/_sensor_type.py
[4.094s] -- Installing: /root/ros2_ws/install/srvs/local/lib/python3.10/dist-packages/srvs/msg/_sensor_type_s.c
[4.094s] -- Installing: /root/ros2_ws/install/srvs/local/lib/python3.10/dist-packages/srvs/msg/__init__.py
[4.095s] -- Installing: /root/ros2_ws/install/srvs/local/lib/python3.10/dist-packages/srvs/msg/_sensor_status.py
[4.095s] -- Installing: /root/ros2_ws/install/srvs/local/lib/python3.10/dist-packages/srvs/srv
[4.095s] -- Installing: /root/ros2_ws/install/srvs/local/lib/python3.10/dist-packages/srvs/srv/__init__.py
[4.095s] -- Installing: /root/ros2_ws/install/srvs/local/lib/python3.10/dist-packages/srvs/srv/_get_sensor_status_list_s.c
[4.095s] -- Installing: /root/ros2_ws/install/srvs/local/lib/python3.10/dist-packages/srvs/srv/_get_sensor_status_list.py
[4.095s] -- Installing: /root/ros2_ws/install/srvs/local/lib/python3.10/dist-packages/srvs/libsrvs__rosidl_generator_py.so
[4.095s] -- Installing: /root/ros2_ws/install/srvs/local/lib/python3.10/dist-packages/srvs/__init__.py
[4.095s] -- Installing: /root/ros2_ws/install/srvs/local/lib/python3.10/dist-packages/srvs/srvs_s__rosidl_typesupport_introspection_c.cpython-310-aarch64-linux-gnu.so
[4.096s] -- Installing: /root/ros2_ws/install/srvs/local/lib/python3.10/dist-packages/srvs/srvs_s__rosidl_typesupport_c.cpython-310-aarch64-linux-gnu.so
[4.096s] -- Installing: /root/ros2_ws/install/srvs/local/lib/python3.10/dist-packages/srvs/_srvs_s.ep.rosidl_typesupport_fastrtps_c.c
[4.120s] Listing '/root/ros2_ws/install/srvs/local/lib/python3.10/dist-packages/srvs'...
[4.121s] Compiling '/root/ros2_ws/install/srvs/local/lib/python3.10/dist-packages/srvs/__init__.py'...
[4.121s] Listing '/root/ros2_ws/install/srvs/local/lib/python3.10/dist-packages/srvs/msg'...
[4.121s] Compiling '/root/ros2_ws/install/srvs/local/lib/python3.10/dist-packages/srvs/msg/__init__.py'...
[4.121s] Compiling '/root/ros2_ws/install/srvs/local/lib/python3.10/dist-packages/srvs/msg/_sensor_status.py'...
[4.121s] Compiling '/root/ros2_ws/install/srvs/local/lib/python3.10/dist-packages/srvs/msg/_sensor_type.py'...
[4.121s] Listing '/root/ros2_ws/install/srvs/local/lib/python3.10/dist-packages/srvs/srv'...
[4.121s] Compiling '/root/ros2_ws/install/srvs/local/lib/python3.10/dist-packages/srvs/srv/__init__.py'...
[4.121s] Compiling '/root/ros2_ws/install/srvs/local/lib/python3.10/dist-packages/srvs/srv/_get_sensor_status_list.py'...
[4.124s] -- Installing: /root/ros2_ws/install/srvs/local/lib/python3.10/dist-packages/srvs/srvs_s__rosidl_typesupport_fastrtps_c.cpython-310-aarch64-linux-gnu.so
[4.125s] -- Set runtime path of "/root/ros2_ws/install/srvs/local/lib/python3.10/dist-packages/srvs/srvs_s__rosidl_typesupport_fastrtps_c.cpython-310-aarch64-linux-gnu.so" to ""
[4.125s] -- Installing: /root/ros2_ws/install/srvs/local/lib/python3.10/dist-packages/srvs/srvs_s__rosidl_typesupport_introspection_c.cpython-310-aarch64-linux-gnu.so
[4.125s] -- Set runtime path of "/root/ros2_ws/install/srvs/local/lib/python3.10/dist-packages/srvs/srvs_s__rosidl_typesupport_introspection_c.cpython-310-aarch64-linux-gnu.so" to ""
[4.125s] -- Installing: /root/ros2_ws/install/srvs/local/lib/python3.10/dist-packages/srvs/srvs_s__rosidl_typesupport_c.cpython-310-aarch64-linux-gnu.so
[4.125s] -- Set runtime path of "/root/ros2_ws/install/srvs/local/lib/python3.10/dist-packages/srvs/srvs_s__rosidl_typesupport_c.cpython-310-aarch64-linux-gnu.so" to ""
[4.126s] -- Installing: /root/ros2_ws/install/srvs/lib/libsrvs__rosidl_generator_py.so
[4.126s] -- Set runtime path of "/root/ros2_ws/install/srvs/lib/libsrvs__rosidl_generator_py.so" to ""
[4.126s] -- Installing: /root/ros2_ws/install/srvs/share/srvs/msg/SensorType.idl
[4.126s] -- Installing: /root/ros2_ws/install/srvs/share/srvs/msg/SensorStatus.idl
[4.126s] -- Installing: /root/ros2_ws/install/srvs/share/srvs/srv/GetSensorStatusList.idl
[4.126s] -- Installing: /root/ros2_ws/install/srvs/share/srvs/msg/SensorType.msg
[4.126s] -- Installing: /root/ros2_ws/install/srvs/share/srvs/msg/SensorStatus.msg
[4.127s] -- Installing: /root/ros2_ws/install/srvs/share/srvs/srv/GetSensorStatusList.srv
[4.127s] -- Installing: /root/ros2_ws/install/srvs/share/srvs/srv/GetSensorStatusList_Request.msg
[4.127s] -- Installing: /root/ros2_ws/install/srvs/share/srvs/srv/GetSensorStatusList_Response.msg
[4.127s] -- Installing: /root/ros2_ws/install/srvs/share/ament_index/resource_index/package_run_dependencies/srvs
[4.127s] -- Installing: /root/ros2_ws/install/srvs/share/ament_index/resource_index/parent_prefix_path/srvs
[4.127s] -- Installing: /root/ros2_ws/install/srvs/share/srvs/environment/ament_prefix_path.sh
[4.127s] -- Installing: /root/ros2_ws/install/srvs/share/srvs/environment/ament_prefix_path.dsv
[4.128s] -- Installing: /root/ros2_ws/install/srvs/share/srvs/environment/path.sh
[4.128s] -- Installing: /root/ros2_ws/install/srvs/share/srvs/environment/path.dsv
[4.128s] -- Installing: /root/ros2_ws/install/srvs/share/srvs/local_setup.bash
[4.128s] -- Installing: /root/ros2_ws/install/srvs/share/srvs/local_setup.sh
[4.128s] -- Installing: /root/ros2_ws/install/srvs/share/srvs/local_setup.zsh
[4.128s] -- Installing: /root/ros2_ws/install/srvs/share/srvs/local_setup.dsv
[4.128s] -- Installing: /root/ros2_ws/install/srvs/share/srvs/package.dsv
[4.129s] -- Installing: /root/ros2_ws/install/srvs/share/ament_index/resource_index/packages/srvs
[4.129s] -- Installing: /root/ros2_ws/install/srvs/share/srvs/cmake/export_srvs__rosidl_generator_cExport.cmake
[4.129s] -- Installing: /root/ros2_ws/install/srvs/share/srvs/cmake/export_srvs__rosidl_generator_cExport-noconfig.cmake
[4.129s] -- Installing: /root/ros2_ws/install/srvs/share/srvs/cmake/export_srvs__rosidl_typesupport_fastrtps_cExport.cmake
[4.129s] -- Installing: /root/ros2_ws/install/srvs/share/srvs/cmake/export_srvs__rosidl_typesupport_fastrtps_cExport-noconfig.cmake
[4.129s] -- Installing: /root/ros2_ws/install/srvs/share/srvs/cmake/export_srvs__rosidl_generator_cppExport.cmake
[4.129s] -- Installing: /root/ros2_ws/install/srvs/share/srvs/cmake/export_srvs__rosidl_typesupport_fastrtps_cppExport.cmake
[4.130s] -- Installing: /root/ros2_ws/install/srvs/share/srvs/cmake/export_srvs__rosidl_typesupport_fastrtps_cppExport-noconfig.cmake
[4.130s] -- Installing: /root/ros2_ws/install/srvs/share/srvs/cmake/srvs__rosidl_typesupport_introspection_cExport.cmake
[4.130s] -- Installing: /root/ros2_ws/install/srvs/share/srvs/cmake/srvs__rosidl_typesupport_introspection_cExport-noconfig.cmake
[4.130s] -- Installing: /root/ros2_ws/install/srvs/share/srvs/cmake/srvs__rosidl_typesupport_cExport.cmake
[4.130s] -- Installing: /root/ros2_ws/install/srvs/share/srvs/cmake/srvs__rosidl_typesupport_cExport-noconfig.cmake
[4.130s] -- Installing: /root/ros2_ws/install/srvs/share/srvs/cmake/srvs__rosidl_typesupport_introspection_cppExport.cmake
[4.130s] -- Installing: /root/ros2_ws/install/srvs/share/srvs/cmake/srvs__rosidl_typesupport_introspection_cppExport-noconfig.cmake
[4.131s] -- Installing: /root/ros2_ws/install/srvs/share/srvs/cmake/srvs__rosidl_typesupport_cppExport.cmake
[4.131s] -- Installing: /root/ros2_ws/install/srvs/share/srvs/cmake/srvs__rosidl_typesupport_cppExport-noconfig.cmake
[4.131s] -- Installing: /root/ros2_ws/install/srvs/share/srvs/cmake/export_srvs__rosidl_generator_pyExport.cmake
[4.131s] -- Installing: /root/ros2_ws/install/srvs/share/srvs/cmake/export_srvs__rosidl_generator_pyExport-noconfig.cmake
[4.131s] -- Installing: /root/ros2_ws/install/srvs/share/srvs/cmake/rosidl_cmake-extras.cmake
[4.131s] -- Installing: /root/ros2_ws/install/srvs/share/srvs/cmake/ament_cmake_export_include_directories-extras.cmake
[4.131s] -- Installing: /root/ros2_ws/install/srvs/share/srvs/cmake/ament_cmake_export_libraries-extras.cmake
[4.132s] -- Installing: /root/ros2_ws/install/srvs/share/srvs/cmake/ament_cmake_export_targets-extras.cmake
[4.132s] -- Installing: /root/ros2_ws/install/srvs/share/srvs/cmake/rosidl_cmake_export_typesupport_targets-extras.cmake
[4.132s] -- Installing: /root/ros2_ws/install/srvs/share/srvs/cmake/ament_cmake_export_dependencies-extras.cmake
[4.132s] -- Installing: /root/ros2_ws/install/srvs/share/srvs/cmake/rosidl_cmake_export_typesupport_libraries-extras.cmake
[4.132s] -- Installing: /root/ros2_ws/install/srvs/share/srvs/cmake/srvsConfig.cmake
[4.132s] -- Installing: /root/ros2_ws/install/srvs/share/srvs/cmake/srvsConfig-version.cmake
[4.132s] -- Installing: /root/ros2_ws/install/srvs/share/srvs/package.xml
[4.134s] Invoked command in '/root/ros2_ws/build/srvs' returned '0': /usr/bin/cmake --install /root/ros2_ws/build/srvs
