[0.014s] Invoking command in '/root/ros2_ws/build/srvs': CMAKE_PREFIX_PATH=/opt/ros/humble /usr/bin/cmake /root/ros2_ws/src/srvs -DCMAKE_INSTALL_PREFIX=/root/ros2_ws/install/srvs
[0.173s] -- The C compiler identification is GNU 11.4.0
[0.272s] -- The CXX compiler identification is GNU 11.4.0
[0.283s] -- Detecting C compiler ABI info
[0.341s] -- Detecting C compiler ABI info - done
[0.347s] -- Check for working C compiler: /usr/bin/cc - skipped
[0.348s] -- Detecting C compile features
[0.349s] -- Detecting C compile features - done
[0.352s] -- Detecting CXX compiler ABI info
[0.409s] -- Detecting CXX compiler ABI info - done
[0.415s] -- Check for working CXX compiler: /usr/bin/c++ - skipped
[0.415s] -- Detecting CXX compile features
[0.416s] -- Detecting CXX compile features - done
[0.423s] -- Found ament_cmake: 1.3.9 (/opt/ros/humble/share/ament_cmake/cmake)
[0.521s] -- Found Python3: /usr/bin/python3 (found version "3.10.12") found components: Interpreter 
[0.611s] -- Found rclcpp: 16.0.9 (/opt/ros/humble/share/rclcpp/cmake)
[0.670s] -- Found rosidl_generator_c: 3.1.5 (/opt/ros/humble/share/rosidl_generator_c/cmake)
[0.677s] -- Found rosidl_adapter: 3.1.5 (/opt/ros/humble/share/rosidl_adapter/cmake)
[0.686s] -- Found rosidl_generator_cpp: 3.1.5 (/opt/ros/humble/share/rosidl_generator_cpp/cmake)
[0.702s] -- Using all available rosidl_typesupport_c: rosidl_typesupport_fastrtps_c;rosidl_typesupport_introspection_c
[0.723s] -- Using all available rosidl_typesupport_cpp: rosidl_typesupport_fastrtps_cpp;rosidl_typesupport_introspection_cpp
[0.802s] -- Found rmw_implementation_cmake: 6.1.2 (/opt/ros/humble/share/rmw_implementation_cmake/cmake)
[0.807s] -- Found rmw_fastrtps_cpp: 6.2.6 (/opt/ros/humble/share/rmw_fastrtps_cpp/cmake)
[0.894s] -- Found OpenSSL: /usr/lib/aarch64-linux-gnu/libcrypto.so (found version "3.0.2")  
[0.918s] -- Found FastRTPS: /opt/ros/humble/include  
[0.963s] -- Using RMW implementation 'rmw_fastrtps_cpp' as default
[0.976s] -- Looking for pthread.h
[1.036s] -- Looking for pthread.h - found
[1.037s] -- Performing Test CMAKE_HAVE_LIBC_PTHREAD
[1.092s] -- Performing Test CMAKE_HAVE_LIBC_PTHREAD - Success
[1.093s] -- Found Threads: TRUE  
[1.261s] -- Found rosidl_default_generators: 1.2.0 (/opt/ros/humble/share/rosidl_default_generators/cmake)
[1.270s] [31mCMake Error at /opt/ros/humble/share/rosidl_cmake/cmake/rosidl_generate_interfaces.cmake:93 (message):
[1.270s]   rosidl_generate_interfaces() the passed file 'srv/GetSensorStatusList.srv'
[1.270s]   doesn't exist relative to the CMAKE_CURRENT_SOURCE_DIR
[1.270s]   '/root/ros2_ws/src/srvs'
[1.270s] Call Stack (most recent call first):
[1.270s]   CMakeLists.txt:17 (rosidl_generate_interfaces)
[1.270s] 
[1.271s] [0m
[1.271s] -- Configuring incomplete, errors occurred!
[1.271s] See also "/root/ros2_ws/build/srvs/CMakeFiles/CMakeOutput.log".
[1.276s] Invoked command in '/root/ros2_ws/build/srvs' returned '1': CMAKE_PREFIX_PATH=/opt/ros/humble /usr/bin/cmake /root/ros2_ws/src/srvs -DCMAKE_INSTALL_PREFIX=/root/ros2_ws/install/srvs
