In file included from [01m[K/opt/ros/humble/include/rclcpp/rclcpp/logging.hpp:24[m[K,
                 from [01m[K/opt/ros/humble/include/rclcpp/rclcpp/client.hpp:40[m[K,
                 from [01m[K/opt/ros/humble/include/rclcpp/rclcpp/callback_group.hpp:24[m[K,
                 from [01m[K/opt/ros/humble/include/rclcpp/rclcpp/any_executable.hpp:20[m[K,
                 from [01m[K/opt/ros/humble/include/rclcpp/rclcpp/memory_strategy.hpp:25[m[K,
                 from [01m[K/opt/ros/humble/include/rclcpp/rclcpp/memory_strategies.hpp:18[m[K,
                 from [01m[K/opt/ros/humble/include/rclcpp/rclcpp/executor_options.hpp:20[m[K,
                 from [01m[K/opt/ros/humble/include/rclcpp/rclcpp/executor.hpp:37[m[K,
                 from [01m[K/opt/ros/humble/include/rclcpp/rclcpp/executors/multi_threaded_executor.hpp:25[m[K,
                 from [01m[K/opt/ros/humble/include/rclcpp/rclcpp/executors.hpp:21[m[K,
                 from [01m[K/opt/ros/humble/include/rclcpp/rclcpp/rclcpp.hpp:155[m[K,
                 from [01m[K/root/ros2_ws/src/get_sensor_status/src/client.cpp:1[m[K:
[01m[K/root/ros2_ws/src/get_sensor_status/src/client.cpp:[m[K In function ‘[01m[Kint main(int, char**)[m[K’:
[01m[K/root/ros2_ws/src/get_sensor_status/src/client.cpp:44:55:[m[K [01;35m[Kwarning: [m[Kformat ‘[01m[K%u[m[K’ expects argument of type ‘[01m[Kunsigned int[m[K’, but argument 5 has type ‘[01m[Kconst _sensortype_type[m[K’ {aka ‘[01m[Kconst srvs::msg::SensorType_<std::allocator<void> >[m[K’} [[01;35m[K-Wformat=[m[K]
   44 |             RCLCPP_INFO(rclcpp::get_logger("rclcpp"), [01;35m[K"Sensor Type: %u"[m[K, [32m[Kstatus.sensortype[m[K);
      |                                                       [01;35m[K^~~~~~~~~~~~~~~~~[m[K  [32m[K~~~~~~~~~~~~~~~~~[m[K
      |                                                                                 [32m[K|[m[K
      |                                                                                 [32m[Kconst _sensortype_type {aka const srvs::msg::SensorType_<std::allocator<void> >}[m[K
[01m[K/root/ros2_ws/src/get_sensor_status/src/client.cpp:44:70:[m[K [01;36m[Knote: [m[Kformat string is defined here
   44 |    RCLCPP_INFO(rclcpp::get_logger("rclcpp"), "Sensor Type: [01;36m[K%u[m[K", status.sensortype);
      |                                                            [01;36m[K~^[m[K
      |                                                             [01;36m[K|[m[K
      |                                                             [01;36m[Kunsigned int[m[K

[01m[K/root/ros2_ws/src/get_sensor_status/src/service.cpp:[m[K In function ‘[01m[Kvoid generateData(std::shared_ptr<srvs::srv::GetSensorStatusList_Request_<std::allocator<void> > >, std::shared_ptr<srvs::srv::GetSensorStatusList_Response_<std::allocator<void> > >)[m[K’:
[01m[K/root/ros2_ws/src/get_sensor_status/src/service.cpp:39:37:[m[K [01;31m[Kerror: [m[K‘[01m[Kyour_package[m[K’ has not been declared
   39 |                 status.sensortype = [01;31m[Kyour_package[m[K::msg::SensorType::UNDEFINED;
      |                                     [01;31m[K^~~~~~~~~~~~[m[K
[01m[K/root/ros2_ws/src/get_sensor_status/src/service.cpp:42:37:[m[K [01;31m[Kerror: [m[K‘[01m[Kyour_package[m[K’ has not been declared
   42 |                 status.sensortype = [01;31m[Kyour_package[m[K::msg::SensorType::CAMERA;
      |                                     [01;31m[K^~~~~~~~~~~~[m[K
[01m[K/root/ros2_ws/src/get_sensor_status/src/service.cpp:45:37:[m[K [01;31m[Kerror: [m[K‘[01m[Kyour_package[m[K’ has not been declared
   45 |                 status.sensortype = [01;31m[Kyour_package[m[K::msg::SensorType::MIC;
      |                                     [01;31m[K^~~~~~~~~~~~[m[K
[01m[K/root/ros2_ws/src/get_sensor_status/src/service.cpp:10:82:[m[K [01;35m[Kwarning: [m[Kunused parameter ‘[01m[Krequest[m[K’ [[01;35m[K-Wunused-parameter[m[K]
   10 | void generateData([01;35m[Kconst std::shared_ptr<srvs::srv::GetSensorStatusList::Request> request[m[K,
      |                   [01;35m[K~~~~~~~~~~~~~~~~~~~~~~~~~~~~~~~~~~~~~~~~~~~~~~~~~~~~~~~~~~~~~~~^~~~~~~[m[K
gmake[2]: *** [CMakeFiles/get_sensor_status_service.dir/build.make:76: CMakeFiles/get_sensor_status_service.dir/src/service.cpp.o] Error 1
gmake[1]: *** [CMakeFiles/Makefile2:165: CMakeFiles/get_sensor_status_service.dir/all] Error 2
gmake[1]: *** Waiting for unfinished jobs....
gmake: *** [Makefile:146: all] Error 2
