[0.007s] Invoking command in '/root/ros2_ws/build/srvs': /usr/bin/cmake /root/ros2_ws/src/srvs -DCATKIN_INSTALL_INTO_PREFIX_ROOT=0 -DCMAKE_INSTALL_PREFIX=/root/ros2_ws/install/srvs
[0.115s] -- The C compiler identification is GNU 11.4.0
[0.208s] -- The CXX compiler identification is GNU 11.4.0
[0.215s] -- Detecting C compiler ABI info
[0.266s] -- Detecting C compiler ABI info - done
[0.272s] -- Check for working C compiler: /usr/bin/cc - skipped
[0.272s] -- Detecting C compile features
[0.273s] -- Detecting C compile features - done
[0.276s] -- Detecting CXX compiler ABI info
[0.328s] -- Detecting CXX compiler ABI info - done
[0.334s] -- Check for working CXX compiler: /usr/bin/c++ - skipped
[0.337s] -- Detecting CXX compile features
[0.339s] -- Detecting CXX compile features - done
[0.349s] [31mCMake Error at CMakeLists.txt:9 (find_package):
[0.349s]   By not providing "Findament_cmake.cmake" in CMAKE_MODULE_PATH this project
[0.349s]   has asked CMake to find a package configuration file provided by
[0.349s]   "ament_cmake", but CMake did not find one.
[0.349s] 
[0.349s]   Could not find a package configuration file provided by "ament_cmake" with
[0.349s]   any of the following names:
[0.349s] 
[0.349s]     ament_cmakeConfig.cmake
[0.349s]     ament_cmake-config.cmake
[0.349s] 
[0.349s]   Add the installation prefix of "ament_cmake" to CMAKE_PREFIX_PATH or set
[0.349s]   "ament_cmake_DIR" to a directory containing one of the above files.  If
[0.349s]   "ament_cmake" provides a separate development package or SDK, be sure it
[0.350s]   has been installed.
[0.350s] 
[0.350s] [0m
[0.350s] -- Configuring incomplete, errors occurred!
[0.350s] See also "/root/ros2_ws/build/srvs/CMakeFiles/CMakeOutput.log".
[0.351s] Invoked command in '/root/ros2_ws/build/srvs' returned '1': /usr/bin/cmake /root/ros2_ws/src/srvs -DCATKIN_INSTALL_INTO_PREFIX_ROOT=0 -DCMAKE_INSTALL_PREFIX=/root/ros2_ws/install/srvs
