[0.078s] DEBUG:colcon:Command line arguments: ['/usr/bin/colcon', 'build']
[0.078s] DEBUG:colcon:Parsed command line arguments: Namespace(log_base=None, log_level=None, verb_name='build', build_base='build', install_base='install', merge_install=False, symlink_install=False, test_result_base=None, continue_on_error=False, executor='parallel', parallel_workers=4, event_handlers=None, ignore_user_meta=False, metas=['./colcon.meta'], base_paths=['.'], packages_ignore=None, packages_ignore_regex=None, paths=None, packages_up_to=None, packages_up_to_regex=None, packages_above=None, packages_above_and_dependencies=None, packages_above_depth=None, packages_select_by_dep=None, packages_skip_by_dep=None, packages_skip_up_to=None, packages_select_build_failed=False, packages_skip_build_finished=False, packages_select_test_failures=False, packages_skip_test_passed=False, packages_select=None, packages_skip=None, packages_select_regex=None, packages_skip_regex=None, packages_start=None, packages_end=None, cmake_args=None, cmake_target=None, cmake_target_skip_unavailable=False, cmake_clean_cache=False, cmake_clean_first=False, cmake_force_configure=False, ament_cmake_args=None, catkin_cmake_args=None, catkin_skip_building_tests=False, mixin_files=None, mixin=None, verb_parser=<colcon_mixin.mixin.mixin_argument.MixinArgumentDecorator object at 0xffff903327d0>, verb_extension=<colcon_core.verb.build.BuildVerb object at 0xffff90332140>, main=<bound method BuildVerb.main of <colcon_core.verb.build.BuildVerb object at 0xffff90332140>>, mixin_verb=('build',))
[0.151s] Level 1:colcon.colcon_core.package_discovery:discover_packages(colcon_meta) check parameters
[0.151s] INFO:colcon.colcon_metadata.package_discovery.colcon_meta:Using configuration from '/root/.colcon/metadata/default/Gazebo.meta'
[0.152s] INFO:colcon.colcon_metadata.package_discovery.colcon_meta:Using configuration from '/root/.colcon/metadata/default/fastrtps.meta'
[0.152s] Level 1:colcon.colcon_core.package_discovery:discover_packages(recursive) check parameters
[0.152s] Level 1:colcon.colcon_core.package_discovery:discover_packages(ignore) check parameters
[0.152s] Level 1:colcon.colcon_core.package_discovery:discover_packages(path) check parameters
[0.152s] Level 1:colcon.colcon_core.package_discovery:discover_packages(colcon_meta) discover
[0.152s] Level 1:colcon.colcon_core.package_discovery:discover_packages(recursive) discover
[0.152s] INFO:colcon.colcon_core.package_discovery:Crawling recursively for packages in '/root/ros2_ws'
[0.152s] Level 1:colcon.colcon_core.package_identification:_identify(.) by extensions ['ignore', 'ignore_ament_install']
[0.152s] Level 1:colcon.colcon_core.package_identification:_identify(.) by extension 'ignore'
[0.152s] Level 1:colcon.colcon_core.package_identification:_identify(.) by extension 'ignore_ament_install'
[0.152s] Level 1:colcon.colcon_core.package_identification:_identify(.) by extensions ['colcon_pkg']
[0.152s] Level 1:colcon.colcon_core.package_identification:_identify(.) by extension 'colcon_pkg'
[0.152s] Level 1:colcon.colcon_core.package_identification:_identify(.) by extensions ['colcon_meta']
[0.152s] Level 1:colcon.colcon_core.package_identification:_identify(.) by extension 'colcon_meta'
[0.152s] Level 1:colcon.colcon_core.package_identification:_identify(.) by extensions ['ros']
[0.152s] Level 1:colcon.colcon_core.package_identification:_identify(.) by extension 'ros'
[0.160s] Level 1:colcon.colcon_core.package_identification:_identify(.) by extensions ['cmake', 'python']
[0.160s] Level 1:colcon.colcon_core.package_identification:_identify(.) by extension 'cmake'
[0.160s] Level 1:colcon.colcon_core.package_identification:_identify(.) by extension 'python'
[0.160s] Level 1:colcon.colcon_core.package_identification:_identify(.) by extensions ['python_setup_py']
[0.160s] Level 1:colcon.colcon_core.package_identification:_identify(.) by extension 'python_setup_py'
[0.160s] Level 1:colcon.colcon_core.package_identification:_identify(build) by extensions ['ignore', 'ignore_ament_install']
[0.160s] Level 1:colcon.colcon_core.package_identification:_identify(build) by extension 'ignore'
[0.160s] Level 1:colcon.colcon_core.package_identification:_identify(build) ignored
[0.161s] Level 1:colcon.colcon_core.package_identification:_identify(install) by extensions ['ignore', 'ignore_ament_install']
[0.161s] Level 1:colcon.colcon_core.package_identification:_identify(install) by extension 'ignore'
[0.161s] Level 1:colcon.colcon_core.package_identification:_identify(install) ignored
[0.161s] Level 1:colcon.colcon_core.package_identification:_identify(log) by extensions ['ignore', 'ignore_ament_install']
[0.161s] Level 1:colcon.colcon_core.package_identification:_identify(log) by extension 'ignore'
[0.161s] Level 1:colcon.colcon_core.package_identification:_identify(log) ignored
[0.161s] Level 1:colcon.colcon_core.package_identification:_identify(src) by extensions ['ignore', 'ignore_ament_install']
[0.161s] Level 1:colcon.colcon_core.package_identification:_identify(src) by extension 'ignore'
[0.161s] Level 1:colcon.colcon_core.package_identification:_identify(src) by extension 'ignore_ament_install'
[0.161s] Level 1:colcon.colcon_core.package_identification:_identify(src) by extensions ['colcon_pkg']
[0.161s] Level 1:colcon.colcon_core.package_identification:_identify(src) by extension 'colcon_pkg'
[0.161s] Level 1:colcon.colcon_core.package_identification:_identify(src) by extensions ['colcon_meta']
[0.161s] Level 1:colcon.colcon_core.package_identification:_identify(src) by extension 'colcon_meta'
[0.161s] Level 1:colcon.colcon_core.package_identification:_identify(src) by extensions ['ros']
[0.161s] Level 1:colcon.colcon_core.package_identification:_identify(src) by extension 'ros'
[0.161s] Level 1:colcon.colcon_core.package_identification:_identify(src) by extensions ['cmake', 'python']
[0.161s] Level 1:colcon.colcon_core.package_identification:_identify(src) by extension 'cmake'
[0.161s] Level 1:colcon.colcon_core.package_identification:_identify(src) by extension 'python'
[0.161s] Level 1:colcon.colcon_core.package_identification:_identify(src) by extensions ['python_setup_py']
[0.161s] Level 1:colcon.colcon_core.package_identification:_identify(src) by extension 'python_setup_py'
[0.161s] Level 1:colcon.colcon_core.package_identification:_identify(src/get_sensor_status) by extensions ['ignore', 'ignore_ament_install']
[0.161s] Level 1:colcon.colcon_core.package_identification:_identify(src/get_sensor_status) by extension 'ignore'
[0.161s] Level 1:colcon.colcon_core.package_identification:_identify(src/get_sensor_status) by extension 'ignore_ament_install'
[0.161s] Level 1:colcon.colcon_core.package_identification:_identify(src/get_sensor_status) by extensions ['colcon_pkg']
[0.161s] Level 1:colcon.colcon_core.package_identification:_identify(src/get_sensor_status) by extension 'colcon_pkg'
[0.161s] Level 1:colcon.colcon_core.package_identification:_identify(src/get_sensor_status) by extensions ['colcon_meta']
[0.161s] Level 1:colcon.colcon_core.package_identification:_identify(src/get_sensor_status) by extension 'colcon_meta'
[0.161s] Level 1:colcon.colcon_core.package_identification:_identify(src/get_sensor_status) by extensions ['ros']
[0.161s] Level 1:colcon.colcon_core.package_identification:_identify(src/get_sensor_status) by extension 'ros'
[0.163s] DEBUG:colcon.colcon_core.package_identification:Package 'src/get_sensor_status' with type 'ros.ament_cmake' and name 'get_sensor_status'
[0.163s] Level 1:colcon.colcon_core.package_identification:_identify(src/srvs) by extensions ['ignore', 'ignore_ament_install']
[0.163s] Level 1:colcon.colcon_core.package_identification:_identify(src/srvs) by extension 'ignore'
[0.163s] Level 1:colcon.colcon_core.package_identification:_identify(src/srvs) by extension 'ignore_ament_install'
[0.163s] Level 1:colcon.colcon_core.package_identification:_identify(src/srvs) by extensions ['colcon_pkg']
[0.163s] Level 1:colcon.colcon_core.package_identification:_identify(src/srvs) by extension 'colcon_pkg'
[0.163s] Level 1:colcon.colcon_core.package_identification:_identify(src/srvs) by extensions ['colcon_meta']
[0.163s] Level 1:colcon.colcon_core.package_identification:_identify(src/srvs) by extension 'colcon_meta'
[0.164s] Level 1:colcon.colcon_core.package_identification:_identify(src/srvs) by extensions ['ros']
[0.164s] Level 1:colcon.colcon_core.package_identification:_identify(src/srvs) by extension 'ros'
[0.164s] DEBUG:colcon.colcon_core.package_identification:Package 'src/srvs' with type 'ros.catkin' and name 'srvs'
[0.164s] Level 1:colcon.colcon_core.package_discovery:discover_packages(recursive) using defaults
[0.164s] Level 1:colcon.colcon_core.package_discovery:discover_packages(ignore) discover
[0.164s] Level 1:colcon.colcon_core.package_discovery:discover_packages(ignore) using defaults
[0.164s] Level 1:colcon.colcon_core.package_discovery:discover_packages(path) discover
[0.164s] Level 1:colcon.colcon_core.package_discovery:discover_packages(path) using defaults
[0.177s] Level 5:colcon.colcon_core.verb:set package 'srvs' build argument 'cmake_args' from command line to 'None'
[0.178s] Level 5:colcon.colcon_core.verb:set package 'srvs' build argument 'cmake_target' from command line to 'None'
[0.178s] Level 5:colcon.colcon_core.verb:set package 'srvs' build argument 'cmake_target_skip_unavailable' from command line to 'False'
[0.178s] Level 5:colcon.colcon_core.verb:set package 'srvs' build argument 'cmake_clean_cache' from command line to 'False'
[0.178s] Level 5:colcon.colcon_core.verb:set package 'srvs' build argument 'cmake_clean_first' from command line to 'False'
[0.178s] Level 5:colcon.colcon_core.verb:set package 'srvs' build argument 'cmake_force_configure' from command line to 'False'
[0.178s] Level 5:colcon.colcon_core.verb:set package 'srvs' build argument 'ament_cmake_args' from command line to 'None'
[0.178s] Level 5:colcon.colcon_core.verb:set package 'srvs' build argument 'catkin_cmake_args' from command line to 'None'
[0.178s] Level 5:colcon.colcon_core.verb:set package 'srvs' build argument 'catkin_skip_building_tests' from command line to 'False'
[0.178s] DEBUG:colcon.colcon_core.verb:Building package 'srvs' with the following arguments: {'ament_cmake_args': None, 'build_base': '/root/ros2_ws/build/srvs', 'catkin_cmake_args': None, 'catkin_skip_building_tests': False, 'cmake_args': None, 'cmake_clean_cache': False, 'cmake_clean_first': False, 'cmake_force_configure': False, 'cmake_target': None, 'cmake_target_skip_unavailable': False, 'install_base': '/root/ros2_ws/install/srvs', 'merge_install': False, 'path': '/root/ros2_ws/src/srvs', 'symlink_install': False, 'test_result_base': None}
[0.178s] Level 5:colcon.colcon_core.verb:set package 'get_sensor_status' build argument 'cmake_args' from command line to 'None'
[0.178s] Level 5:colcon.colcon_core.verb:set package 'get_sensor_status' build argument 'cmake_target' from command line to 'None'
[0.178s] Level 5:colcon.colcon_core.verb:set package 'get_sensor_status' build argument 'cmake_target_skip_unavailable' from command line to 'False'
[0.178s] Level 5:colcon.colcon_core.verb:set package 'get_sensor_status' build argument 'cmake_clean_cache' from command line to 'False'
[0.178s] Level 5:colcon.colcon_core.verb:set package 'get_sensor_status' build argument 'cmake_clean_first' from command line to 'False'
[0.178s] Level 5:colcon.colcon_core.verb:set package 'get_sensor_status' build argument 'cmake_force_configure' from command line to 'False'
[0.178s] Level 5:colcon.colcon_core.verb:set package 'get_sensor_status' build argument 'ament_cmake_args' from command line to 'None'
[0.178s] Level 5:colcon.colcon_core.verb:set package 'get_sensor_status' build argument 'catkin_cmake_args' from command line to 'None'
[0.178s] Level 5:colcon.colcon_core.verb:set package 'get_sensor_status' build argument 'catkin_skip_building_tests' from command line to 'False'
[0.178s] DEBUG:colcon.colcon_core.verb:Building package 'get_sensor_status' with the following arguments: {'ament_cmake_args': None, 'build_base': '/root/ros2_ws/build/get_sensor_status', 'catkin_cmake_args': None, 'catkin_skip_building_tests': False, 'cmake_args': None, 'cmake_clean_cache': False, 'cmake_clean_first': False, 'cmake_force_configure': False, 'cmake_target': None, 'cmake_target_skip_unavailable': False, 'install_base': '/root/ros2_ws/install/get_sensor_status', 'merge_install': False, 'path': '/root/ros2_ws/src/get_sensor_status', 'symlink_install': False, 'test_result_base': None}
[0.178s] INFO:colcon.colcon_core.executor:Executing jobs using 'parallel' executor
[0.179s] DEBUG:colcon.colcon_parallel_executor.executor.parallel:run_until_complete
[0.180s] INFO:colcon.colcon_ros.task.catkin.build:Building ROS package in '/root/ros2_ws/src/srvs' with build type 'catkin'
[0.180s] INFO:colcon.colcon_cmake.task.cmake.build:Building CMake package in '/root/ros2_ws/src/srvs'
[0.181s] INFO:colcon.colcon_core.plugin_system:Skipping extension 'colcon_core.shell.bat': Not used on non-Windows systems
[0.181s] INFO:colcon.colcon_core.shell:Skip shell extension 'powershell' for command environment: Not usable outside of PowerShell
[0.181s] DEBUG:colcon.colcon_core.shell:Skip shell extension 'dsv' for command environment
[0.182s] WARNING:colcon.colcon_ros.prefix_path.catkin:The path '/root/ros2_ws/install/srvs' in the environment variable CMAKE_PREFIX_PATH doesn't exist
[0.188s] DEBUG:colcon.colcon_core.event_handler.log_command:Invoking command in '/root/ros2_ws/build/srvs': /usr/bin/cmake /root/ros2_ws/src/srvs -DCATKIN_INSTALL_INTO_PREFIX_ROOT=0 -DCMAKE_INSTALL_PREFIX=/root/ros2_ws/install/srvs
[1.571s] DEBUG:colcon.colcon_core.event_handler.log_command:Invoked command in '/root/ros2_ws/build/srvs' returned '0': /usr/bin/cmake /root/ros2_ws/src/srvs -DCATKIN_INSTALL_INTO_PREFIX_ROOT=0 -DCMAKE_INSTALL_PREFIX=/root/ros2_ws/install/srvs
[1.573s] DEBUG:colcon.colcon_core.event_handler.log_command:Invoking command in '/root/ros2_ws/build/srvs': /usr/bin/cmake --build /root/ros2_ws/build/srvs -- -j4 -l4
[4.015s] DEBUG:colcon.colcon_core.event_handler.log_command:Invoked command in '/root/ros2_ws/build/srvs' returned '0': /usr/bin/cmake --build /root/ros2_ws/build/srvs -- -j4 -l4
[4.124s] DEBUG:colcon.colcon_core.event_handler.log_command:Invoking command in '/root/ros2_ws/build/srvs': /usr/bin/cmake --install /root/ros2_ws/build/srvs
[4.186s] DEBUG:colcon.colcon_core.event_handler.log_command:Invoked command in '/root/ros2_ws/build/srvs' returned '0': /usr/bin/cmake --install /root/ros2_ws/build/srvs
[4.242s] Level 1:colcon.colcon_core.shell:create_environment_hook('srvs', 'ros_package_path')
[4.243s] INFO:colcon.colcon_core.shell:Creating environment hook '/root/ros2_ws/install/srvs/share/srvs/hook/ros_package_path.ps1'
[4.243s] INFO:colcon.colcon_core.shell:Creating environment descriptor '/root/ros2_ws/install/srvs/share/srvs/hook/ros_package_path.dsv'
[4.243s] INFO:colcon.colcon_core.shell:Creating environment hook '/root/ros2_ws/install/srvs/share/srvs/hook/ros_package_path.sh'
[4.244s] Level 1:colcon.colcon_ros.task.catkin:checking '/root/ros2_ws/install/srvs/local/lib/python3.10/dist-packages'
[4.244s] Level 1:colcon.colcon_core.shell:create_environment_hook('srvs', 'catkin_pythonpath')
[4.244s] INFO:colcon.colcon_core.shell:Creating environment hook '/root/ros2_ws/install/srvs/share/srvs/hook/catkin_pythonpath.ps1'
[4.244s] INFO:colcon.colcon_core.shell:Creating environment descriptor '/root/ros2_ws/install/srvs/share/srvs/hook/catkin_pythonpath.dsv'
[4.244s] INFO:colcon.colcon_core.shell:Creating environment hook '/root/ros2_ws/install/srvs/share/srvs/hook/catkin_pythonpath.sh'
[4.245s] Level 1:colcon.colcon_core.shell:create_environment_hook('srvs', 'pkg_config_path')
[4.245s] INFO:colcon.colcon_core.shell:Creating environment hook '/root/ros2_ws/install/srvs/share/srvs/hook/pkg_config_path.ps1'
[4.245s] INFO:colcon.colcon_core.shell:Creating environment descriptor '/root/ros2_ws/install/srvs/share/srvs/hook/pkg_config_path.dsv'
[4.245s] INFO:colcon.colcon_core.shell:Creating environment hook '/root/ros2_ws/install/srvs/share/srvs/hook/pkg_config_path.sh'
[4.246s] Level 1:colcon.colcon_core.shell:create_environment_hook('srvs', 'pkg_config_path_multiarch')
[4.246s] INFO:colcon.colcon_core.shell:Creating environment hook '/root/ros2_ws/install/srvs/share/srvs/hook/pkg_config_path_multiarch.ps1'
[4.247s] INFO:colcon.colcon_core.shell:Creating environment descriptor '/root/ros2_ws/install/srvs/share/srvs/hook/pkg_config_path_multiarch.dsv'
[4.247s] INFO:colcon.colcon_core.shell:Creating environment hook '/root/ros2_ws/install/srvs/share/srvs/hook/pkg_config_path_multiarch.sh'
[4.247s] Level 1:colcon.colcon_core.environment:create_environment_scripts_only(srvs)
[4.249s] Level 1:colcon.colcon_core.environment:checking '/root/ros2_ws/install/srvs' for CMake module files
[4.250s] Level 1:colcon.colcon_core.environment:checking '/root/ros2_ws/install/srvs' for CMake config files
[4.250s] Level 1:colcon.colcon_core.shell:create_environment_hook('srvs', 'cmake_prefix_path')
[4.250s] INFO:colcon.colcon_core.shell:Creating environment hook '/root/ros2_ws/install/srvs/share/srvs/hook/cmake_prefix_path.ps1'
[4.251s] INFO:colcon.colcon_core.shell:Creating environment descriptor '/root/ros2_ws/install/srvs/share/srvs/hook/cmake_prefix_path.dsv'
[4.251s] INFO:colcon.colcon_core.shell:Creating environment hook '/root/ros2_ws/install/srvs/share/srvs/hook/cmake_prefix_path.sh'
[4.251s] Level 1:colcon.colcon_core.environment:checking '/root/ros2_ws/install/srvs/lib'
[4.251s] Level 1:colcon.colcon_core.shell:create_environment_hook('srvs', 'ld_library_path_lib')
[4.251s] INFO:colcon.colcon_core.shell:Creating environment hook '/root/ros2_ws/install/srvs/share/srvs/hook/ld_library_path_lib.ps1'
[4.251s] INFO:colcon.colcon_core.shell:Creating environment descriptor '/root/ros2_ws/install/srvs/share/srvs/hook/ld_library_path_lib.dsv'
[4.252s] INFO:colcon.colcon_core.shell:Creating environment hook '/root/ros2_ws/install/srvs/share/srvs/hook/ld_library_path_lib.sh'
[4.252s] Level 1:colcon.colcon_core.environment:checking '/root/ros2_ws/install/srvs/bin'
[4.252s] Level 1:colcon.colcon_core.environment:checking '/root/ros2_ws/install/srvs/lib/pkgconfig/srvs.pc'
[4.253s] Level 1:colcon.colcon_core.environment:checking '/root/ros2_ws/install/srvs/lib/python3.10/site-packages'
[4.253s] Level 1:colcon.colcon_core.environment:checking '/root/ros2_ws/install/srvs/bin'
[4.253s] INFO:colcon.colcon_core.shell:Creating package script '/root/ros2_ws/install/srvs/share/srvs/package.ps1'
[4.254s] INFO:colcon.colcon_core.shell:Creating package descriptor '/root/ros2_ws/install/srvs/share/srvs/package.dsv'
[4.254s] INFO:colcon.colcon_core.shell:Creating package script '/root/ros2_ws/install/srvs/share/srvs/package.sh'
[4.255s] INFO:colcon.colcon_core.shell:Creating package script '/root/ros2_ws/install/srvs/share/srvs/package.bash'
[4.255s] INFO:colcon.colcon_core.shell:Creating package script '/root/ros2_ws/install/srvs/share/srvs/package.zsh'
[4.256s] Level 1:colcon.colcon_core.environment:create_file_with_runtime_dependencies(/root/ros2_ws/install/srvs/share/colcon-core/packages/srvs)
[4.256s] INFO:colcon.colcon_ros.task.ament_cmake.build:Building ROS package in '/root/ros2_ws/src/get_sensor_status' with build type 'ament_cmake'
[4.256s] INFO:colcon.colcon_cmake.task.cmake.build:Building CMake package in '/root/ros2_ws/src/get_sensor_status'
[4.256s] INFO:colcon.colcon_core.shell:Skip shell extension 'powershell' for command environment: Not usable outside of PowerShell
[4.256s] DEBUG:colcon.colcon_core.shell:Skip shell extension 'dsv' for command environment
[4.263s] DEBUG:colcon.colcon_core.event_handler.log_command:Invoking command in '/root/ros2_ws/build/get_sensor_status': CMAKE_PREFIX_PATH=/opt/ros/humble:${CMAKE_PREFIX_PATH} /usr/bin/cmake /root/ros2_ws/src/get_sensor_status -DCMAKE_INSTALL_PREFIX=/root/ros2_ws/install/get_sensor_status
[5.202s] DEBUG:colcon.colcon_core.event_handler.log_command:Invoked command in '/root/ros2_ws/build/get_sensor_status' returned '0': CMAKE_PREFIX_PATH=/opt/ros/humble:${CMAKE_PREFIX_PATH} /usr/bin/cmake /root/ros2_ws/src/get_sensor_status -DCMAKE_INSTALL_PREFIX=/root/ros2_ws/install/get_sensor_status
[5.203s] DEBUG:colcon.colcon_core.event_handler.log_command:Invoking command in '/root/ros2_ws/build/get_sensor_status': CMAKE_PREFIX_PATH=/opt/ros/humble:${CMAKE_PREFIX_PATH} /usr/bin/cmake --build /root/ros2_ws/build/get_sensor_status -- -j4 -l4
[7.869s] DEBUG:colcon.colcon_core.event_handler.log_command:Invoked command in '/root/ros2_ws/build/get_sensor_status' returned '2': CMAKE_PREFIX_PATH=/opt/ros/humble:${CMAKE_PREFIX_PATH} /usr/bin/cmake --build /root/ros2_ws/build/get_sensor_status -- -j4 -l4
[7.887s] Level 1:colcon.colcon_core.environment:create_environment_scripts_only(get_sensor_status)
[7.887s] Level 1:colcon.colcon_core.environment:checking '/root/ros2_ws/install/get_sensor_status' for CMake module files
[7.888s] Level 1:colcon.colcon_core.environment:checking '/root/ros2_ws/install/get_sensor_status' for CMake config files
[7.888s] Level 1:colcon.colcon_core.environment:checking '/root/ros2_ws/install/get_sensor_status/bin'
[7.888s] Level 1:colcon.colcon_core.environment:checking '/root/ros2_ws/install/get_sensor_status/lib/pkgconfig/get_sensor_status.pc'
[7.888s] Level 1:colcon.colcon_core.environment:checking '/root/ros2_ws/install/get_sensor_status/lib/python3.10/site-packages'
[7.888s] Level 1:colcon.colcon_core.environment:checking '/root/ros2_ws/install/get_sensor_status/bin'
[7.888s] INFO:colcon.colcon_core.shell:Creating package script '/root/ros2_ws/install/get_sensor_status/share/get_sensor_status/package.ps1'
[7.889s] INFO:colcon.colcon_core.shell:Creating package descriptor '/root/ros2_ws/install/get_sensor_status/share/get_sensor_status/package.dsv'
[7.889s] INFO:colcon.colcon_core.shell:Creating package script '/root/ros2_ws/install/get_sensor_status/share/get_sensor_status/package.sh'
[7.889s] INFO:colcon.colcon_core.shell:Creating package script '/root/ros2_ws/install/get_sensor_status/share/get_sensor_status/package.bash'
[7.890s] INFO:colcon.colcon_core.shell:Creating package script '/root/ros2_ws/install/get_sensor_status/share/get_sensor_status/package.zsh'
[7.890s] Level 1:colcon.colcon_core.environment:create_file_with_runtime_dependencies(/root/ros2_ws/install/get_sensor_status/share/colcon-core/packages/get_sensor_status)
[7.901s] DEBUG:colcon.colcon_parallel_executor.executor.parallel:closing loop
[7.902s] DEBUG:colcon.colcon_parallel_executor.executor.parallel:loop closed
[7.902s] DEBUG:colcon.colcon_parallel_executor.executor.parallel:run_until_complete finished with '2'
[7.902s] DEBUG:colcon.colcon_core.event_reactor:joining thread
[7.906s] INFO:colcon.colcon_core.plugin_system:Skipping extension 'colcon_notification.desktop_notification.notify_send': Could not find 'notify-send'
[7.906s] INFO:colcon.colcon_core.plugin_system:Skipping extension 'colcon_notification.desktop_notification.terminal_notifier': Not used on non-Darwin systems
[7.906s] INFO:colcon.colcon_core.plugin_system:Skipping extension 'colcon_notification.desktop_notification.win32': Not used on non-Windows systems
[7.906s] INFO:colcon.colcon_notification.desktop_notification:Sending desktop notification using 'notify2'
[7.907s] DEBUG:colcon.colcon_notification.desktop_notification.notify2:Failed to initialize notify2: org.freedesktop.DBus.Error.NotSupported: Unable to autolaunch a dbus-daemon without a $DISPLAY for X11
[7.907s] DEBUG:colcon.colcon_core.event_reactor:joined thread
[7.907s] INFO:colcon.colcon_core.shell:Creating prefix script '/root/ros2_ws/install/local_setup.ps1'
[7.908s] INFO:colcon.colcon_core.shell:Creating prefix util module '/root/ros2_ws/install/_local_setup_util_ps1.py'
[7.908s] INFO:colcon.colcon_core.shell:Creating prefix chain script '/root/ros2_ws/install/setup.ps1'
[7.909s] INFO:colcon.colcon_core.shell:Creating prefix script '/root/ros2_ws/install/local_setup.sh'
[7.909s] INFO:colcon.colcon_core.shell:Creating prefix util module '/root/ros2_ws/install/_local_setup_util_sh.py'
[7.910s] INFO:colcon.colcon_core.shell:Creating prefix chain script '/root/ros2_ws/install/setup.sh'
[7.910s] INFO:colcon.colcon_core.shell:Creating prefix script '/root/ros2_ws/install/local_setup.bash'
[7.911s] INFO:colcon.colcon_core.shell:Creating prefix chain script '/root/ros2_ws/install/setup.bash'
[7.911s] INFO:colcon.colcon_core.shell:Creating prefix script '/root/ros2_ws/install/local_setup.zsh'
[7.911s] INFO:colcon.colcon_core.shell:Creating prefix chain script '/root/ros2_ws/install/setup.zsh'
