[0.008s] Invoking command in '/root/ros2_ws/build/srvs': /usr/bin/cmake /root/ros2_ws/src/srvs -DCATKIN_INSTALL_INTO_PREFIX_ROOT=0 -DCMAKE_INSTALL_PREFIX=/root/ros2_ws/install/srvs
[0.048s] -- The C compiler identification is GNU 11.4.0
[0.089s] -- The CXX compiler identification is GNU 11.4.0
[0.094s] -- Detecting C compiler ABI info
[0.146s] -- Detecting C compiler ABI info - done
[0.152s] -- Check for working C compiler: /usr/bin/cc - skipped
[0.152s] -- Detecting C compile features
[0.152s] -- Detecting C compile features - done
[0.155s] -- Detecting CXX compiler ABI info
[0.208s] -- Detecting CXX compiler ABI info - done
[0.214s] -- Check for working CXX compiler: /usr/bin/c++ - skipped
[0.215s] -- Detecting CXX compile features
[0.215s] -- Detecting CXX compile features - done
[0.217s] -- Found ament_cmake: 1.3.10 (/opt/ros/humble/share/ament_cmake/cmake)
[0.310s] -- Found Python3: /usr/bin/python3 (found version "3.10.12") found components: Interpreter 
[0.372s] -- Found rclcpp: 16.0.9 (/opt/ros/humble/share/rclcpp/cmake)
[0.405s] -- Found rosidl_generator_c: 3.1.5 (/opt/ros/humble/share/rosidl_generator_c/cmake)
[0.408s] -- Found rosidl_adapter: 3.1.5 (/opt/ros/humble/share/rosidl_adapter/cmake)
[0.414s] -- Found rosidl_generator_cpp: 3.1.5 (/opt/ros/humble/share/rosidl_generator_cpp/cmake)
[0.424s] -- Using all available rosidl_typesupport_c: rosidl_typesupport_fastrtps_c;rosidl_typesupport_introspection_c
[0.440s] -- Using all available rosidl_typesupport_cpp: rosidl_typesupport_fastrtps_cpp;rosidl_typesupport_introspection_cpp
[0.497s] -- Found rmw_implementation_cmake: 6.1.2 (/opt/ros/humble/share/rmw_implementation_cmake/cmake)
[0.499s] -- Found rmw_fastrtps_cpp: 6.2.6 (/opt/ros/humble/share/rmw_fastrtps_cpp/cmake)
[0.563s] -- Found OpenSSL: /usr/lib/aarch64-linux-gnu/libcrypto.so (found version "3.0.2")  
[0.584s] -- Found FastRTPS: /opt/ros/humble/include  
[0.623s] -- Using RMW implementation 'rmw_fastrtps_cpp' as default
[0.630s] -- Looking for pthread.h
[0.680s] -- Looking for pthread.h - found
[0.681s] -- Performing Test CMAKE_HAVE_LIBC_PTHREAD
[0.727s] -- Performing Test CMAKE_HAVE_LIBC_PTHREAD - Success
[0.728s] -- Found Threads: TRUE  
[0.870s] -- Found rosidl_default_generators: 1.2.0 (/opt/ros/humble/share/rosidl_default_generators/cmake)
[1.047s] -- Found ament_cmake_ros: 0.10.0 (/opt/ros/humble/share/ament_cmake_ros/cmake)
[1.236s] -- Using all available rosidl_typesupport_c: rosidl_typesupport_fastrtps_c;rosidl_typesupport_introspection_c
[1.311s] -- Using all available rosidl_typesupport_cpp: rosidl_typesupport_fastrtps_cpp;rosidl_typesupport_introspection_cpp
[1.322s] -- Found PythonInterp: /usr/bin/python3 (found suitable version "3.10.12", minimum required is "3.6") 
[1.324s] -- Found python_cmake_module: 0.10.0 (/opt/ros/humble/share/python_cmake_module/cmake)
[1.337s] -- Found PythonLibs: /usr/lib/aarch64-linux-gnu/libpython3.10.so (found suitable version "3.10.12", minimum required is "3.5") 
[1.337s] -- Using PYTHON_EXECUTABLE: /usr/bin/python3
[1.337s] -- Using PYTHON_INCLUDE_DIRS: /usr/include/python3.10
[1.337s] -- Using PYTHON_LIBRARIES: /usr/lib/aarch64-linux-gnu/libpython3.10.so
[1.349s] -- Found PythonExtra: .so  
[1.372s] -- Configuring done
[1.395s] -- Generating done
[1.397s] [33mCMake Warning:
[1.397s]   Manually-specified variables were not used by the project:
[1.397s] 
[1.398s]     CATKIN_INSTALL_INTO_PREFIX_ROOT
[1.398s] 
[1.398s] [0m
[1.398s] -- Build files have been written to: /root/ros2_ws/build/srvs
[1.405s] Invoked command in '/root/ros2_ws/build/srvs' returned '0': /usr/bin/cmake /root/ros2_ws/src/srvs -DCATKIN_INSTALL_INTO_PREFIX_ROOT=0 -DCMAKE_INSTALL_PREFIX=/root/ros2_ws/install/srvs
[1.406s] Invoking command in '/root/ros2_ws/build/srvs': /usr/bin/cmake --build /root/ros2_ws/build/srvs -- -j4 -l4
[1.433s] [  2%] [34m[1mGenerating C code for ROS interfaces[0m
[1.438s] [  4%] [34m[1mGenerating C++ code for ROS interfaces[0m
[1.446s] [  4%] Built target ament_cmake_python_copy_srvs
[1.575s] running egg_info
[1.575s] creating srvs.egg-info
[1.575s] writing srvs.egg-info/PKG-INFO
[1.575s] writing dependency_links to srvs.egg-info/dependency_links.txt
[1.575s] writing top-level names to srvs.egg-info/top_level.txt
[1.575s] writing manifest file 'srvs.egg-info/SOURCES.txt'
[1.576s] reading manifest file 'srvs.egg-info/SOURCES.txt'
[1.577s] writing manifest file 'srvs.egg-info/SOURCES.txt'
[1.598s] [  4%] Built target ament_cmake_python_build_srvs_egg
[1.719s] [  4%] Built target srvs__cpp
[1.725s] [  6%] [34m[1mGenerating C++ type support for eProsima Fast-RTPS[0m
[1.734s] [  8%] [34m[1mGenerating C++ introspection for ROS interfaces[0m
[1.737s] [ 10%] [34m[1mGenerating C++ type support dispatch for ROS interfaces[0m
[1.748s] [ 12%] [32mBuilding C object CMakeFiles/srvs__rosidl_generator_c.dir/rosidl_generator_c/srvs/msg/detail/sensor_type__functions.c.o[0m
[1.782s] [ 14%] [32mBuilding C object CMakeFiles/srvs__rosidl_generator_c.dir/rosidl_generator_c/srvs/msg/detail/sensor_status__functions.c.o[0m
[1.824s] [ 17%] [32mBuilding C object CMakeFiles/srvs__rosidl_generator_c.dir/rosidl_generator_c/srvs/srv/detail/get_sensor_status_list__functions.c.o[0m
[1.870s] [ 19%] [32m[1mLinking C shared library libsrvs__rosidl_generator_c.so[0m
[1.893s] [ 19%] Built target srvs__rosidl_generator_c
[1.899s] [ 21%] [34m[1mGenerating C introspection for ROS interfaces[0m
[1.971s] [ 23%] [32mBuilding CXX object CMakeFiles/srvs__rosidl_typesupport_cpp.dir/rosidl_typesupport_cpp/srvs/msg/sensor_type__type_support.cpp.o[0m
[1.996s] [ 25%] [32mBuilding CXX object CMakeFiles/srvs__rosidl_typesupport_introspection_cpp.dir/rosidl_typesupport_introspection_cpp/srvs/msg/detail/sensor_type__type_support.cpp.o[0m
[2.021s] [ 27%] [32mBuilding CXX object CMakeFiles/srvs__rosidl_typesupport_fastrtps_cpp.dir/rosidl_typesupport_fastrtps_cpp/srvs/msg/detail/dds_fastrtps/sensor_type__type_support.cpp.o[0m
[2.157s] [ 29%] [32mBuilding CXX object CMakeFiles/srvs__rosidl_typesupport_cpp.dir/rosidl_typesupport_cpp/srvs/msg/sensor_status__type_support.cpp.o[0m
[2.188s] [ 31%] [32mBuilding C object CMakeFiles/srvs__rosidl_typesupport_introspection_c.dir/rosidl_typesupport_introspection_c/srvs/msg/detail/sensor_type__type_support.c.o[0m
[2.214s] [ 34%] [32mBuilding C object CMakeFiles/srvs__rosidl_typesupport_introspection_c.dir/rosidl_typesupport_introspection_c/srvs/msg/detail/sensor_status__type_support.c.o[0m
[2.242s] [ 36%] [32mBuilding C object CMakeFiles/srvs__rosidl_typesupport_introspection_c.dir/rosidl_typesupport_introspection_c/srvs/srv/detail/get_sensor_status_list__type_support.c.o[0m
[2.266s] [ 38%] [32mBuilding CXX object CMakeFiles/srvs__rosidl_typesupport_introspection_cpp.dir/rosidl_typesupport_introspection_cpp/srvs/msg/detail/sensor_status__type_support.cpp.o[0m
[2.272s] [ 40%] [32m[1mLinking C shared library libsrvs__rosidl_typesupport_introspection_c.so[0m
[2.292s] [ 40%] Built target srvs__rosidl_typesupport_introspection_c
[2.299s] [ 42%] [34m[1mGenerating C type support dispatch for ROS interfaces[0m
[2.322s] [ 44%] [32mBuilding CXX object CMakeFiles/srvs__rosidl_typesupport_fastrtps_cpp.dir/rosidl_typesupport_fastrtps_cpp/srvs/msg/detail/dds_fastrtps/sensor_status__type_support.cpp.o[0m
[2.347s] [ 46%] [32mBuilding CXX object CMakeFiles/srvs__rosidl_typesupport_cpp.dir/rosidl_typesupport_cpp/srvs/srv/get_sensor_status_list__type_support.cpp.o[0m
[2.523s] [ 48%] [32mBuilding CXX object CMakeFiles/srvs__rosidl_typesupport_introspection_cpp.dir/rosidl_typesupport_introspection_cpp/srvs/srv/detail/get_sensor_status_list__type_support.cpp.o[0m
[2.525s] [ 51%] [32m[1mLinking CXX shared library libsrvs__rosidl_typesupport_cpp.so[0m
[2.527s] [ 53%] [32mBuilding CXX object CMakeFiles/srvs__rosidl_typesupport_c.dir/rosidl_typesupport_c/srvs/msg/sensor_type__type_support.cpp.o[0m
[2.553s] [ 55%] [32mBuilding CXX object CMakeFiles/srvs__rosidl_typesupport_c.dir/rosidl_typesupport_c/srvs/msg/sensor_status__type_support.cpp.o[0m
[2.553s] [ 55%] Built target srvs__rosidl_typesupport_cpp
[2.559s] [ 57%] [34m[1mGenerating C type support for eProsima Fast-RTPS[0m
[2.575s] [ 59%] [32mBuilding CXX object CMakeFiles/srvs__rosidl_typesupport_c.dir/rosidl_typesupport_c/srvs/srv/get_sensor_status_list__type_support.cpp.o[0m
[2.599s] [ 61%] [32m[1mLinking CXX shared library libsrvs__rosidl_typesupport_c.so[0m
[2.604s] [ 63%] [32mBuilding CXX object CMakeFiles/srvs__rosidl_typesupport_fastrtps_cpp.dir/rosidl_typesupport_fastrtps_cpp/srvs/srv/detail/dds_fastrtps/get_sensor_status_list__type_support.cpp.o[0m
[2.627s] [ 63%] Built target srvs__rosidl_typesupport_c
[2.807s] [ 65%] [32m[1mLinking CXX shared library libsrvs__rosidl_typesupport_introspection_cpp.so[0m
[2.828s] [ 68%] [32mBuilding CXX object CMakeFiles/srvs__rosidl_typesupport_fastrtps_c.dir/rosidl_typesupport_fastrtps_c/srvs/msg/detail/sensor_type__type_support_c.cpp.o[0m
[2.837s] [ 70%] [32mBuilding CXX object CMakeFiles/srvs__rosidl_typesupport_fastrtps_c.dir/rosidl_typesupport_fastrtps_c/srvs/msg/detail/sensor_status__type_support_c.cpp.o[0m
[2.859s] [ 70%] Built target srvs__rosidl_typesupport_introspection_cpp
[2.864s] [ 72%] [32mBuilding CXX object CMakeFiles/srvs__rosidl_typesupport_fastrtps_c.dir/rosidl_typesupport_fastrtps_c/srvs/srv/detail/get_sensor_status_list__type_support_c.cpp.o[0m
[2.906s] [ 74%] [32m[1mLinking CXX shared library libsrvs__rosidl_typesupport_fastrtps_cpp.so[0m
[2.959s] [ 74%] Built target srvs__rosidl_typesupport_fastrtps_cpp
[3.097s] [ 76%] [32m[1mLinking CXX shared library libsrvs__rosidl_typesupport_fastrtps_c.so[0m
[3.143s] [ 76%] Built target srvs__rosidl_typesupport_fastrtps_c
[3.155s] [ 76%] Built target srvs
[3.167s] [ 78%] [34m[1mGenerating Python code for ROS interfaces[0m
[3.579s] [ 78%] Built target srvs__py
[3.590s] [ 80%] [32mBuilding C object CMakeFiles/srvs__rosidl_generator_py.dir/rosidl_generator_py/srvs/msg/_sensor_type_s.c.o[0m
[3.590s] [ 82%] [32mBuilding C object CMakeFiles/srvs__rosidl_generator_py.dir/rosidl_generator_py/srvs/msg/_sensor_status_s.c.o[0m
[3.591s] [ 85%] [32mBuilding C object CMakeFiles/srvs__rosidl_generator_py.dir/rosidl_generator_py/srvs/srv/_get_sensor_status_list_s.c.o[0m
[3.669s] [ 87%] [32m[1mLinking C shared library rosidl_generator_py/srvs/libsrvs__rosidl_generator_py.so[0m
[3.694s] [ 87%] Built target srvs__rosidl_generator_py
[3.706s] [ 91%] [32mBuilding C object CMakeFiles/srvs__rosidl_typesupport_introspection_c__pyext.dir/rosidl_generator_py/srvs/_srvs_s.ep.rosidl_typesupport_introspection_c.c.o[0m
[3.706s] [ 91%] [32mBuilding C object CMakeFiles/srvs__rosidl_typesupport_c__pyext.dir/rosidl_generator_py/srvs/_srvs_s.ep.rosidl_typesupport_c.c.o[0m
[3.706s] [ 93%] [32mBuilding C object CMakeFiles/srvs__rosidl_typesupport_fastrtps_c__pyext.dir/rosidl_generator_py/srvs/_srvs_s.ep.rosidl_typesupport_fastrtps_c.c.o[0m
[3.780s] [ 97%] [32m[1mLinking C shared library rosidl_generator_py/srvs/srvs_s__rosidl_typesupport_c.cpython-310-aarch64-linux-gnu.so[0m
[3.780s] [ 97%] [32m[1mLinking C shared library rosidl_generator_py/srvs/srvs_s__rosidl_typesupport_introspection_c.cpython-310-aarch64-linux-gnu.so[0m
[3.783s] [100%] [32m[1mLinking C shared library rosidl_generator_py/srvs/srvs_s__rosidl_typesupport_fastrtps_c.cpython-310-aarch64-linux-gnu.so[0m
[3.801s] [100%] Built target srvs__rosidl_typesupport_introspection_c__pyext
[3.801s] [100%] Built target srvs__rosidl_typesupport_c__pyext
[3.804s] [100%] Built target srvs__rosidl_typesupport_fastrtps_c__pyext
[3.812s] Invoked command in '/root/ros2_ws/build/srvs' returned '0': /usr/bin/cmake --build /root/ros2_ws/build/srvs -- -j4 -l4
[3.924s] Invoking command in '/root/ros2_ws/build/srvs': /usr/bin/cmake --install /root/ros2_ws/build/srvs
[3.929s] -- Install configuration: ""
[3.929s] -- Installing: /root/ros2_ws/install/srvs/share/ament_index/resource_index/rosidl_interfaces/srvs
[3.929s] -- Installing: /root/ros2_ws/install/srvs/include/srvs/srvs
[3.929s] -- Installing: /root/ros2_ws/install/srvs/include/srvs/srvs/msg
[3.930s] -- Installing: /root/ros2_ws/install/srvs/include/srvs/srvs/msg/sensor_status.h
[3.930s] -- Installing: /root/ros2_ws/install/srvs/include/srvs/srvs/msg/detail
[3.930s] -- Installing: /root/ros2_ws/install/srvs/include/srvs/srvs/msg/detail/sensor_status__functions.c
[3.930s] -- Installing: /root/ros2_ws/install/srvs/include/srvs/srvs/msg/detail/sensor_status__type_support.h
[3.930s] -- Installing: /root/ros2_ws/install/srvs/include/srvs/srvs/msg/detail/sensor_type__functions.h
[3.930s] -- Installing: /root/ros2_ws/install/srvs/include/srvs/srvs/msg/detail/sensor_type__struct.h
[3.930s] -- Installing: /root/ros2_ws/install/srvs/include/srvs/srvs/msg/detail/sensor_status__struct.h
[3.930s] -- Installing: /root/ros2_ws/install/srvs/include/srvs/srvs/msg/detail/sensor_status__functions.h
[3.931s] -- Installing: /root/ros2_ws/install/srvs/include/srvs/srvs/msg/detail/sensor_type__type_support.h
[3.931s] -- Installing: /root/ros2_ws/install/srvs/include/srvs/srvs/msg/detail/sensor_type__functions.c
[3.931s] -- Installing: /root/ros2_ws/install/srvs/include/srvs/srvs/msg/sensor_type.h
[3.931s] -- Installing: /root/ros2_ws/install/srvs/include/srvs/srvs/msg/rosidl_generator_c__visibility_control.h
[3.931s] -- Installing: /root/ros2_ws/install/srvs/include/srvs/srvs/srv
[3.931s] -- Installing: /root/ros2_ws/install/srvs/include/srvs/srvs/srv/detail
[3.931s] -- Installing: /root/ros2_ws/install/srvs/include/srvs/srvs/srv/detail/get_sensor_status_list__functions.h
[3.931s] -- Installing: /root/ros2_ws/install/srvs/include/srvs/srvs/srv/detail/get_sensor_status_list__struct.h
[3.931s] -- Installing: /root/ros2_ws/install/srvs/include/srvs/srvs/srv/detail/get_sensor_status_list__functions.c
[3.932s] -- Installing: /root/ros2_ws/install/srvs/include/srvs/srvs/srv/detail/get_sensor_status_list__type_support.h
[3.932s] -- Installing: /root/ros2_ws/install/srvs/include/srvs/srvs/srv/get_sensor_status_list.h
[3.932s] -- Installing: /root/ros2_ws/install/srvs/share/srvs/environment/library_path.sh
[3.932s] -- Installing: /root/ros2_ws/install/srvs/share/srvs/environment/library_path.dsv
[3.932s] -- Installing: /root/ros2_ws/install/srvs/lib/libsrvs__rosidl_generator_c.so
[3.932s] -- Set runtime path of "/root/ros2_ws/install/srvs/lib/libsrvs__rosidl_generator_c.so" to ""
[3.933s] -- Up-to-date: /root/ros2_ws/install/srvs/include/srvs/srvs
[3.933s] -- Up-to-date: /root/ros2_ws/install/srvs/include/srvs/srvs/msg
[3.933s] -- Up-to-date: /root/ros2_ws/install/srvs/include/srvs/srvs/msg/detail
[3.933s] -- Installing: /root/ros2_ws/install/srvs/include/srvs/srvs/msg/detail/sensor_type__rosidl_typesupport_fastrtps_c.h
[3.933s] -- Installing: /root/ros2_ws/install/srvs/include/srvs/srvs/msg/detail/sensor_status__rosidl_typesupport_fastrtps_c.h
[3.933s] -- Installing: /root/ros2_ws/install/srvs/include/srvs/srvs/msg/rosidl_typesupport_fastrtps_c__visibility_control.h
[3.933s] -- Up-to-date: /root/ros2_ws/install/srvs/include/srvs/srvs/srv
[3.933s] -- Up-to-date: /root/ros2_ws/install/srvs/include/srvs/srvs/srv/detail
[3.933s] -- Installing: /root/ros2_ws/install/srvs/include/srvs/srvs/srv/detail/get_sensor_status_list__rosidl_typesupport_fastrtps_c.h
[3.933s] -- Installing: /root/ros2_ws/install/srvs/lib/libsrvs__rosidl_typesupport_fastrtps_c.so
[3.934s] -- Set runtime path of "/root/ros2_ws/install/srvs/lib/libsrvs__rosidl_typesupport_fastrtps_c.so" to ""
[3.934s] -- Up-to-date: /root/ros2_ws/install/srvs/include/srvs/srvs
[3.934s] -- Up-to-date: /root/ros2_ws/install/srvs/include/srvs/srvs/msg
[3.934s] -- Up-to-date: /root/ros2_ws/install/srvs/include/srvs/srvs/msg/detail
[3.934s] -- Installing: /root/ros2_ws/install/srvs/include/srvs/srvs/msg/detail/sensor_status__traits.hpp
[3.934s] -- Installing: /root/ros2_ws/install/srvs/include/srvs/srvs/msg/detail/sensor_type__builder.hpp
[3.934s] -- Installing: /root/ros2_ws/install/srvs/include/srvs/srvs/msg/detail/sensor_type__traits.hpp
[3.934s] -- Installing: /root/ros2_ws/install/srvs/include/srvs/srvs/msg/detail/sensor_type__struct.hpp
[3.934s] -- Installing: /root/ros2_ws/install/srvs/include/srvs/srvs/msg/detail/sensor_status__struct.hpp
[3.934s] -- Installing: /root/ros2_ws/install/srvs/include/srvs/srvs/msg/detail/sensor_status__builder.hpp
[3.935s] -- Installing: /root/ros2_ws/install/srvs/include/srvs/srvs/msg/sensor_status.hpp
[3.935s] -- Installing: /root/ros2_ws/install/srvs/include/srvs/srvs/msg/sensor_type.hpp
[3.935s] -- Up-to-date: /root/ros2_ws/install/srvs/include/srvs/srvs/srv
[3.935s] -- Up-to-date: /root/ros2_ws/install/srvs/include/srvs/srvs/srv/detail
[3.935s] -- Installing: /root/ros2_ws/install/srvs/include/srvs/srvs/srv/detail/get_sensor_status_list__struct.hpp
[3.935s] -- Installing: /root/ros2_ws/install/srvs/include/srvs/srvs/srv/detail/get_sensor_status_list__traits.hpp
[3.935s] -- Installing: /root/ros2_ws/install/srvs/include/srvs/srvs/srv/detail/get_sensor_status_list__builder.hpp
[3.935s] -- Installing: /root/ros2_ws/install/srvs/include/srvs/srvs/srv/get_sensor_status_list.hpp
[3.935s] -- Up-to-date: /root/ros2_ws/install/srvs/include/srvs/srvs
[3.935s] -- Up-to-date: /root/ros2_ws/install/srvs/include/srvs/srvs/msg
[3.935s] -- Up-to-date: /root/ros2_ws/install/srvs/include/srvs/srvs/msg/detail
[3.936s] -- Installing: /root/ros2_ws/install/srvs/include/srvs/srvs/msg/detail/sensor_type__rosidl_typesupport_fastrtps_cpp.hpp
[3.936s] -- Installing: /root/ros2_ws/install/srvs/include/srvs/srvs/msg/detail/sensor_status__rosidl_typesupport_fastrtps_cpp.hpp
[3.936s] -- Installing: /root/ros2_ws/install/srvs/include/srvs/srvs/msg/detail/dds_fastrtps
[3.936s] -- Installing: /root/ros2_ws/install/srvs/include/srvs/srvs/msg/rosidl_typesupport_fastrtps_cpp__visibility_control.h
[3.936s] -- Up-to-date: /root/ros2_ws/install/srvs/include/srvs/srvs/srv
[3.936s] -- Up-to-date: /root/ros2_ws/install/srvs/include/srvs/srvs/srv/detail
[3.936s] -- Installing: /root/ros2_ws/install/srvs/include/srvs/srvs/srv/detail/dds_fastrtps
[3.936s] -- Installing: /root/ros2_ws/install/srvs/include/srvs/srvs/srv/detail/get_sensor_status_list__rosidl_typesupport_fastrtps_cpp.hpp
[3.936s] -- Installing: /root/ros2_ws/install/srvs/lib/libsrvs__rosidl_typesupport_fastrtps_cpp.so
[3.936s] -- Set runtime path of "/root/ros2_ws/install/srvs/lib/libsrvs__rosidl_typesupport_fastrtps_cpp.so" to ""
[3.936s] -- Up-to-date: /root/ros2_ws/install/srvs/include/srvs/srvs
[3.937s] -- Up-to-date: /root/ros2_ws/install/srvs/include/srvs/srvs/msg
[3.937s] -- Up-to-date: /root/ros2_ws/install/srvs/include/srvs/srvs/msg/detail
[3.937s] -- Installing: /root/ros2_ws/install/srvs/include/srvs/srvs/msg/detail/sensor_type__rosidl_typesupport_introspection_c.h
[3.937s] -- Installing: /root/ros2_ws/install/srvs/include/srvs/srvs/msg/detail/sensor_status__rosidl_typesupport_introspection_c.h
[3.937s] -- Installing: /root/ros2_ws/install/srvs/include/srvs/srvs/msg/detail/sensor_type__type_support.c
[3.937s] -- Installing: /root/ros2_ws/install/srvs/include/srvs/srvs/msg/detail/sensor_status__type_support.c
[3.937s] -- Installing: /root/ros2_ws/install/srvs/include/srvs/srvs/msg/rosidl_typesupport_introspection_c__visibility_control.h
[3.937s] -- Up-to-date: /root/ros2_ws/install/srvs/include/srvs/srvs/srv
[3.937s] -- Up-to-date: /root/ros2_ws/install/srvs/include/srvs/srvs/srv/detail
[3.938s] -- Installing: /root/ros2_ws/install/srvs/include/srvs/srvs/srv/detail/get_sensor_status_list__rosidl_typesupport_introspection_c.h
[3.938s] -- Installing: /root/ros2_ws/install/srvs/include/srvs/srvs/srv/detail/get_sensor_status_list__type_support.c
[3.938s] -- Installing: /root/ros2_ws/install/srvs/lib/libsrvs__rosidl_typesupport_introspection_c.so
[3.938s] -- Set runtime path of "/root/ros2_ws/install/srvs/lib/libsrvs__rosidl_typesupport_introspection_c.so" to ""
[3.938s] -- Installing: /root/ros2_ws/install/srvs/lib/libsrvs__rosidl_typesupport_c.so
[3.938s] -- Set runtime path of "/root/ros2_ws/install/srvs/lib/libsrvs__rosidl_typesupport_c.so" to ""
[3.938s] -- Up-to-date: /root/ros2_ws/install/srvs/include/srvs/srvs
[3.938s] -- Up-to-date: /root/ros2_ws/install/srvs/include/srvs/srvs/msg
[3.938s] -- Up-to-date: /root/ros2_ws/install/srvs/include/srvs/srvs/msg/detail
[3.938s] -- Installing: /root/ros2_ws/install/srvs/include/srvs/srvs/msg/detail/sensor_type__type_support.cpp
[3.939s] -- Installing: /root/ros2_ws/install/srvs/include/srvs/srvs/msg/detail/sensor_status__type_support.cpp
[3.939s] -- Installing: /root/ros2_ws/install/srvs/include/srvs/srvs/msg/detail/sensor_status__rosidl_typesupport_introspection_cpp.hpp
[3.939s] -- Installing: /root/ros2_ws/install/srvs/include/srvs/srvs/msg/detail/sensor_type__rosidl_typesupport_introspection_cpp.hpp
[3.939s] -- Up-to-date: /root/ros2_ws/install/srvs/include/srvs/srvs/srv
[3.939s] -- Up-to-date: /root/ros2_ws/install/srvs/include/srvs/srvs/srv/detail
[3.939s] -- Installing: /root/ros2_ws/install/srvs/include/srvs/srvs/srv/detail/get_sensor_status_list__type_support.cpp
[3.939s] -- Installing: /root/ros2_ws/install/srvs/include/srvs/srvs/srv/detail/get_sensor_status_list__rosidl_typesupport_introspection_cpp.hpp
[3.939s] -- Installing: /root/ros2_ws/install/srvs/lib/libsrvs__rosidl_typesupport_introspection_cpp.so
[3.939s] -- Set runtime path of "/root/ros2_ws/install/srvs/lib/libsrvs__rosidl_typesupport_introspection_cpp.so" to ""
[3.940s] -- Installing: /root/ros2_ws/install/srvs/lib/libsrvs__rosidl_typesupport_cpp.so
[3.940s] -- Set runtime path of "/root/ros2_ws/install/srvs/lib/libsrvs__rosidl_typesupport_cpp.so" to ""
[3.940s] -- Installing: /root/ros2_ws/install/srvs/share/srvs/environment/pythonpath.sh
[3.940s] -- Installing: /root/ros2_ws/install/srvs/share/srvs/environment/pythonpath.dsv
[3.940s] -- Installing: /root/ros2_ws/install/srvs/local/lib/python3.10/dist-packages/srvs-0.0.0-py3.10.egg-info
[3.940s] -- Installing: /root/ros2_ws/install/srvs/local/lib/python3.10/dist-packages/srvs-0.0.0-py3.10.egg-info/PKG-INFO
[3.940s] -- Installing: /root/ros2_ws/install/srvs/local/lib/python3.10/dist-packages/srvs-0.0.0-py3.10.egg-info/SOURCES.txt
[3.940s] -- Installing: /root/ros2_ws/install/srvs/local/lib/python3.10/dist-packages/srvs-0.0.0-py3.10.egg-info/dependency_links.txt
[3.940s] -- Installing: /root/ros2_ws/install/srvs/local/lib/python3.10/dist-packages/srvs-0.0.0-py3.10.egg-info/top_level.txt
[3.941s] -- Installing: /root/ros2_ws/install/srvs/local/lib/python3.10/dist-packages/srvs
[3.941s] -- Installing: /root/ros2_ws/install/srvs/local/lib/python3.10/dist-packages/srvs/srvs_s__rosidl_typesupport_fastrtps_c.cpython-310-aarch64-linux-gnu.so
[3.941s] -- Installing: /root/ros2_ws/install/srvs/local/lib/python3.10/dist-packages/srvs/_srvs_s.ep.rosidl_typesupport_introspection_c.c
[3.941s] -- Installing: /root/ros2_ws/install/srvs/local/lib/python3.10/dist-packages/srvs/_srvs_s.ep.rosidl_typesupport_c.c
[3.941s] -- Installing: /root/ros2_ws/install/srvs/local/lib/python3.10/dist-packages/srvs/msg
[3.941s] -- Installing: /root/ros2_ws/install/srvs/local/lib/python3.10/dist-packages/srvs/msg/_sensor_status_s.c
[3.941s] -- Installing: /root/ros2_ws/install/srvs/local/lib/python3.10/dist-packages/srvs/msg/_sensor_type.py
[3.941s] -- Installing: /root/ros2_ws/install/srvs/local/lib/python3.10/dist-packages/srvs/msg/_sensor_type_s.c
[3.941s] -- Installing: /root/ros2_ws/install/srvs/local/lib/python3.10/dist-packages/srvs/msg/__init__.py
[3.942s] -- Installing: /root/ros2_ws/install/srvs/local/lib/python3.10/dist-packages/srvs/msg/_sensor_status.py
[3.942s] -- Installing: /root/ros2_ws/install/srvs/local/lib/python3.10/dist-packages/srvs/srv
[3.942s] -- Installing: /root/ros2_ws/install/srvs/local/lib/python3.10/dist-packages/srvs/srv/__init__.py
[3.942s] -- Installing: /root/ros2_ws/install/srvs/local/lib/python3.10/dist-packages/srvs/srv/_get_sensor_status_list_s.c
[3.942s] -- Installing: /root/ros2_ws/install/srvs/local/lib/python3.10/dist-packages/srvs/srv/_get_sensor_status_list.py
[3.942s] -- Installing: /root/ros2_ws/install/srvs/local/lib/python3.10/dist-packages/srvs/libsrvs__rosidl_generator_py.so
[3.942s] -- Installing: /root/ros2_ws/install/srvs/local/lib/python3.10/dist-packages/srvs/__init__.py
[3.942s] -- Installing: /root/ros2_ws/install/srvs/local/lib/python3.10/dist-packages/srvs/srvs_s__rosidl_typesupport_introspection_c.cpython-310-aarch64-linux-gnu.so
[3.942s] -- Installing: /root/ros2_ws/install/srvs/local/lib/python3.10/dist-packages/srvs/srvs_s__rosidl_typesupport_c.cpython-310-aarch64-linux-gnu.so
[3.943s] -- Installing: /root/ros2_ws/install/srvs/local/lib/python3.10/dist-packages/srvs/_srvs_s.ep.rosidl_typesupport_fastrtps_c.c
[3.969s] Listing '/root/ros2_ws/install/srvs/local/lib/python3.10/dist-packages/srvs'...
[3.969s] Compiling '/root/ros2_ws/install/srvs/local/lib/python3.10/dist-packages/srvs/__init__.py'...
[3.969s] Listing '/root/ros2_ws/install/srvs/local/lib/python3.10/dist-packages/srvs/msg'...
[3.969s] Compiling '/root/ros2_ws/install/srvs/local/lib/python3.10/dist-packages/srvs/msg/__init__.py'...
[3.969s] Compiling '/root/ros2_ws/install/srvs/local/lib/python3.10/dist-packages/srvs/msg/_sensor_status.py'...
[3.969s] Compiling '/root/ros2_ws/install/srvs/local/lib/python3.10/dist-packages/srvs/msg/_sensor_type.py'...
[3.969s] Listing '/root/ros2_ws/install/srvs/local/lib/python3.10/dist-packages/srvs/srv'...
[3.970s] Compiling '/root/ros2_ws/install/srvs/local/lib/python3.10/dist-packages/srvs/srv/__init__.py'...
[3.970s] Compiling '/root/ros2_ws/install/srvs/local/lib/python3.10/dist-packages/srvs/srv/_get_sensor_status_list.py'...
[3.973s] -- Installing: /root/ros2_ws/install/srvs/local/lib/python3.10/dist-packages/srvs/srvs_s__rosidl_typesupport_fastrtps_c.cpython-310-aarch64-linux-gnu.so
[3.973s] -- Set runtime path of "/root/ros2_ws/install/srvs/local/lib/python3.10/dist-packages/srvs/srvs_s__rosidl_typesupport_fastrtps_c.cpython-310-aarch64-linux-gnu.so" to ""
[3.974s] -- Installing: /root/ros2_ws/install/srvs/local/lib/python3.10/dist-packages/srvs/srvs_s__rosidl_typesupport_introspection_c.cpython-310-aarch64-linux-gnu.so
[3.974s] -- Set runtime path of "/root/ros2_ws/install/srvs/local/lib/python3.10/dist-packages/srvs/srvs_s__rosidl_typesupport_introspection_c.cpython-310-aarch64-linux-gnu.so" to ""
[3.974s] -- Installing: /root/ros2_ws/install/srvs/local/lib/python3.10/dist-packages/srvs/srvs_s__rosidl_typesupport_c.cpython-310-aarch64-linux-gnu.so
[3.974s] -- Set runtime path of "/root/ros2_ws/install/srvs/local/lib/python3.10/dist-packages/srvs/srvs_s__rosidl_typesupport_c.cpython-310-aarch64-linux-gnu.so" to ""
[3.974s] -- Installing: /root/ros2_ws/install/srvs/lib/libsrvs__rosidl_generator_py.so
[3.975s] -- Set runtime path of "/root/ros2_ws/install/srvs/lib/libsrvs__rosidl_generator_py.so" to ""
[3.975s] -- Installing: /root/ros2_ws/install/srvs/share/srvs/msg/SensorType.idl
[3.975s] -- Installing: /root/ros2_ws/install/srvs/share/srvs/msg/SensorStatus.idl
[3.975s] -- Installing: /root/ros2_ws/install/srvs/share/srvs/srv/GetSensorStatusList.idl
[3.975s] -- Installing: /root/ros2_ws/install/srvs/share/srvs/msg/SensorType.msg
[3.975s] -- Installing: /root/ros2_ws/install/srvs/share/srvs/msg/SensorStatus.msg
[3.976s] -- Installing: /root/ros2_ws/install/srvs/share/srvs/srv/GetSensorStatusList.srv
[3.976s] -- Installing: /root/ros2_ws/install/srvs/share/srvs/srv/GetSensorStatusList_Request.msg
[3.976s] -- Installing: /root/ros2_ws/install/srvs/share/srvs/srv/GetSensorStatusList_Response.msg
[3.976s] -- Installing: /root/ros2_ws/install/srvs/share/ament_index/resource_index/package_run_dependencies/srvs
[3.976s] -- Installing: /root/ros2_ws/install/srvs/share/ament_index/resource_index/parent_prefix_path/srvs
[3.976s] -- Installing: /root/ros2_ws/install/srvs/share/srvs/environment/ament_prefix_path.sh
[3.976s] -- Installing: /root/ros2_ws/install/srvs/share/srvs/environment/ament_prefix_path.dsv
[3.976s] -- Installing: /root/ros2_ws/install/srvs/share/srvs/environment/path.sh
[3.976s] -- Installing: /root/ros2_ws/install/srvs/share/srvs/environment/path.dsv
[3.976s] -- Installing: /root/ros2_ws/install/srvs/share/srvs/local_setup.bash
[3.977s] -- Installing: /root/ros2_ws/install/srvs/share/srvs/local_setup.sh
[3.977s] -- Installing: /root/ros2_ws/install/srvs/share/srvs/local_setup.zsh
[3.977s] -- Installing: /root/ros2_ws/install/srvs/share/srvs/local_setup.dsv
[3.977s] -- Installing: /root/ros2_ws/install/srvs/share/srvs/package.dsv
[3.977s] -- Installing: /root/ros2_ws/install/srvs/share/ament_index/resource_index/packages/srvs
[3.977s] -- Installing: /root/ros2_ws/install/srvs/share/srvs/cmake/export_srvs__rosidl_generator_cExport.cmake
[3.977s] -- Installing: /root/ros2_ws/install/srvs/share/srvs/cmake/export_srvs__rosidl_generator_cExport-noconfig.cmake
[3.978s] -- Installing: /root/ros2_ws/install/srvs/share/srvs/cmake/export_srvs__rosidl_typesupport_fastrtps_cExport.cmake
[3.978s] -- Installing: /root/ros2_ws/install/srvs/share/srvs/cmake/export_srvs__rosidl_typesupport_fastrtps_cExport-noconfig.cmake
[3.978s] -- Installing: /root/ros2_ws/install/srvs/share/srvs/cmake/export_srvs__rosidl_generator_cppExport.cmake
[3.978s] -- Installing: /root/ros2_ws/install/srvs/share/srvs/cmake/export_srvs__rosidl_typesupport_fastrtps_cppExport.cmake
[3.978s] -- Installing: /root/ros2_ws/install/srvs/share/srvs/cmake/export_srvs__rosidl_typesupport_fastrtps_cppExport-noconfig.cmake
[3.978s] -- Installing: /root/ros2_ws/install/srvs/share/srvs/cmake/srvs__rosidl_typesupport_introspection_cExport.cmake
[3.978s] -- Installing: /root/ros2_ws/install/srvs/share/srvs/cmake/srvs__rosidl_typesupport_introspection_cExport-noconfig.cmake
[3.979s] -- Installing: /root/ros2_ws/install/srvs/share/srvs/cmake/srvs__rosidl_typesupport_cExport.cmake
[3.979s] -- Installing: /root/ros2_ws/install/srvs/share/srvs/cmake/srvs__rosidl_typesupport_cExport-noconfig.cmake
[3.979s] -- Installing: /root/ros2_ws/install/srvs/share/srvs/cmake/srvs__rosidl_typesupport_introspection_cppExport.cmake
[3.979s] -- Installing: /root/ros2_ws/install/srvs/share/srvs/cmake/srvs__rosidl_typesupport_introspection_cppExport-noconfig.cmake
[3.979s] -- Installing: /root/ros2_ws/install/srvs/share/srvs/cmake/srvs__rosidl_typesupport_cppExport.cmake
[3.979s] -- Installing: /root/ros2_ws/install/srvs/share/srvs/cmake/srvs__rosidl_typesupport_cppExport-noconfig.cmake
[3.979s] -- Installing: /root/ros2_ws/install/srvs/share/srvs/cmake/export_srvs__rosidl_generator_pyExport.cmake
[3.980s] -- Installing: /root/ros2_ws/install/srvs/share/srvs/cmake/export_srvs__rosidl_generator_pyExport-noconfig.cmake
[3.980s] -- Installing: /root/ros2_ws/install/srvs/share/srvs/cmake/rosidl_cmake-extras.cmake
[3.980s] -- Installing: /root/ros2_ws/install/srvs/share/srvs/cmake/ament_cmake_export_include_directories-extras.cmake
[3.980s] -- Installing: /root/ros2_ws/install/srvs/share/srvs/cmake/ament_cmake_export_libraries-extras.cmake
[3.980s] -- Installing: /root/ros2_ws/install/srvs/share/srvs/cmake/ament_cmake_export_targets-extras.cmake
[3.980s] -- Installing: /root/ros2_ws/install/srvs/share/srvs/cmake/rosidl_cmake_export_typesupport_targets-extras.cmake
[3.980s] -- Installing: /root/ros2_ws/install/srvs/share/srvs/cmake/ament_cmake_export_dependencies-extras.cmake
[3.980s] -- Installing: /root/ros2_ws/install/srvs/share/srvs/cmake/rosidl_cmake_export_typesupport_libraries-extras.cmake
[3.981s] -- Installing: /root/ros2_ws/install/srvs/share/srvs/cmake/srvsConfig.cmake
[3.981s] -- Installing: /root/ros2_ws/install/srvs/share/srvs/cmake/srvsConfig-version.cmake
[3.981s] -- Installing: /root/ros2_ws/install/srvs/share/srvs/package.xml
[3.983s] Invoked command in '/root/ros2_ws/build/srvs' returned '0': /usr/bin/cmake --install /root/ros2_ws/build/srvs
