[0.007s] Invoking command in '/root/ros2_ws/build/srvs': /usr/bin/cmake /root/ros2_ws/src/srvs -DCATKIN_INSTALL_INTO_PREFIX_ROOT=0 -DCMAKE_INSTALL_PREFIX=/root/ros2_ws/install/srvs
[0.060s] -- The C compiler identification is GNU 11.4.0
[0.105s] -- The CXX compiler identification is GNU 11.4.0
[0.110s] -- Detecting C compiler ABI info
[0.166s] -- Detecting C compiler ABI info - done
[0.171s] -- Check for working C compiler: /usr/bin/cc - skipped
[0.172s] -- Detecting C compile features
[0.172s] -- Detecting C compile features - done
[0.175s] -- Detecting CXX compiler ABI info
[0.234s] -- Detecting CXX compiler ABI info - done
[0.240s] -- Check for working CXX compiler: /usr/bin/c++ - skipped
[0.240s] -- Detecting CXX compile features
[0.240s] -- Detecting CXX compile features - done
[0.243s] -- Found ament_cmake: 1.3.10 (/opt/ros/humble/share/ament_cmake/cmake)
[0.335s] -- Found Python3: /usr/bin/python3 (found version "3.10.12") found components: Interpreter 
[0.401s] -- Found rclcpp: 16.0.9 (/opt/ros/humble/share/rclcpp/cmake)
[0.434s] -- Found rosidl_generator_c: 3.1.5 (/opt/ros/humble/share/rosidl_generator_c/cmake)
[0.437s] -- Found rosidl_adapter: 3.1.5 (/opt/ros/humble/share/rosidl_adapter/cmake)
[0.444s] -- Found rosidl_generator_cpp: 3.1.5 (/opt/ros/humble/share/rosidl_generator_cpp/cmake)
[0.454s] -- Using all available rosidl_typesupport_c: rosidl_typesupport_fastrtps_c;rosidl_typesupport_introspection_c
[0.470s] -- Using all available rosidl_typesupport_cpp: rosidl_typesupport_fastrtps_cpp;rosidl_typesupport_introspection_cpp
[0.527s] -- Found rmw_implementation_cmake: 6.1.2 (/opt/ros/humble/share/rmw_implementation_cmake/cmake)
[0.529s] -- Found rmw_fastrtps_cpp: 6.2.6 (/opt/ros/humble/share/rmw_fastrtps_cpp/cmake)
[0.594s] -- Found OpenSSL: /usr/lib/aarch64-linux-gnu/libcrypto.so (found version "3.0.2")  
[0.615s] -- Found FastRTPS: /opt/ros/humble/include  
[0.655s] -- Using RMW implementation 'rmw_fastrtps_cpp' as default
[0.662s] -- Looking for pthread.h
[0.711s] -- Looking for pthread.h - found
[0.712s] -- Performing Test CMAKE_HAVE_LIBC_PTHREAD
[0.763s] -- Performing Test CMAKE_HAVE_LIBC_PTHREAD - Success
[0.764s] -- Found Threads: TRUE  
[0.906s] -- Found rosidl_default_generators: 1.2.0 (/opt/ros/humble/share/rosidl_default_generators/cmake)
[0.992s] [31mCMake Error at /opt/ros/humble/share/rosidl_adapter/cmake/rosidl_adapt_interfaces.cmake:59 (message):
[0.992s]   execute_process(/usr/bin/python3 -m rosidl_adapter --package-name srvs
[0.992s]   --arguments-file
[0.992s]   /root/ros2_ws/build/srvs/rosidl_adapter__arguments__srvs.json --output-dir
[0.992s]   /root/ros2_ws/build/srvs/rosidl_adapter/srvs --output-file
[0.992s]   /root/ros2_ws/build/srvs/rosidl_adapter/srvs.idls) returned error code 1:
[0.992s] 
[0.992s]   Error processing 'uint8_t sensor_type;' of 'srvs/SensorType': ''uint8_t' is
[0.992s]   an invalid message name.  It should have the pattern '^[A-Z][A-Za-z0-9]*$''
[0.992s] 
[0.992s]   Traceback (most recent call last):
[0.992s] 
[0.992s]     File "/usr/lib/python3.10/runpy.py", line 196, in _run_module_as_main
[0.992s]       return _run_code(code, main_globals, None,
[0.992s]     File "/usr/lib/python3.10/runpy.py", line 86, in _run_code
[0.992s]       exec(code, run_globals)
[0.993s]     File "/opt/ros/humble/local/lib/python3.10/dist-packages/rosidl_adapter/__main__.py", line 19, in <module>
[0.993s]       sys.exit(main())
[0.993s]     File "/opt/ros/humble/local/lib/python3.10/dist-packages/rosidl_adapter/main.py", line 53, in main
[0.993s]       abs_idl_file = convert_to_idl(
[0.993s]     File "/opt/ros/humble/local/lib/python3.10/dist-packages/rosidl_adapter/__init__.py", line 19, in convert_to_idl
[0.993s]       return convert_msg_to_idl(
[0.993s]     File "/opt/ros/humble/local/lib/python3.10/dist-packages/rosidl_adapter/msg/__init__.py", line 28, in convert_msg_to_idl
[0.993s]       msg = parse_message_string(package_name, input_file.stem, content)
[0.993s]     File "/opt/ros/humble/local/lib/python3.10/dist-packages/rosidl_adapter/parser.py", line 520, in parse_message_string
[0.993s]       Type(type_string, context_package_name=pkg_name),
[0.993s]     File "/opt/ros/humble/local/lib/python3.10/dist-packages/rosidl_adapter/parser.py", line 277, in __init__
[0.993s]       super(Type, self).__init__(
[0.993s]     File "/opt/ros/humble/local/lib/python3.10/dist-packages/rosidl_adapter/parser.py", line 205, in __init__
[0.993s]       raise InvalidResourceName(
[0.993s] 
[0.993s]   rosidl_adapter.parser.InvalidResourceName: 'uint8_t' is an invalid message
[0.993s]   name.  It should have the pattern '^[A-Z][A-Za-z0-9]*$'
[0.993s] 
[0.993s] Call Stack (most recent call first):
[0.993s]   /opt/ros/humble/share/rosidl_cmake/cmake/rosidl_generate_interfaces.cmake:130 (rosidl_adapt_interfaces)
[0.993s]   CMakeLists.txt:17 (rosidl_generate_interfaces)
[0.993s] 
[0.993s] [0m
[0.993s] -- Configuring incomplete, errors occurred!
[0.993s] See also "/root/ros2_ws/build/srvs/CMakeFiles/CMakeOutput.log".
[0.999s] Invoked command in '/root/ros2_ws/build/srvs' returned '1': /usr/bin/cmake /root/ros2_ws/src/srvs -DCATKIN_INSTALL_INTO_PREFIX_ROOT=0 -DCMAKE_INSTALL_PREFIX=/root/ros2_ws/install/srvs
