[0.009s] Invoking command in '/root/ros2_ws/build/srvs': CMAKE_PREFIX_PATH=/opt/ros/humble /usr/bin/cmake /root/ros2_ws/src/srvs -DCMAKE_INSTALL_PREFIX=/root/ros2_ws/install/srvs
[0.018s] -- Found ament_cmake: 1.3.9 (/opt/ros/humble/share/ament_cmake/cmake)
[0.101s] -- Found rclcpp: 16.0.9 (/opt/ros/humble/share/rclcpp/cmake)
[0.126s] -- Found rosidl_generator_c: 3.1.5 (/opt/ros/humble/share/rosidl_generator_c/cmake)
[0.128s] -- Found rosidl_adapter: 3.1.5 (/opt/ros/humble/share/rosidl_adapter/cmake)
[0.133s] -- Found rosidl_generator_cpp: 3.1.5 (/opt/ros/humble/share/rosidl_generator_cpp/cmake)
[0.143s] -- Using all available rosidl_typesupport_c: rosidl_typesupport_fastrtps_c;rosidl_typesupport_introspection_c
[0.155s] -- Using all available rosidl_typesupport_cpp: rosidl_typesupport_fastrtps_cpp;rosidl_typesupport_introspection_cpp
[0.202s] -- Found rmw_implementation_cmake: 6.1.2 (/opt/ros/humble/share/rmw_implementation_cmake/cmake)
[0.203s] -- Found rmw_fastrtps_cpp: 6.2.6 (/opt/ros/humble/share/rmw_fastrtps_cpp/cmake)
[0.298s] -- Using RMW implementation 'rmw_fastrtps_cpp' as default
[0.437s] -- Found rosidl_default_generators: 1.2.0 (/opt/ros/humble/share/rosidl_default_generators/cmake)
[0.521s] [31mCMake Error at /opt/ros/humble/share/rosidl_adapter/cmake/rosidl_adapt_interfaces.cmake:59 (message):
[0.521s]   execute_process(/usr/bin/python3 -m rosidl_adapter --package-name srvs
[0.521s]   --arguments-file
[0.521s]   /root/ros2_ws/build/srvs/rosidl_adapter__arguments__srvs.json --output-dir
[0.521s]   /root/ros2_ws/build/srvs/rosidl_adapter/srvs --output-file
[0.521s]   /root/ros2_ws/build/srvs/rosidl_adapter/srvs.idls) returned error code 1:
[0.521s] 
[0.521s]   Traceback (most recent call last):
[0.521s] 
[0.521s]     File "/usr/lib/python3.10/runpy.py", line 196, in _run_module_as_main
[0.521s]       return _run_code(code, main_globals, None,
[0.521s]     File "/usr/lib/python3.10/runpy.py", line 86, in _run_code
[0.521s]       exec(code, run_globals)
[0.521s]     File "/opt/ros/humble/local/lib/python3.10/dist-packages/rosidl_adapter/__main__.py", line 19, in <module>
[0.522s]       sys.exit(main())
[0.522s]     File "/opt/ros/humble/local/lib/python3.10/dist-packages/rosidl_adapter/main.py", line 53, in main
[0.522s]       abs_idl_file = convert_to_idl(
[0.522s]     File "/opt/ros/humble/local/lib/python3.10/dist-packages/rosidl_adapter/__init__.py", line 19, in convert_to_idl
[0.522s]       return convert_msg_to_idl(
[0.522s]     File "/opt/ros/humble/local/lib/python3.10/dist-packages/rosidl_adapter/msg/__init__.py", line 28, in convert_msg_to_idl
[0.522s]       msg = parse_message_string(package_name, input_file.stem, content)
[0.522s]     File "/opt/ros/humble/local/lib/python3.10/dist-packages/rosidl_adapter/parser.py", line 535, in parse_message_string
[0.522s]       constants.append(Constant(type_string, name, value))
[0.522s]     File "/opt/ros/humble/local/lib/python3.10/dist-packages/rosidl_adapter/parser.py", line 320, in __init__
[0.522s]       raise NameError(
[0.522s] 
[0.522s]   NameError: 'undefined' is an invalid constant name.  It should have the
[0.522s]   pattern '^[A-Z]([A-Z0-9_]?[A-Z0-9]+)*$'
[0.522s] 
[0.522s] Call Stack (most recent call first):
[0.522s]   /opt/ros/humble/share/rosidl_cmake/cmake/rosidl_generate_interfaces.cmake:130 (rosidl_adapt_interfaces)
[0.522s]   CMakeLists.txt:17 (rosidl_generate_interfaces)
[0.522s] 
[0.522s] [0m
[0.522s] -- Configuring incomplete, errors occurred!
[0.522s] See also "/root/ros2_ws/build/srvs/CMakeFiles/CMakeOutput.log".
[0.526s] Invoked command in '/root/ros2_ws/build/srvs' returned '1': CMAKE_PREFIX_PATH=/opt/ros/humble /usr/bin/cmake /root/ros2_ws/src/srvs -DCMAKE_INSTALL_PREFIX=/root/ros2_ws/install/srvs
