[0.008s] Invoking command in '/root/ros2_ws/build/srvs': /usr/bin/cmake /root/ros2_ws/src/srvs -DCATKIN_INSTALL_INTO_PREFIX_ROOT=0 -DCMAKE_INSTALL_PREFIX=/root/ros2_ws/install/srvs
[0.053s] -- The C compiler identification is GNU 11.4.0
[0.093s] -- The CXX compiler identification is GNU 11.4.0
[0.098s] -- Detecting C compiler ABI info
[0.152s] -- Detecting C compiler ABI info - done
[0.158s] -- Check for working C compiler: /usr/bin/cc - skipped
[0.158s] -- Detecting C compile features
[0.158s] -- Detecting C compile features - done
[0.161s] -- Detecting CXX compiler ABI info
[0.214s] -- Detecting CXX compiler ABI info - done
[0.219s] -- Check for working CXX compiler: /usr/bin/c++ - skipped
[0.220s] -- Detecting CXX compile features
[0.220s] -- Detecting CXX compile features - done
[0.223s] -- Found ament_cmake: 1.3.10 (/opt/ros/humble/share/ament_cmake/cmake)
[0.314s] -- Found Python3: /usr/bin/python3 (found version "3.10.12") found components: Interpreter 
[0.378s] -- Found rclcpp: 16.0.9 (/opt/ros/humble/share/rclcpp/cmake)
[0.408s] -- Found rosidl_generator_c: 3.1.5 (/opt/ros/humble/share/rosidl_generator_c/cmake)
[0.412s] -- Found rosidl_adapter: 3.1.5 (/opt/ros/humble/share/rosidl_adapter/cmake)
[0.419s] -- Found rosidl_generator_cpp: 3.1.5 (/opt/ros/humble/share/rosidl_generator_cpp/cmake)
[0.429s] -- Using all available rosidl_typesupport_c: rosidl_typesupport_fastrtps_c;rosidl_typesupport_introspection_c
[0.444s] -- Using all available rosidl_typesupport_cpp: rosidl_typesupport_fastrtps_cpp;rosidl_typesupport_introspection_cpp
[0.500s] -- Found rmw_implementation_cmake: 6.1.2 (/opt/ros/humble/share/rmw_implementation_cmake/cmake)
[0.502s] -- Found rmw_fastrtps_cpp: 6.2.6 (/opt/ros/humble/share/rmw_fastrtps_cpp/cmake)
[0.566s] -- Found OpenSSL: /usr/lib/aarch64-linux-gnu/libcrypto.so (found version "3.0.2")  
[0.587s] -- Found FastRTPS: /opt/ros/humble/include  
[0.626s] -- Using RMW implementation 'rmw_fastrtps_cpp' as default
[0.634s] -- Looking for pthread.h
[0.683s] -- Looking for pthread.h - found
[0.684s] -- Performing Test CMAKE_HAVE_LIBC_PTHREAD
[0.733s] -- Performing Test CMAKE_HAVE_LIBC_PTHREAD - Success
[0.734s] -- Found Threads: TRUE  
[0.877s] -- Found rosidl_default_generators: 1.2.0 (/opt/ros/humble/share/rosidl_default_generators/cmake)
[0.956s] [31mCMake Error at /opt/ros/humble/share/rosidl_adapter/cmake/rosidl_adapt_interfaces.cmake:59 (message):
[0.956s]   execute_process(/usr/bin/python3 -m rosidl_adapter --package-name srvs
[0.956s]   --arguments-file
[0.956s]   /root/ros2_ws/build/srvs/rosidl_adapter__arguments__srvs.json --output-dir
[0.956s]   /root/ros2_ws/build/srvs/rosidl_adapter/srvs --output-file
[0.956s]   /root/ros2_ws/build/srvs/rosidl_adapter/srvs.idls) returned error code 1:
[0.957s] 
[0.957s]   Error processing 'uint8 sensor_type;' of 'srvs/SensorType': ''sensor_type;'
[0.957s]   is an invalid field name.  It should have the pattern
[0.957s]   '^(?!.*__)(?!.*_$)[a-z][a-z0-9_]*$''
[0.957s] 
[0.957s]   Traceback (most recent call last):
[0.957s] 
[0.957s]     File "/usr/lib/python3.10/runpy.py", line 196, in _run_module_as_main
[0.957s]       return _run_code(code, main_globals, None,
[0.957s]     File "/usr/lib/python3.10/runpy.py", line 86, in _run_code
[0.957s]       exec(code, run_globals)
[0.957s]     File "/opt/ros/humble/local/lib/python3.10/dist-packages/rosidl_adapter/__main__.py", line 19, in <module>
[0.957s]       sys.exit(main())
[0.957s]     File "/opt/ros/humble/local/lib/python3.10/dist-packages/rosidl_adapter/main.py", line 53, in main
[0.957s]       abs_idl_file = convert_to_idl(
[0.957s]     File "/opt/ros/humble/local/lib/python3.10/dist-packages/rosidl_adapter/__init__.py", line 19, in convert_to_idl
[0.957s]       return convert_msg_to_idl(
[0.957s]     File "/opt/ros/humble/local/lib/python3.10/dist-packages/rosidl_adapter/msg/__init__.py", line 28, in convert_msg_to_idl
[0.957s]       msg = parse_message_string(package_name, input_file.stem, content)
[0.957s]     File "/opt/ros/humble/local/lib/python3.10/dist-packages/rosidl_adapter/parser.py", line 519, in parse_message_string
[0.957s]       fields.append(Field(
[0.958s]     File "/opt/ros/humble/local/lib/python3.10/dist-packages/rosidl_adapter/parser.py", line 354, in __init__
[0.958s]       raise NameError(
[0.958s] 
[0.958s]   NameError: 'sensor_type;' is an invalid field name.  It should have the
[0.958s]   pattern '^(?!.*__)(?!.*_$)[a-z][a-z0-9_]*$'
[0.958s] 
[0.958s] Call Stack (most recent call first):
[0.958s]   /opt/ros/humble/share/rosidl_cmake/cmake/rosidl_generate_interfaces.cmake:130 (rosidl_adapt_interfaces)
[0.958s]   CMakeLists.txt:17 (rosidl_generate_interfaces)
[0.958s] 
[0.958s] [0m
[0.958s] -- Configuring incomplete, errors occurred!
[0.958s] See also "/root/ros2_ws/build/srvs/CMakeFiles/CMakeOutput.log".
[0.963s] Invoked command in '/root/ros2_ws/build/srvs' returned '1': /usr/bin/cmake /root/ros2_ws/src/srvs -DCATKIN_INSTALL_INTO_PREFIX_ROOT=0 -DCMAKE_INSTALL_PREFIX=/root/ros2_ws/install/srvs
