[0.009s] Invoking command in '/root/ros2_ws/build/srvs': CMAKE_PREFIX_PATH=/opt/ros/humble /usr/bin/cmake /root/ros2_ws/src/srvs -DCMAKE_INSTALL_PREFIX=/root/ros2_ws/install/srvs
[0.020s] -- Found ament_cmake: 1.3.9 (/opt/ros/humble/share/ament_cmake/cmake)
[0.107s] -- Found rclcpp: 16.0.9 (/opt/ros/humble/share/rclcpp/cmake)
[0.132s] -- Found rosidl_generator_c: 3.1.5 (/opt/ros/humble/share/rosidl_generator_c/cmake)
[0.134s] -- Found rosidl_adapter: 3.1.5 (/opt/ros/humble/share/rosidl_adapter/cmake)
[0.139s] -- Found rosidl_generator_cpp: 3.1.5 (/opt/ros/humble/share/rosidl_generator_cpp/cmake)
[0.147s] -- Using all available rosidl_typesupport_c: rosidl_typesupport_fastrtps_c;rosidl_typesupport_introspection_c
[0.160s] -- Using all available rosidl_typesupport_cpp: rosidl_typesupport_fastrtps_cpp;rosidl_typesupport_introspection_cpp
[0.206s] -- Found rmw_implementation_cmake: 6.1.2 (/opt/ros/humble/share/rmw_implementation_cmake/cmake)
[0.207s] -- Found rmw_fastrtps_cpp: 6.2.6 (/opt/ros/humble/share/rmw_fastrtps_cpp/cmake)
[0.302s] -- Using RMW implementation 'rmw_fastrtps_cpp' as default
[0.445s] -- Found rosidl_default_generators: 1.2.0 (/opt/ros/humble/share/rosidl_default_generators/cmake)
[0.451s] [31mCMake Error at /opt/ros/humble/share/rosidl_cmake/cmake/rosidl_generate_interfaces.cmake:93 (message):
[0.451s]   rosidl_generate_interfaces() the passed file 'srv/GetSensorStatusList.srv'
[0.451s]   doesn't exist relative to the CMAKE_CURRENT_SOURCE_DIR
[0.451s]   '/root/ros2_ws/src/srvs'
[0.451s] Call Stack (most recent call first):
[0.451s]   CMakeLists.txt:17 (rosidl_generate_interfaces)
[0.451s] 
[0.451s] [0m
[0.451s] -- Configuring incomplete, errors occurred!
[0.451s] See also "/root/ros2_ws/build/srvs/CMakeFiles/CMakeOutput.log".
[0.455s] Invoked command in '/root/ros2_ws/build/srvs' returned '1': CMAKE_PREFIX_PATH=/opt/ros/humble /usr/bin/cmake /root/ros2_ws/src/srvs -DCMAKE_INSTALL_PREFIX=/root/ros2_ws/install/srvs
