[0.008s] Invoking command in '/root/ros2_ws/build/cpp_srvcli': CMAKE_PREFIX_PATH=/opt/ros/humble /usr/bin/cmake /root/ros2_ws/src/cpp_srvcli -DCMAKE_INSTALL_PREFIX=/root/ros2_ws/install/cpp_srvcli
[0.162s] -- The C compiler identification is GNU 11.4.0
[0.262s] -- The CXX compiler identification is GNU 11.4.0
[0.272s] -- Detecting C compiler ABI info
[0.331s] -- Detecting C compiler ABI info - done
[0.336s] -- Check for working C compiler: /usr/bin/cc - skipped
[0.337s] -- Detecting C compile features
[0.338s] -- Detecting C compile features - done
[0.341s] -- Detecting CXX compiler ABI info
[0.398s] -- Detecting CXX compiler ABI info - done
[0.404s] -- Check for working CXX compiler: /usr/bin/c++ - skipped
[0.404s] -- Detecting CXX compile features
[0.404s] -- Detecting CXX compile features - done
[0.412s] -- Found ament_cmake: 1.3.9 (/opt/ros/humble/share/ament_cmake/cmake)
[0.511s] -- Found Python3: /usr/bin/python3 (found version "3.10.12") found components: Interpreter 
[0.601s] -- Found rclcpp: 16.0.9 (/opt/ros/humble/share/rclcpp/cmake)
[0.660s] -- Found rosidl_generator_c: 3.1.5 (/opt/ros/humble/share/rosidl_generator_c/cmake)
[0.666s] -- Found rosidl_adapter: 3.1.5 (/opt/ros/humble/share/rosidl_adapter/cmake)
[0.675s] -- Found rosidl_generator_cpp: 3.1.5 (/opt/ros/humble/share/rosidl_generator_cpp/cmake)
[0.692s] -- Using all available rosidl_typesupport_c: rosidl_typesupport_fastrtps_c;rosidl_typesupport_introspection_c
[0.713s] -- Using all available rosidl_typesupport_cpp: rosidl_typesupport_fastrtps_cpp;rosidl_typesupport_introspection_cpp
[0.792s] -- Found rmw_implementation_cmake: 6.1.2 (/opt/ros/humble/share/rmw_implementation_cmake/cmake)
[0.796s] -- Found rmw_fastrtps_cpp: 6.2.6 (/opt/ros/humble/share/rmw_fastrtps_cpp/cmake)
[0.884s] -- Found OpenSSL: /usr/lib/aarch64-linux-gnu/libcrypto.so (found version "3.0.2")  
[0.907s] -- Found FastRTPS: /opt/ros/humble/include  
[0.952s] -- Using RMW implementation 'rmw_fastrtps_cpp' as default
[0.966s] -- Looking for pthread.h
[1.025s] -- Looking for pthread.h - found
[1.025s] -- Performing Test CMAKE_HAVE_LIBC_PTHREAD
[1.081s] -- Performing Test CMAKE_HAVE_LIBC_PTHREAD - Success
[1.082s] -- Found Threads: TRUE  
[1.258s] [31mCMake Error at CMakeLists.txt:11 (find_package):
[1.258s]   By not providing "Findexample_interfaces.cmake" in CMAKE_MODULE_PATH this
[1.258s]   project has asked CMake to find a package configuration file provided by
[1.258s]   "example_interfaces", but CMake did not find one.
[1.258s] 
[1.258s]   Could not find a package configuration file provided by
[1.258s]   "example_interfaces" with any of the following names:
[1.258s] 
[1.258s]     example_interfacesConfig.cmake
[1.258s]     example_interfaces-config.cmake
[1.258s] 
[1.259s]   Add the installation prefix of "example_interfaces" to CMAKE_PREFIX_PATH or
[1.259s]   set "example_interfaces_DIR" to a directory containing one of the above
[1.259s]   files.  If "example_interfaces" provides a separate development package or
[1.259s]   SDK, be sure it has been installed.
[1.259s] 
[1.259s] [0m
[1.259s] -- Configuring incomplete, errors occurred!
[1.259s] See also "/root/ros2_ws/build/cpp_srvcli/CMakeFiles/CMakeOutput.log".
[1.264s] Invoked command in '/root/ros2_ws/build/cpp_srvcli' returned '1': CMAKE_PREFIX_PATH=/opt/ros/humble /usr/bin/cmake /root/ros2_ws/src/cpp_srvcli -DCMAKE_INSTALL_PREFIX=/root/ros2_ws/install/cpp_srvcli
