Error parsing '/root/ros2_ws/src/srvs/package.xml':
Traceback (most recent call last):
  File "/opt/ros/humble/share/ament_cmake_core/cmake/core/package_xml_2_cmake.py", line 150, in <module>
    main()
  File "/opt/ros/humble/share/ament_cmake_core/cmake/core/package_xml_2_cmake.py", line 53, in main
    raise e
  File "/opt/ros/humble/share/ament_cmake_core/cmake/core/package_xml_2_cmake.py", line 49, in main
    package = parse_package_string(
  File "/usr/lib/python3/dist-packages/catkin_pkg/package.py", line 719, in parse_package_string
    export_node = _get_optional_node(root, 'export', filename)
  File "/usr/lib/python3/dist-packages/catkin_pkg/package.py", line 807, in _get_optional_node
    raise InvalidPackage('The manifest must not contain more than one "%s" tags' % tagname, filename)
catkin_pkg.package.InvalidPackage: Error(s) in package '/root/ros2_ws/src/srvs/package.xml':
The manifest must not contain more than one "export" tags
[31mCMake Error at /opt/ros/humble/share/ament_cmake_core/cmake/core/ament_package_xml.cmake:95 (message):
  execute_process(/usr/bin/python3
  /opt/ros/humble/share/ament_cmake_core/cmake/core/package_xml_2_cmake.py
  /root/ros2_ws/src/srvs/package.xml
  /root/ros2_ws/build/srvs/ament_cmake_core/package.cmake) returned error
  code 1
Call Stack (most recent call first):
  /opt/ros/humble/share/ament_cmake_core/cmake/core/ament_package_xml.cmake:49 (_ament_package_xml)
  /opt/ros/humble/share/rosidl_cmake/cmake/rosidl_generate_interfaces.cmake:226 (ament_package_xml)
  CMakeLists.txt:17 (rosidl_generate_interfaces)

[0m
