[0.009s] Invoking command in '/root/ros2_ws/build/srvs': /usr/bin/cmake /root/ros2_ws/src/srvs -DCATKIN_INSTALL_INTO_PREFIX_ROOT=0 -DCMAKE_INSTALL_PREFIX=/root/ros2_ws/install/srvs
[0.061s] -- The C compiler identification is GNU 11.4.0
[0.105s] -- The CXX compiler identification is GNU 11.4.0
[0.110s] -- Detecting C compiler ABI info
[0.162s] -- Detecting C compiler ABI info - done
[0.167s] -- Check for working C compiler: /usr/bin/cc - skipped
[0.168s] -- Detecting C compile features
[0.168s] -- Detecting C compile features - done
[0.171s] -- Detecting CXX compiler ABI info
[0.222s] -- Detecting CXX compiler ABI info - done
[0.231s] -- Check for working CXX compiler: /usr/bin/c++ - skipped
[0.231s] -- Detecting CXX compile features
[0.231s] -- Detecting CXX compile features - done
[0.234s] -- Found ament_cmake: 1.3.10 (/opt/ros/humble/share/ament_cmake/cmake)
[0.323s] -- Found Python3: /usr/bin/python3 (found version "3.10.12") found components: Interpreter 
[0.388s] -- Found rclcpp: 16.0.9 (/opt/ros/humble/share/rclcpp/cmake)
[0.419s] -- Found rosidl_generator_c: 3.1.5 (/opt/ros/humble/share/rosidl_generator_c/cmake)
[0.423s] -- Found rosidl_adapter: 3.1.5 (/opt/ros/humble/share/rosidl_adapter/cmake)
[0.429s] -- Found rosidl_generator_cpp: 3.1.5 (/opt/ros/humble/share/rosidl_generator_cpp/cmake)
[0.440s] -- Using all available rosidl_typesupport_c: rosidl_typesupport_fastrtps_c;rosidl_typesupport_introspection_c
[0.455s] -- Using all available rosidl_typesupport_cpp: rosidl_typesupport_fastrtps_cpp;rosidl_typesupport_introspection_cpp
[0.513s] -- Found rmw_implementation_cmake: 6.1.2 (/opt/ros/humble/share/rmw_implementation_cmake/cmake)
[0.515s] -- Found rmw_fastrtps_cpp: 6.2.6 (/opt/ros/humble/share/rmw_fastrtps_cpp/cmake)
[0.579s] -- Found OpenSSL: /usr/lib/aarch64-linux-gnu/libcrypto.so (found version "3.0.2")  
[0.601s] -- Found FastRTPS: /opt/ros/humble/include  
[0.640s] -- Using RMW implementation 'rmw_fastrtps_cpp' as default
[0.650s] -- Looking for pthread.h
[0.698s] -- Looking for pthread.h - found
[0.698s] -- Performing Test CMAKE_HAVE_LIBC_PTHREAD
[0.745s] -- Performing Test CMAKE_HAVE_LIBC_PTHREAD - Success
[0.749s] -- Found Threads: TRUE  
[0.890s] -- Found rosidl_default_generators: 1.2.0 (/opt/ros/humble/share/rosidl_default_generators/cmake)
[1.068s] -- Found ament_cmake_ros: 0.10.0 (/opt/ros/humble/share/ament_cmake_ros/cmake)
[1.260s] -- Using all available rosidl_typesupport_c: rosidl_typesupport_fastrtps_c;rosidl_typesupport_introspection_c
[1.331s] -- Using all available rosidl_typesupport_cpp: rosidl_typesupport_fastrtps_cpp;rosidl_typesupport_introspection_cpp
[1.343s] -- Found PythonInterp: /usr/bin/python3 (found suitable version "3.10.12", minimum required is "3.6") 
[1.344s] -- Found python_cmake_module: 0.10.0 (/opt/ros/humble/share/python_cmake_module/cmake)
[1.360s] -- Found PythonLibs: /usr/lib/aarch64-linux-gnu/libpython3.10.so (found suitable version "3.10.12", minimum required is "3.5") 
[1.360s] -- Using PYTHON_EXECUTABLE: /usr/bin/python3
[1.360s] -- Using PYTHON_INCLUDE_DIRS: /usr/include/python3.10
[1.360s] -- Using PYTHON_LIBRARIES: /usr/lib/aarch64-linux-gnu/libpython3.10.so
[1.371s] -- Found PythonExtra: .so  
[1.395s] -- Configuring done
[1.419s] -- Generating done
[1.421s] [33mCMake Warning:
[1.421s]   Manually-specified variables were not used by the project:
[1.421s] 
[1.422s]     CATKIN_INSTALL_INTO_PREFIX_ROOT
[1.422s] 
[1.422s] [0m
[1.422s] -- Build files have been written to: /root/ros2_ws/build/srvs
[1.428s] Invoked command in '/root/ros2_ws/build/srvs' returned '0': /usr/bin/cmake /root/ros2_ws/src/srvs -DCATKIN_INSTALL_INTO_PREFIX_ROOT=0 -DCMAKE_INSTALL_PREFIX=/root/ros2_ws/install/srvs
[1.430s] Invoking command in '/root/ros2_ws/build/srvs': /usr/bin/cmake --build /root/ros2_ws/build/srvs -- -j4 -l4
[1.459s] [  2%] [34m[1mGenerating C code for ROS interfaces[0m
[1.464s] [  4%] [34m[1mGenerating C++ code for ROS interfaces[0m
[1.469s] [  4%] Built target ament_cmake_python_copy_srvs
[1.605s] running egg_info
[1.606s] creating srvs.egg-info
[1.606s] writing srvs.egg-info/PKG-INFO
[1.606s] writing dependency_links to srvs.egg-info/dependency_links.txt
[1.606s] writing top-level names to srvs.egg-info/top_level.txt
[1.606s] writing manifest file 'srvs.egg-info/SOURCES.txt'
[1.607s] reading manifest file 'srvs.egg-info/SOURCES.txt'
[1.608s] writing manifest file 'srvs.egg-info/SOURCES.txt'
[1.628s] [  4%] Built target ament_cmake_python_build_srvs_egg
[1.764s] [  4%] Built target srvs__cpp
[1.770s] [  8%] [34m[1mGenerating C++ introspection for ROS interfaces[0m
[1.770s] [  8%] [34m[1mGenerating C++ type support for eProsima Fast-RTPS[0m
[1.770s] [ 10%] [34m[1mGenerating C++ type support dispatch for ROS interfaces[0m
[1.775s] [ 12%] [32mBuilding C object CMakeFiles/srvs__rosidl_generator_c.dir/rosidl_generator_c/srvs/msg/detail/sensor_type__functions.c.o[0m
[1.810s] [ 14%] [32mBuilding C object CMakeFiles/srvs__rosidl_generator_c.dir/rosidl_generator_c/srvs/msg/detail/sensor_status__functions.c.o[0m
[1.846s] [ 17%] [32mBuilding C object CMakeFiles/srvs__rosidl_generator_c.dir/rosidl_generator_c/srvs/srv/detail/get_sensor_status_list__functions.c.o[0m
[1.889s] [ 19%] [32m[1mLinking C shared library libsrvs__rosidl_generator_c.so[0m
[1.914s] [ 19%] Built target srvs__rosidl_generator_c
[1.920s] [ 21%] [34m[1mGenerating C type support for eProsima Fast-RTPS[0m
[2.011s] [ 23%] [32mBuilding CXX object CMakeFiles/srvs__rosidl_typesupport_cpp.dir/rosidl_typesupport_cpp/srvs/msg/sensor_type__type_support.cpp.o[0m
[2.034s] [ 25%] [32mBuilding CXX object CMakeFiles/srvs__rosidl_typesupport_introspection_cpp.dir/rosidl_typesupport_introspection_cpp/srvs/msg/detail/sensor_type__type_support.cpp.o[0m
[2.069s] [ 27%] [32mBuilding CXX object CMakeFiles/srvs__rosidl_typesupport_fastrtps_cpp.dir/rosidl_typesupport_fastrtps_cpp/srvs/msg/detail/dds_fastrtps/sensor_type__type_support.cpp.o[0m
[2.231s] [ 29%] [32mBuilding CXX object CMakeFiles/srvs__rosidl_typesupport_fastrtps_c.dir/rosidl_typesupport_fastrtps_c/srvs/msg/detail/sensor_type__type_support_c.cpp.o[0m
[2.246s] [ 31%] [32mBuilding CXX object CMakeFiles/srvs__rosidl_typesupport_cpp.dir/rosidl_typesupport_cpp/srvs/msg/sensor_status__type_support.cpp.o[0m
[2.356s] [ 34%] [32mBuilding CXX object CMakeFiles/srvs__rosidl_typesupport_introspection_cpp.dir/rosidl_typesupport_introspection_cpp/srvs/msg/detail/sensor_status__type_support.cpp.o[0m
[2.389s] [ 36%] [32mBuilding CXX object CMakeFiles/srvs__rosidl_typesupport_fastrtps_cpp.dir/rosidl_typesupport_fastrtps_cpp/srvs/msg/detail/dds_fastrtps/sensor_status__type_support.cpp.o[0m
[2.437s] [ 38%] [32mBuilding CXX object CMakeFiles/srvs__rosidl_typesupport_cpp.dir/rosidl_typesupport_cpp/srvs/srv/get_sensor_status_list__type_support.cpp.o[0m
[2.474s] [ 40%] [32mBuilding CXX object CMakeFiles/srvs__rosidl_typesupport_fastrtps_c.dir/rosidl_typesupport_fastrtps_c/srvs/msg/detail/sensor_status__type_support_c.cpp.o[0m
[2.628s] [ 42%] [32m[1mLinking CXX shared library libsrvs__rosidl_typesupport_cpp.so[0m
[2.630s] [ 44%] [32mBuilding CXX object CMakeFiles/srvs__rosidl_typesupport_introspection_cpp.dir/rosidl_typesupport_introspection_cpp/srvs/srv/detail/get_sensor_status_list__type_support.cpp.o[0m
[2.663s] [ 44%] Built target srvs__rosidl_typesupport_cpp
[2.670s] [ 46%] [34m[1mGenerating C introspection for ROS interfaces[0m
[2.681s] [ 48%] [32mBuilding CXX object CMakeFiles/srvs__rosidl_typesupport_fastrtps_cpp.dir/rosidl_typesupport_fastrtps_cpp/srvs/srv/detail/dds_fastrtps/get_sensor_status_list__type_support.cpp.o[0m
[2.723s] [ 51%] [32mBuilding CXX object CMakeFiles/srvs__rosidl_typesupport_fastrtps_c.dir/rosidl_typesupport_fastrtps_c/srvs/srv/detail/get_sensor_status_list__type_support_c.cpp.o[0m
[2.931s] [ 53%] [32m[1mLinking CXX shared library libsrvs__rosidl_typesupport_introspection_cpp.so[0m
[2.974s] [ 55%] [32mBuilding C object CMakeFiles/srvs__rosidl_typesupport_introspection_c.dir/rosidl_typesupport_introspection_c/srvs/msg/detail/sensor_type__type_support.c.o[0m
[2.985s] [ 57%] [32m[1mLinking CXX shared library libsrvs__rosidl_typesupport_fastrtps_c.so[0m
[2.987s] [ 57%] Built target srvs__rosidl_typesupport_introspection_cpp
[2.993s] [ 59%] [34m[1mGenerating C type support dispatch for ROS interfaces[0m
[3.001s] [ 61%] [32mBuilding C object CMakeFiles/srvs__rosidl_typesupport_introspection_c.dir/rosidl_typesupport_introspection_c/srvs/msg/detail/sensor_status__type_support.c.o[0m
[3.001s] [ 63%] [32m[1mLinking CXX shared library libsrvs__rosidl_typesupport_fastrtps_cpp.so[0m
[3.027s] [ 65%] [32mBuilding C object CMakeFiles/srvs__rosidl_typesupport_introspection_c.dir/rosidl_typesupport_introspection_c/srvs/srv/detail/get_sensor_status_list__type_support.c.o[0m
[3.039s] [ 65%] Built target srvs__rosidl_typesupport_fastrtps_c
[3.062s] [ 68%] [32m[1mLinking C shared library libsrvs__rosidl_typesupport_introspection_c.so[0m
[3.066s] [ 68%] Built target srvs__rosidl_typesupport_fastrtps_cpp
[3.080s] [ 68%] Built target srvs__rosidl_typesupport_introspection_c
[3.212s] [ 72%] [32mBuilding CXX object CMakeFiles/srvs__rosidl_typesupport_c.dir/rosidl_typesupport_c/srvs/msg/sensor_status__type_support.cpp.o[0m
[3.212s] [ 72%] [32mBuilding CXX object CMakeFiles/srvs__rosidl_typesupport_c.dir/rosidl_typesupport_c/srvs/msg/sensor_type__type_support.cpp.o[0m
[3.212s] [ 74%] [32mBuilding CXX object CMakeFiles/srvs__rosidl_typesupport_c.dir/rosidl_typesupport_c/srvs/srv/get_sensor_status_list__type_support.cpp.o[0m
[3.235s] [ 76%] [32m[1mLinking CXX shared library libsrvs__rosidl_typesupport_c.so[0m
[3.264s] [ 76%] Built target srvs__rosidl_typesupport_c
[3.275s] [ 76%] Built target srvs
[3.286s] [ 78%] [34m[1mGenerating Python code for ROS interfaces[0m
[3.691s] [ 78%] Built target srvs__py
[3.702s] [ 80%] [32mBuilding C object CMakeFiles/srvs__rosidl_generator_py.dir/rosidl_generator_py/srvs/msg/_sensor_type_s.c.o[0m
[3.702s] [ 82%] [32mBuilding C object CMakeFiles/srvs__rosidl_generator_py.dir/rosidl_generator_py/srvs/msg/_sensor_status_s.c.o[0m
[3.702s] [ 85%] [32mBuilding C object CMakeFiles/srvs__rosidl_generator_py.dir/rosidl_generator_py/srvs/srv/_get_sensor_status_list_s.c.o[0m
[3.783s] [ 87%] [32m[1mLinking C shared library rosidl_generator_py/srvs/libsrvs__rosidl_generator_py.so[0m
[3.807s] [ 87%] Built target srvs__rosidl_generator_py
[3.819s] [ 89%] [32mBuilding C object CMakeFiles/srvs__rosidl_typesupport_fastrtps_c__pyext.dir/rosidl_generator_py/srvs/_srvs_s.ep.rosidl_typesupport_fastrtps_c.c.o[0m
[3.819s] [ 91%] [32mBuilding C object CMakeFiles/srvs__rosidl_typesupport_introspection_c__pyext.dir/rosidl_generator_py/srvs/_srvs_s.ep.rosidl_typesupport_introspection_c.c.o[0m
[3.819s] [ 93%] [32mBuilding C object CMakeFiles/srvs__rosidl_typesupport_c__pyext.dir/rosidl_generator_py/srvs/_srvs_s.ep.rosidl_typesupport_c.c.o[0m
[3.891s] [ 97%] [32m[1mLinking C shared library rosidl_generator_py/srvs/srvs_s__rosidl_typesupport_c.cpython-310-aarch64-linux-gnu.so[0m
[3.891s] [ 97%] [32m[1mLinking C shared library rosidl_generator_py/srvs/srvs_s__rosidl_typesupport_introspection_c.cpython-310-aarch64-linux-gnu.so[0m
[3.894s] [100%] [32m[1mLinking C shared library rosidl_generator_py/srvs/srvs_s__rosidl_typesupport_fastrtps_c.cpython-310-aarch64-linux-gnu.so[0m
[3.912s] [100%] Built target srvs__rosidl_typesupport_c__pyext
[3.913s] [100%] Built target srvs__rosidl_typesupport_introspection_c__pyext
[3.914s] [100%] Built target srvs__rosidl_typesupport_fastrtps_c__pyext
[3.922s] Invoked command in '/root/ros2_ws/build/srvs' returned '0': /usr/bin/cmake --build /root/ros2_ws/build/srvs -- -j4 -l4
[4.037s] Invoking command in '/root/ros2_ws/build/srvs': /usr/bin/cmake --install /root/ros2_ws/build/srvs
[4.041s] -- Install configuration: ""
[4.041s] -- Installing: /root/ros2_ws/install/srvs/share/ament_index/resource_index/rosidl_interfaces/srvs
[4.042s] -- Installing: /root/ros2_ws/install/srvs/include/srvs/srvs
[4.042s] -- Installing: /root/ros2_ws/install/srvs/include/srvs/srvs/msg
[4.042s] -- Installing: /root/ros2_ws/install/srvs/include/srvs/srvs/msg/sensor_status.h
[4.042s] -- Installing: /root/ros2_ws/install/srvs/include/srvs/srvs/msg/detail
[4.042s] -- Installing: /root/ros2_ws/install/srvs/include/srvs/srvs/msg/detail/sensor_status__functions.c
[4.042s] -- Installing: /root/ros2_ws/install/srvs/include/srvs/srvs/msg/detail/sensor_status__type_support.h
[4.042s] -- Installing: /root/ros2_ws/install/srvs/include/srvs/srvs/msg/detail/sensor_type__functions.h
[4.042s] -- Installing: /root/ros2_ws/install/srvs/include/srvs/srvs/msg/detail/sensor_type__struct.h
[4.043s] -- Installing: /root/ros2_ws/install/srvs/include/srvs/srvs/msg/detail/sensor_status__struct.h
[4.043s] -- Installing: /root/ros2_ws/install/srvs/include/srvs/srvs/msg/detail/sensor_status__functions.h
[4.043s] -- Installing: /root/ros2_ws/install/srvs/include/srvs/srvs/msg/detail/sensor_type__type_support.h
[4.043s] -- Installing: /root/ros2_ws/install/srvs/include/srvs/srvs/msg/detail/sensor_type__functions.c
[4.043s] -- Installing: /root/ros2_ws/install/srvs/include/srvs/srvs/msg/sensor_type.h
[4.043s] -- Installing: /root/ros2_ws/install/srvs/include/srvs/srvs/msg/rosidl_generator_c__visibility_control.h
[4.043s] -- Installing: /root/ros2_ws/install/srvs/include/srvs/srvs/srv
[4.043s] -- Installing: /root/ros2_ws/install/srvs/include/srvs/srvs/srv/detail
[4.044s] -- Installing: /root/ros2_ws/install/srvs/include/srvs/srvs/srv/detail/get_sensor_status_list__functions.h
[4.044s] -- Installing: /root/ros2_ws/install/srvs/include/srvs/srvs/srv/detail/get_sensor_status_list__struct.h
[4.044s] -- Installing: /root/ros2_ws/install/srvs/include/srvs/srvs/srv/detail/get_sensor_status_list__functions.c
[4.044s] -- Installing: /root/ros2_ws/install/srvs/include/srvs/srvs/srv/detail/get_sensor_status_list__type_support.h
[4.044s] -- Installing: /root/ros2_ws/install/srvs/include/srvs/srvs/srv/get_sensor_status_list.h
[4.044s] -- Installing: /root/ros2_ws/install/srvs/share/srvs/environment/library_path.sh
[4.044s] -- Installing: /root/ros2_ws/install/srvs/share/srvs/environment/library_path.dsv
[4.045s] -- Installing: /root/ros2_ws/install/srvs/lib/libsrvs__rosidl_generator_c.so
[4.045s] -- Set runtime path of "/root/ros2_ws/install/srvs/lib/libsrvs__rosidl_generator_c.so" to ""
[4.045s] -- Up-to-date: /root/ros2_ws/install/srvs/include/srvs/srvs
[4.045s] -- Up-to-date: /root/ros2_ws/install/srvs/include/srvs/srvs/msg
[4.045s] -- Up-to-date: /root/ros2_ws/install/srvs/include/srvs/srvs/msg/detail
[4.045s] -- Installing: /root/ros2_ws/install/srvs/include/srvs/srvs/msg/detail/sensor_type__rosidl_typesupport_fastrtps_c.h
[4.045s] -- Installing: /root/ros2_ws/install/srvs/include/srvs/srvs/msg/detail/sensor_status__rosidl_typesupport_fastrtps_c.h
[4.046s] -- Installing: /root/ros2_ws/install/srvs/include/srvs/srvs/msg/rosidl_typesupport_fastrtps_c__visibility_control.h
[4.046s] -- Up-to-date: /root/ros2_ws/install/srvs/include/srvs/srvs/srv
[4.046s] -- Up-to-date: /root/ros2_ws/install/srvs/include/srvs/srvs/srv/detail
[4.046s] -- Installing: /root/ros2_ws/install/srvs/include/srvs/srvs/srv/detail/get_sensor_status_list__rosidl_typesupport_fastrtps_c.h
[4.046s] -- Installing: /root/ros2_ws/install/srvs/lib/libsrvs__rosidl_typesupport_fastrtps_c.so
[4.046s] -- Set runtime path of "/root/ros2_ws/install/srvs/lib/libsrvs__rosidl_typesupport_fastrtps_c.so" to ""
[4.046s] -- Up-to-date: /root/ros2_ws/install/srvs/include/srvs/srvs
[4.046s] -- Up-to-date: /root/ros2_ws/install/srvs/include/srvs/srvs/msg
[4.046s] -- Up-to-date: /root/ros2_ws/install/srvs/include/srvs/srvs/msg/detail
[4.046s] -- Installing: /root/ros2_ws/install/srvs/include/srvs/srvs/msg/detail/sensor_status__traits.hpp
[4.046s] -- Installing: /root/ros2_ws/install/srvs/include/srvs/srvs/msg/detail/sensor_type__builder.hpp
[4.046s] -- Installing: /root/ros2_ws/install/srvs/include/srvs/srvs/msg/detail/sensor_type__traits.hpp
[4.047s] -- Installing: /root/ros2_ws/install/srvs/include/srvs/srvs/msg/detail/sensor_type__struct.hpp
[4.047s] -- Installing: /root/ros2_ws/install/srvs/include/srvs/srvs/msg/detail/sensor_status__struct.hpp
[4.047s] -- Installing: /root/ros2_ws/install/srvs/include/srvs/srvs/msg/detail/sensor_status__builder.hpp
[4.047s] -- Installing: /root/ros2_ws/install/srvs/include/srvs/srvs/msg/sensor_status.hpp
[4.047s] -- Installing: /root/ros2_ws/install/srvs/include/srvs/srvs/msg/sensor_type.hpp
[4.047s] -- Up-to-date: /root/ros2_ws/install/srvs/include/srvs/srvs/srv
[4.047s] -- Up-to-date: /root/ros2_ws/install/srvs/include/srvs/srvs/srv/detail
[4.047s] -- Installing: /root/ros2_ws/install/srvs/include/srvs/srvs/srv/detail/get_sensor_status_list__struct.hpp
[4.047s] -- Installing: /root/ros2_ws/install/srvs/include/srvs/srvs/srv/detail/get_sensor_status_list__traits.hpp
[4.047s] -- Installing: /root/ros2_ws/install/srvs/include/srvs/srvs/srv/detail/get_sensor_status_list__builder.hpp
[4.048s] -- Installing: /root/ros2_ws/install/srvs/include/srvs/srvs/srv/get_sensor_status_list.hpp
[4.048s] -- Up-to-date: /root/ros2_ws/install/srvs/include/srvs/srvs
[4.048s] -- Up-to-date: /root/ros2_ws/install/srvs/include/srvs/srvs/msg
[4.048s] -- Up-to-date: /root/ros2_ws/install/srvs/include/srvs/srvs/msg/detail
[4.048s] -- Installing: /root/ros2_ws/install/srvs/include/srvs/srvs/msg/detail/sensor_type__rosidl_typesupport_fastrtps_cpp.hpp
[4.048s] -- Installing: /root/ros2_ws/install/srvs/include/srvs/srvs/msg/detail/sensor_status__rosidl_typesupport_fastrtps_cpp.hpp
[4.048s] -- Installing: /root/ros2_ws/install/srvs/include/srvs/srvs/msg/detail/dds_fastrtps
[4.048s] -- Installing: /root/ros2_ws/install/srvs/include/srvs/srvs/msg/rosidl_typesupport_fastrtps_cpp__visibility_control.h
[4.048s] -- Up-to-date: /root/ros2_ws/install/srvs/include/srvs/srvs/srv
[4.048s] -- Up-to-date: /root/ros2_ws/install/srvs/include/srvs/srvs/srv/detail
[4.049s] -- Installing: /root/ros2_ws/install/srvs/include/srvs/srvs/srv/detail/dds_fastrtps
[4.049s] -- Installing: /root/ros2_ws/install/srvs/include/srvs/srvs/srv/detail/get_sensor_status_list__rosidl_typesupport_fastrtps_cpp.hpp
[4.049s] -- Installing: /root/ros2_ws/install/srvs/lib/libsrvs__rosidl_typesupport_fastrtps_cpp.so
[4.049s] -- Set runtime path of "/root/ros2_ws/install/srvs/lib/libsrvs__rosidl_typesupport_fastrtps_cpp.so" to ""
[4.049s] -- Up-to-date: /root/ros2_ws/install/srvs/include/srvs/srvs
[4.049s] -- Up-to-date: /root/ros2_ws/install/srvs/include/srvs/srvs/msg
[4.049s] -- Up-to-date: /root/ros2_ws/install/srvs/include/srvs/srvs/msg/detail
[4.049s] -- Installing: /root/ros2_ws/install/srvs/include/srvs/srvs/msg/detail/sensor_type__rosidl_typesupport_introspection_c.h
[4.049s] -- Installing: /root/ros2_ws/install/srvs/include/srvs/srvs/msg/detail/sensor_status__rosidl_typesupport_introspection_c.h
[4.049s] -- Installing: /root/ros2_ws/install/srvs/include/srvs/srvs/msg/detail/sensor_type__type_support.c
[4.050s] -- Installing: /root/ros2_ws/install/srvs/include/srvs/srvs/msg/detail/sensor_status__type_support.c
[4.050s] -- Installing: /root/ros2_ws/install/srvs/include/srvs/srvs/msg/rosidl_typesupport_introspection_c__visibility_control.h
[4.050s] -- Up-to-date: /root/ros2_ws/install/srvs/include/srvs/srvs/srv
[4.050s] -- Up-to-date: /root/ros2_ws/install/srvs/include/srvs/srvs/srv/detail
[4.050s] -- Installing: /root/ros2_ws/install/srvs/include/srvs/srvs/srv/detail/get_sensor_status_list__rosidl_typesupport_introspection_c.h
[4.050s] -- Installing: /root/ros2_ws/install/srvs/include/srvs/srvs/srv/detail/get_sensor_status_list__type_support.c
[4.050s] -- Installing: /root/ros2_ws/install/srvs/lib/libsrvs__rosidl_typesupport_introspection_c.so
[4.050s] -- Set runtime path of "/root/ros2_ws/install/srvs/lib/libsrvs__rosidl_typesupport_introspection_c.so" to ""
[4.050s] -- Installing: /root/ros2_ws/install/srvs/lib/libsrvs__rosidl_typesupport_c.so
[4.051s] -- Set runtime path of "/root/ros2_ws/install/srvs/lib/libsrvs__rosidl_typesupport_c.so" to ""
[4.051s] -- Up-to-date: /root/ros2_ws/install/srvs/include/srvs/srvs
[4.051s] -- Up-to-date: /root/ros2_ws/install/srvs/include/srvs/srvs/msg
[4.051s] -- Up-to-date: /root/ros2_ws/install/srvs/include/srvs/srvs/msg/detail
[4.051s] -- Installing: /root/ros2_ws/install/srvs/include/srvs/srvs/msg/detail/sensor_type__type_support.cpp
[4.051s] -- Installing: /root/ros2_ws/install/srvs/include/srvs/srvs/msg/detail/sensor_status__type_support.cpp
[4.051s] -- Installing: /root/ros2_ws/install/srvs/include/srvs/srvs/msg/detail/sensor_status__rosidl_typesupport_introspection_cpp.hpp
[4.051s] -- Installing: /root/ros2_ws/install/srvs/include/srvs/srvs/msg/detail/sensor_type__rosidl_typesupport_introspection_cpp.hpp
[4.051s] -- Up-to-date: /root/ros2_ws/install/srvs/include/srvs/srvs/srv
[4.051s] -- Up-to-date: /root/ros2_ws/install/srvs/include/srvs/srvs/srv/detail
[4.052s] -- Installing: /root/ros2_ws/install/srvs/include/srvs/srvs/srv/detail/get_sensor_status_list__type_support.cpp
[4.052s] -- Installing: /root/ros2_ws/install/srvs/include/srvs/srvs/srv/detail/get_sensor_status_list__rosidl_typesupport_introspection_cpp.hpp
[4.052s] -- Installing: /root/ros2_ws/install/srvs/lib/libsrvs__rosidl_typesupport_introspection_cpp.so
[4.052s] -- Set runtime path of "/root/ros2_ws/install/srvs/lib/libsrvs__rosidl_typesupport_introspection_cpp.so" to ""
[4.052s] -- Installing: /root/ros2_ws/install/srvs/lib/libsrvs__rosidl_typesupport_cpp.so
[4.053s] -- Set runtime path of "/root/ros2_ws/install/srvs/lib/libsrvs__rosidl_typesupport_cpp.so" to ""
[4.053s] -- Installing: /root/ros2_ws/install/srvs/share/srvs/environment/pythonpath.sh
[4.053s] -- Installing: /root/ros2_ws/install/srvs/share/srvs/environment/pythonpath.dsv
[4.053s] -- Installing: /root/ros2_ws/install/srvs/local/lib/python3.10/dist-packages/srvs-0.0.0-py3.10.egg-info
[4.053s] -- Installing: /root/ros2_ws/install/srvs/local/lib/python3.10/dist-packages/srvs-0.0.0-py3.10.egg-info/PKG-INFO
[4.053s] -- Installing: /root/ros2_ws/install/srvs/local/lib/python3.10/dist-packages/srvs-0.0.0-py3.10.egg-info/SOURCES.txt
[4.053s] -- Installing: /root/ros2_ws/install/srvs/local/lib/python3.10/dist-packages/srvs-0.0.0-py3.10.egg-info/dependency_links.txt
[4.053s] -- Installing: /root/ros2_ws/install/srvs/local/lib/python3.10/dist-packages/srvs-0.0.0-py3.10.egg-info/top_level.txt
[4.053s] -- Installing: /root/ros2_ws/install/srvs/local/lib/python3.10/dist-packages/srvs
[4.053s] -- Installing: /root/ros2_ws/install/srvs/local/lib/python3.10/dist-packages/srvs/srvs_s__rosidl_typesupport_fastrtps_c.cpython-310-aarch64-linux-gnu.so
[4.054s] -- Installing: /root/ros2_ws/install/srvs/local/lib/python3.10/dist-packages/srvs/_srvs_s.ep.rosidl_typesupport_introspection_c.c
[4.054s] -- Installing: /root/ros2_ws/install/srvs/local/lib/python3.10/dist-packages/srvs/_srvs_s.ep.rosidl_typesupport_c.c
[4.054s] -- Installing: /root/ros2_ws/install/srvs/local/lib/python3.10/dist-packages/srvs/msg
[4.054s] -- Installing: /root/ros2_ws/install/srvs/local/lib/python3.10/dist-packages/srvs/msg/_sensor_status_s.c
[4.054s] -- Installing: /root/ros2_ws/install/srvs/local/lib/python3.10/dist-packages/srvs/msg/_sensor_type.py
[4.054s] -- Installing: /root/ros2_ws/install/srvs/local/lib/python3.10/dist-packages/srvs/msg/_sensor_type_s.c
[4.054s] -- Installing: /root/ros2_ws/install/srvs/local/lib/python3.10/dist-packages/srvs/msg/__init__.py
[4.054s] -- Installing: /root/ros2_ws/install/srvs/local/lib/python3.10/dist-packages/srvs/msg/_sensor_status.py
[4.054s] -- Installing: /root/ros2_ws/install/srvs/local/lib/python3.10/dist-packages/srvs/srv
[4.055s] -- Installing: /root/ros2_ws/install/srvs/local/lib/python3.10/dist-packages/srvs/srv/__init__.py
[4.055s] -- Installing: /root/ros2_ws/install/srvs/local/lib/python3.10/dist-packages/srvs/srv/_get_sensor_status_list_s.c
[4.055s] -- Installing: /root/ros2_ws/install/srvs/local/lib/python3.10/dist-packages/srvs/srv/_get_sensor_status_list.py
[4.055s] -- Installing: /root/ros2_ws/install/srvs/local/lib/python3.10/dist-packages/srvs/libsrvs__rosidl_generator_py.so
[4.055s] -- Installing: /root/ros2_ws/install/srvs/local/lib/python3.10/dist-packages/srvs/__init__.py
[4.055s] -- Installing: /root/ros2_ws/install/srvs/local/lib/python3.10/dist-packages/srvs/srvs_s__rosidl_typesupport_introspection_c.cpython-310-aarch64-linux-gnu.so
[4.055s] -- Installing: /root/ros2_ws/install/srvs/local/lib/python3.10/dist-packages/srvs/srvs_s__rosidl_typesupport_c.cpython-310-aarch64-linux-gnu.so
[4.055s] -- Installing: /root/ros2_ws/install/srvs/local/lib/python3.10/dist-packages/srvs/_srvs_s.ep.rosidl_typesupport_fastrtps_c.c
[4.082s] Listing '/root/ros2_ws/install/srvs/local/lib/python3.10/dist-packages/srvs'...
[4.082s] Compiling '/root/ros2_ws/install/srvs/local/lib/python3.10/dist-packages/srvs/__init__.py'...
[4.082s] Listing '/root/ros2_ws/install/srvs/local/lib/python3.10/dist-packages/srvs/msg'...
[4.082s] Compiling '/root/ros2_ws/install/srvs/local/lib/python3.10/dist-packages/srvs/msg/__init__.py'...
[4.082s] Compiling '/root/ros2_ws/install/srvs/local/lib/python3.10/dist-packages/srvs/msg/_sensor_status.py'...
[4.082s] Compiling '/root/ros2_ws/install/srvs/local/lib/python3.10/dist-packages/srvs/msg/_sensor_type.py'...
[4.082s] Listing '/root/ros2_ws/install/srvs/local/lib/python3.10/dist-packages/srvs/srv'...
[4.082s] Compiling '/root/ros2_ws/install/srvs/local/lib/python3.10/dist-packages/srvs/srv/__init__.py'...
[4.082s] Compiling '/root/ros2_ws/install/srvs/local/lib/python3.10/dist-packages/srvs/srv/_get_sensor_status_list.py'...
[4.086s] -- Installing: /root/ros2_ws/install/srvs/local/lib/python3.10/dist-packages/srvs/srvs_s__rosidl_typesupport_fastrtps_c.cpython-310-aarch64-linux-gnu.so
[4.087s] -- Set runtime path of "/root/ros2_ws/install/srvs/local/lib/python3.10/dist-packages/srvs/srvs_s__rosidl_typesupport_fastrtps_c.cpython-310-aarch64-linux-gnu.so" to ""
[4.087s] -- Installing: /root/ros2_ws/install/srvs/local/lib/python3.10/dist-packages/srvs/srvs_s__rosidl_typesupport_introspection_c.cpython-310-aarch64-linux-gnu.so
[4.087s] -- Set runtime path of "/root/ros2_ws/install/srvs/local/lib/python3.10/dist-packages/srvs/srvs_s__rosidl_typesupport_introspection_c.cpython-310-aarch64-linux-gnu.so" to ""
[4.087s] -- Installing: /root/ros2_ws/install/srvs/local/lib/python3.10/dist-packages/srvs/srvs_s__rosidl_typesupport_c.cpython-310-aarch64-linux-gnu.so
[4.087s] -- Set runtime path of "/root/ros2_ws/install/srvs/local/lib/python3.10/dist-packages/srvs/srvs_s__rosidl_typesupport_c.cpython-310-aarch64-linux-gnu.so" to ""
[4.087s] -- Installing: /root/ros2_ws/install/srvs/lib/libsrvs__rosidl_generator_py.so
[4.088s] -- Set runtime path of "/root/ros2_ws/install/srvs/lib/libsrvs__rosidl_generator_py.so" to ""
[4.088s] -- Installing: /root/ros2_ws/install/srvs/share/srvs/msg/SensorType.idl
[4.088s] -- Installing: /root/ros2_ws/install/srvs/share/srvs/msg/SensorStatus.idl
[4.088s] -- Installing: /root/ros2_ws/install/srvs/share/srvs/srv/GetSensorStatusList.idl
[4.088s] -- Installing: /root/ros2_ws/install/srvs/share/srvs/msg/SensorType.msg
[4.088s] -- Installing: /root/ros2_ws/install/srvs/share/srvs/msg/SensorStatus.msg
[4.088s] -- Installing: /root/ros2_ws/install/srvs/share/srvs/srv/GetSensorStatusList.srv
[4.089s] -- Installing: /root/ros2_ws/install/srvs/share/srvs/srv/GetSensorStatusList_Request.msg
[4.089s] -- Installing: /root/ros2_ws/install/srvs/share/srvs/srv/GetSensorStatusList_Response.msg
[4.089s] -- Installing: /root/ros2_ws/install/srvs/share/ament_index/resource_index/package_run_dependencies/srvs
[4.089s] -- Installing: /root/ros2_ws/install/srvs/share/ament_index/resource_index/parent_prefix_path/srvs
[4.089s] -- Installing: /root/ros2_ws/install/srvs/share/srvs/environment/ament_prefix_path.sh
[4.089s] -- Installing: /root/ros2_ws/install/srvs/share/srvs/environment/ament_prefix_path.dsv
[4.089s] -- Installing: /root/ros2_ws/install/srvs/share/srvs/environment/path.sh
[4.090s] -- Installing: /root/ros2_ws/install/srvs/share/srvs/environment/path.dsv
[4.090s] -- Installing: /root/ros2_ws/install/srvs/share/srvs/local_setup.bash
[4.090s] -- Installing: /root/ros2_ws/install/srvs/share/srvs/local_setup.sh
[4.090s] -- Installing: /root/ros2_ws/install/srvs/share/srvs/local_setup.zsh
[4.090s] -- Installing: /root/ros2_ws/install/srvs/share/srvs/local_setup.dsv
[4.090s] -- Installing: /root/ros2_ws/install/srvs/share/srvs/package.dsv
[4.090s] -- Installing: /root/ros2_ws/install/srvs/share/ament_index/resource_index/packages/srvs
[4.090s] -- Installing: /root/ros2_ws/install/srvs/share/srvs/cmake/export_srvs__rosidl_generator_cExport.cmake
[4.091s] -- Installing: /root/ros2_ws/install/srvs/share/srvs/cmake/export_srvs__rosidl_generator_cExport-noconfig.cmake
[4.091s] -- Installing: /root/ros2_ws/install/srvs/share/srvs/cmake/export_srvs__rosidl_typesupport_fastrtps_cExport.cmake
[4.091s] -- Installing: /root/ros2_ws/install/srvs/share/srvs/cmake/export_srvs__rosidl_typesupport_fastrtps_cExport-noconfig.cmake
[4.091s] -- Installing: /root/ros2_ws/install/srvs/share/srvs/cmake/export_srvs__rosidl_generator_cppExport.cmake
[4.091s] -- Installing: /root/ros2_ws/install/srvs/share/srvs/cmake/export_srvs__rosidl_typesupport_fastrtps_cppExport.cmake
[4.091s] -- Installing: /root/ros2_ws/install/srvs/share/srvs/cmake/export_srvs__rosidl_typesupport_fastrtps_cppExport-noconfig.cmake
[4.091s] -- Installing: /root/ros2_ws/install/srvs/share/srvs/cmake/srvs__rosidl_typesupport_introspection_cExport.cmake
[4.092s] -- Installing: /root/ros2_ws/install/srvs/share/srvs/cmake/srvs__rosidl_typesupport_introspection_cExport-noconfig.cmake
[4.092s] -- Installing: /root/ros2_ws/install/srvs/share/srvs/cmake/srvs__rosidl_typesupport_cExport.cmake
[4.092s] -- Installing: /root/ros2_ws/install/srvs/share/srvs/cmake/srvs__rosidl_typesupport_cExport-noconfig.cmake
[4.092s] -- Installing: /root/ros2_ws/install/srvs/share/srvs/cmake/srvs__rosidl_typesupport_introspection_cppExport.cmake
[4.092s] -- Installing: /root/ros2_ws/install/srvs/share/srvs/cmake/srvs__rosidl_typesupport_introspection_cppExport-noconfig.cmake
[4.092s] -- Installing: /root/ros2_ws/install/srvs/share/srvs/cmake/srvs__rosidl_typesupport_cppExport.cmake
[4.092s] -- Installing: /root/ros2_ws/install/srvs/share/srvs/cmake/srvs__rosidl_typesupport_cppExport-noconfig.cmake
[4.092s] -- Installing: /root/ros2_ws/install/srvs/share/srvs/cmake/export_srvs__rosidl_generator_pyExport.cmake
[4.093s] -- Installing: /root/ros2_ws/install/srvs/share/srvs/cmake/export_srvs__rosidl_generator_pyExport-noconfig.cmake
[4.093s] -- Installing: /root/ros2_ws/install/srvs/share/srvs/cmake/rosidl_cmake-extras.cmake
[4.093s] -- Installing: /root/ros2_ws/install/srvs/share/srvs/cmake/ament_cmake_export_include_directories-extras.cmake
[4.093s] -- Installing: /root/ros2_ws/install/srvs/share/srvs/cmake/ament_cmake_export_libraries-extras.cmake
[4.093s] -- Installing: /root/ros2_ws/install/srvs/share/srvs/cmake/ament_cmake_export_targets-extras.cmake
[4.093s] -- Installing: /root/ros2_ws/install/srvs/share/srvs/cmake/rosidl_cmake_export_typesupport_targets-extras.cmake
[4.093s] -- Installing: /root/ros2_ws/install/srvs/share/srvs/cmake/ament_cmake_export_dependencies-extras.cmake
[4.093s] -- Installing: /root/ros2_ws/install/srvs/share/srvs/cmake/rosidl_cmake_export_typesupport_libraries-extras.cmake
[4.094s] -- Installing: /root/ros2_ws/install/srvs/share/srvs/cmake/srvsConfig.cmake
[4.094s] -- Installing: /root/ros2_ws/install/srvs/share/srvs/cmake/srvsConfig-version.cmake
[4.094s] -- Installing: /root/ros2_ws/install/srvs/share/srvs/package.xml
[4.096s] Invoked command in '/root/ros2_ws/build/srvs' returned '0': /usr/bin/cmake --install /root/ros2_ws/build/srvs
