[0.006s] Invoking command in '/root/ros2_ws/build/get_sensor_status': CMAKE_PREFIX_PATH=/opt/ros/humble:${CMAKE_PREFIX_PATH} /usr/bin/cmake /root/ros2_ws/src/get_sensor_status -DCMAKE_INSTALL_PREFIX=/root/ros2_ws/install/get_sensor_status
[0.048s] -- The C compiler identification is GNU 11.4.0
[0.090s] -- The CXX compiler identification is GNU 11.4.0
[0.095s] -- Detecting C compiler ABI info
[0.141s] -- Detecting C compiler ABI info - done
[0.147s] -- Check for working C compiler: /usr/bin/cc - skipped
[0.147s] -- Detecting C compile features
[0.147s] -- Detecting C compile features - done
[0.150s] -- Detecting CXX compiler ABI info
[0.206s] -- Detecting CXX compiler ABI info - done
[0.211s] -- Check for working CXX compiler: /usr/bin/c++ - skipped
[0.212s] -- Detecting CXX compile features
[0.212s] -- Detecting CXX compile features - done
[0.214s] -- Found ament_cmake: 1.3.10 (/opt/ros/humble/share/ament_cmake/cmake)
[0.309s] -- Found Python3: /usr/bin/python3 (found version "3.10.12") found components: Interpreter 
[0.369s] -- Found rclcpp: 16.0.9 (/opt/ros/humble/share/rclcpp/cmake)
[0.401s] -- Found rosidl_generator_c: 3.1.5 (/opt/ros/humble/share/rosidl_generator_c/cmake)
[0.404s] -- Found rosidl_adapter: 3.1.5 (/opt/ros/humble/share/rosidl_adapter/cmake)
[0.410s] -- Found rosidl_generator_cpp: 3.1.5 (/opt/ros/humble/share/rosidl_generator_cpp/cmake)
[0.420s] -- Using all available rosidl_typesupport_c: rosidl_typesupport_fastrtps_c;rosidl_typesupport_introspection_c
[0.434s] -- Using all available rosidl_typesupport_cpp: rosidl_typesupport_fastrtps_cpp;rosidl_typesupport_introspection_cpp
[0.492s] -- Found rmw_implementation_cmake: 6.1.2 (/opt/ros/humble/share/rmw_implementation_cmake/cmake)
[0.494s] -- Found rmw_fastrtps_cpp: 6.2.6 (/opt/ros/humble/share/rmw_fastrtps_cpp/cmake)
[0.558s] -- Found OpenSSL: /usr/lib/aarch64-linux-gnu/libcrypto.so (found version "3.0.2")  
[0.581s] -- Found FastRTPS: /opt/ros/humble/include  
[0.619s] -- Using RMW implementation 'rmw_fastrtps_cpp' as default
[0.626s] -- Looking for pthread.h
[0.677s] -- Looking for pthread.h - found
[0.678s] -- Performing Test CMAKE_HAVE_LIBC_PTHREAD
[0.726s] -- Performing Test CMAKE_HAVE_LIBC_PTHREAD - Success
[0.727s] -- Found Threads: TRUE  
[0.869s] -- Found srvs: 0.0.0 (/root/ros2_ws/install/srvs/share/srvs/cmake)
[0.931s] -- Configuring done
[0.941s] -- Generating done
[0.942s] -- Build files have been written to: /root/ros2_ws/build/get_sensor_status
[0.948s] Invoked command in '/root/ros2_ws/build/get_sensor_status' returned '0': CMAKE_PREFIX_PATH=/opt/ros/humble:${CMAKE_PREFIX_PATH} /usr/bin/cmake /root/ros2_ws/src/get_sensor_status -DCMAKE_INSTALL_PREFIX=/root/ros2_ws/install/get_sensor_status
[0.949s] Invoking command in '/root/ros2_ws/build/get_sensor_status': CMAKE_PREFIX_PATH=/opt/ros/humble:${CMAKE_PREFIX_PATH} /usr/bin/cmake --build /root/ros2_ws/build/get_sensor_status -- -j4 -l4
[0.984s] [ 50%] [32mBuilding CXX object CMakeFiles/get_sensor_status_service.dir/src/service.cpp.o[0m
[0.984s] [ 50%] [32mBuilding CXX object CMakeFiles/get_sensor_status_client.dir/src/client.cpp.o[0m
[2.555s] [01m[K/root/ros2_ws/src/get_sensor_status/src/service.cpp:[m[K In function ‘[01m[Kvoid generateData(std::shared_ptr<srvs::srv::GetSensorStatusList_Request_<std::allocator<void> > >, std::shared_ptr<srvs::srv::GetSensorStatusList_Response_<std::allocator<void> > >)[m[K’:
[2.555s] [01m[K/root/ros2_ws/src/get_sensor_status/src/service.cpp:12:82:[m[K [01;35m[Kwarning: [m[Kunused parameter ‘[01m[Krequest[m[K’ [[01;35m[K-Wunused-parameter[m[K]
[2.555s]    12 | void generateData([01;35m[Kconst std::shared_ptr<srvs::srv::GetSensorStatusList::Request> request[m[K,
[2.555s]       |                   [01;35m[K~~~~~~~~~~~~~~~~~~~~~~~~~~~~~~~~~~~~~~~~~~~~~~~~~~~~~~~~~~~~~~~^~~~~~~[m[K
[2.567s] In file included from [01m[K/opt/ros/humble/include/rclcpp/rclcpp/logging.hpp:24[m[K,
[2.567s]                  from [01m[K/opt/ros/humble/include/rclcpp/rclcpp/client.hpp:40[m[K,
[2.567s]                  from [01m[K/opt/ros/humble/include/rclcpp/rclcpp/callback_group.hpp:24[m[K,
[2.567s]                  from [01m[K/opt/ros/humble/include/rclcpp/rclcpp/any_executable.hpp:20[m[K,
[2.567s]                  from [01m[K/opt/ros/humble/include/rclcpp/rclcpp/memory_strategy.hpp:25[m[K,
[2.567s]                  from [01m[K/opt/ros/humble/include/rclcpp/rclcpp/memory_strategies.hpp:18[m[K,
[2.567s]                  from [01m[K/opt/ros/humble/include/rclcpp/rclcpp/executor_options.hpp:20[m[K,
[2.567s]                  from [01m[K/opt/ros/humble/include/rclcpp/rclcpp/executor.hpp:37[m[K,
[2.567s]                  from [01m[K/opt/ros/humble/include/rclcpp/rclcpp/executors/multi_threaded_executor.hpp:25[m[K,
[2.567s]                  from [01m[K/opt/ros/humble/include/rclcpp/rclcpp/executors.hpp:21[m[K,
[2.567s]                  from [01m[K/opt/ros/humble/include/rclcpp/rclcpp/rclcpp.hpp:155[m[K,
[2.567s]                  from [01m[K/root/ros2_ws/src/get_sensor_status/src/client.cpp:1[m[K:
[2.567s] [01m[K/root/ros2_ws/src/get_sensor_status/src/client.cpp:[m[K In function ‘[01m[Kint main(int, char**)[m[K’:
[2.567s] [01m[K/root/ros2_ws/src/get_sensor_status/src/client.cpp:44:55:[m[K [01;35m[Kwarning: [m[Kformat ‘[01m[K%u[m[K’ expects argument of type ‘[01m[Kunsigned int[m[K’, but argument 5 has type ‘[01m[Kconst _sensortype_type[m[K’ {aka ‘[01m[Kconst srvs::msg::SensorType_<std::allocator<void> >[m[K’} [[01;35m[K-Wformat=[m[K]
[2.567s]    44 |             RCLCPP_INFO(rclcpp::get_logger("rclcpp"), [01;35m[K"Sensor Type: %u"[m[K, [32m[Kstatus.sensortype[m[K);
[2.567s]       |                                                       [01;35m[K^~~~~~~~~~~~~~~~~[m[K  [32m[K~~~~~~~~~~~~~~~~~[m[K
[2.567s]       |                                                                                 [32m[K|[m[K
[2.567s]       |                                                                                 [32m[Kconst _sensortype_type {aka const srvs::msg::SensorType_<std::allocator<void> >}[m[K
[2.567s] [01m[K/root/ros2_ws/src/get_sensor_status/src/client.cpp:44:70:[m[K [01;36m[Knote: [m[Kformat string is defined here
[2.567s]    44 |    RCLCPP_INFO(rclcpp::get_logger("rclcpp"), "Sensor Type: [01;36m[K%u[m[K", status.sensortype);
[2.567s]       |                                                            [01;36m[K~^[m[K
[2.568s]       |                                                             [01;36m[K|[m[K
[2.568s]       |                                                             [01;36m[Kunsigned int[m[K
[2.568s] 
[3.286s] [ 75%] [32m[1mLinking CXX executable get_sensor_status_service[0m
[3.379s] [100%] [32m[1mLinking CXX executable get_sensor_status_client[0m
[3.396s] [100%] Built target get_sensor_status_service
[3.485s] [100%] Built target get_sensor_status_client
[3.493s] Invoked command in '/root/ros2_ws/build/get_sensor_status' returned '0': CMAKE_PREFIX_PATH=/opt/ros/humble:${CMAKE_PREFIX_PATH} /usr/bin/cmake --build /root/ros2_ws/build/get_sensor_status -- -j4 -l4
[3.508s] Invoking command in '/root/ros2_ws/build/get_sensor_status': CMAKE_PREFIX_PATH=/opt/ros/humble:${CMAKE_PREFIX_PATH} /usr/bin/cmake --install /root/ros2_ws/build/get_sensor_status
[3.513s] -- Install configuration: ""
[3.514s] -- Installing: /root/ros2_ws/install/get_sensor_status/lib/get_sensor_status/get_sensor_status_client
[3.515s] -- Set runtime path of "/root/ros2_ws/install/get_sensor_status/lib/get_sensor_status/get_sensor_status_client" to ""
[3.515s] -- Installing: /root/ros2_ws/install/get_sensor_status/lib/get_sensor_status/get_sensor_status_service
[3.515s] -- Set runtime path of "/root/ros2_ws/install/get_sensor_status/lib/get_sensor_status/get_sensor_status_service" to ""
[3.516s] -- Installing: /root/ros2_ws/install/get_sensor_status/share/ament_index/resource_index/package_run_dependencies/get_sensor_status
[3.516s] -- Installing: /root/ros2_ws/install/get_sensor_status/share/ament_index/resource_index/parent_prefix_path/get_sensor_status
[3.516s] -- Installing: /root/ros2_ws/install/get_sensor_status/share/get_sensor_status/environment/ament_prefix_path.sh
[3.516s] -- Installing: /root/ros2_ws/install/get_sensor_status/share/get_sensor_status/environment/ament_prefix_path.dsv
[3.516s] -- Installing: /root/ros2_ws/install/get_sensor_status/share/get_sensor_status/environment/path.sh
[3.516s] -- Installing: /root/ros2_ws/install/get_sensor_status/share/get_sensor_status/environment/path.dsv
[3.517s] -- Installing: /root/ros2_ws/install/get_sensor_status/share/get_sensor_status/local_setup.bash
[3.517s] -- Installing: /root/ros2_ws/install/get_sensor_status/share/get_sensor_status/local_setup.sh
[3.517s] -- Installing: /root/ros2_ws/install/get_sensor_status/share/get_sensor_status/local_setup.zsh
[3.517s] -- Installing: /root/ros2_ws/install/get_sensor_status/share/get_sensor_status/local_setup.dsv
[3.517s] -- Installing: /root/ros2_ws/install/get_sensor_status/share/get_sensor_status/package.dsv
[3.517s] -- Installing: /root/ros2_ws/install/get_sensor_status/share/ament_index/resource_index/packages/get_sensor_status
[3.517s] -- Installing: /root/ros2_ws/install/get_sensor_status/share/get_sensor_status/cmake/get_sensor_statusConfig.cmake
[3.517s] -- Installing: /root/ros2_ws/install/get_sensor_status/share/get_sensor_status/cmake/get_sensor_statusConfig-version.cmake
[3.518s] -- Installing: /root/ros2_ws/install/get_sensor_status/share/get_sensor_status/package.xml
[3.520s] Invoked command in '/root/ros2_ws/build/get_sensor_status' returned '0': CMAKE_PREFIX_PATH=/opt/ros/humble:${CMAKE_PREFIX_PATH} /usr/bin/cmake --install /root/ros2_ws/build/get_sensor_status
