[0.007s] Invoking command in '/root/ros2_ws/build/srvs': CMAKE_PREFIX_PATH=/opt/ros/humble /usr/bin/cmake /root/ros2_ws/src/srvs -DCMAKE_INSTALL_PREFIX=/root/ros2_ws/install/srvs
[0.049s] -- The C compiler identification is GNU 11.4.0
[0.088s] -- The CXX compiler identification is GNU 11.4.0
[0.093s] -- Detecting C compiler ABI info
[0.142s] -- Detecting C compiler ABI info - done
[0.148s] -- Check for working C compiler: /usr/bin/cc - skipped
[0.149s] -- Detecting C compile features
[0.149s] -- Detecting C compile features - done
[0.151s] -- Detecting CXX compiler ABI info
[0.203s] -- Detecting CXX compiler ABI info - done
[0.209s] -- Check for working CXX compiler: /usr/bin/c++ - skipped
[0.209s] -- Detecting CXX compile features
[0.210s] -- Detecting CXX compile features - done
[0.212s] -- Found ament_cmake: 1.3.9 (/opt/ros/humble/share/ament_cmake/cmake)
[0.304s] -- Found Python3: /usr/bin/python3 (found version "3.10.12") found components: Interpreter 
[0.365s] -- Found rclcpp: 16.0.9 (/opt/ros/humble/share/rclcpp/cmake)
[0.395s] -- Found rosidl_generator_c: 3.1.5 (/opt/ros/humble/share/rosidl_generator_c/cmake)
[0.399s] -- Found rosidl_adapter: 3.1.5 (/opt/ros/humble/share/rosidl_adapter/cmake)
[0.405s] -- Found rosidl_generator_cpp: 3.1.5 (/opt/ros/humble/share/rosidl_generator_cpp/cmake)
[0.415s] -- Using all available rosidl_typesupport_c: rosidl_typesupport_fastrtps_c;rosidl_typesupport_introspection_c
[0.428s] -- Using all available rosidl_typesupport_cpp: rosidl_typesupport_fastrtps_cpp;rosidl_typesupport_introspection_cpp
[0.485s] -- Found rmw_implementation_cmake: 6.1.2 (/opt/ros/humble/share/rmw_implementation_cmake/cmake)
[0.487s] -- Found rmw_fastrtps_cpp: 6.2.6 (/opt/ros/humble/share/rmw_fastrtps_cpp/cmake)
[0.552s] -- Found OpenSSL: /usr/lib/aarch64-linux-gnu/libcrypto.so (found version "3.0.2")  
[0.573s] -- Found FastRTPS: /opt/ros/humble/include  
[0.610s] -- Using RMW implementation 'rmw_fastrtps_cpp' as default
[0.617s] -- Looking for pthread.h
[0.665s] -- Looking for pthread.h - found
[0.665s] -- Performing Test CMAKE_HAVE_LIBC_PTHREAD
[0.712s] -- Performing Test CMAKE_HAVE_LIBC_PTHREAD - Success
[0.713s] -- Found Threads: TRUE  
[0.854s] -- Found rosidl_default_generators: 1.2.0 (/opt/ros/humble/share/rosidl_default_generators/cmake)
[0.932s] [31mCMake Error at /opt/ros/humble/share/rosidl_adapter/cmake/rosidl_adapt_interfaces.cmake:59 (message):
[0.932s]   execute_process(/usr/bin/python3 -m rosidl_adapter --package-name srvs
[0.932s]   --arguments-file
[0.932s]   /root/ros2_ws/build/srvs/rosidl_adapter__arguments__srvs.json --output-dir
[0.932s]   /root/ros2_ws/build/srvs/rosidl_adapter/srvs --output-file
[0.932s]   /root/ros2_ws/build/srvs/rosidl_adapter/srvs.idls) returned error code 1:
[0.932s] 
[0.932s]   Error processing 'uint32 Sensor_id' of 'srvs/SensorStatus': ''Sensor_id' is
[0.932s]   an invalid field name.  It should have the pattern
[0.932s]   '^(?!.*__)(?!.*_$)[a-z][a-z0-9_]*$''
[0.933s] 
[0.933s]   Traceback (most recent call last):
[0.933s] 
[0.933s]     File "/usr/lib/python3.10/runpy.py", line 196, in _run_module_as_main
[0.933s]       return _run_code(code, main_globals, None,
[0.933s]     File "/usr/lib/python3.10/runpy.py", line 86, in _run_code
[0.933s]       exec(code, run_globals)
[0.933s]     File "/opt/ros/humble/local/lib/python3.10/dist-packages/rosidl_adapter/__main__.py", line 19, in <module>
[0.933s]       sys.exit(main())
[0.933s]     File "/opt/ros/humble/local/lib/python3.10/dist-packages/rosidl_adapter/main.py", line 53, in main
[0.933s]       abs_idl_file = convert_to_idl(
[0.933s]     File "/opt/ros/humble/local/lib/python3.10/dist-packages/rosidl_adapter/__init__.py", line 19, in convert_to_idl
[0.933s]       return convert_msg_to_idl(
[0.933s]     File "/opt/ros/humble/local/lib/python3.10/dist-packages/rosidl_adapter/msg/__init__.py", line 28, in convert_msg_to_idl
[0.933s]       msg = parse_message_string(package_name, input_file.stem, content)
[0.933s]     File "/opt/ros/humble/local/lib/python3.10/dist-packages/rosidl_adapter/parser.py", line 519, in parse_message_string
[0.933s]       fields.append(Field(
[0.933s]     File "/opt/ros/humble/local/lib/python3.10/dist-packages/rosidl_adapter/parser.py", line 354, in __init__
[0.933s]       raise NameError(
[0.933s] 
[0.933s]   NameError: 'Sensor_id' is an invalid field name.  It should have the
[0.933s]   pattern '^(?!.*__)(?!.*_$)[a-z][a-z0-9_]*$'
[0.933s] 
[0.933s] Call Stack (most recent call first):
[0.933s]   /opt/ros/humble/share/rosidl_cmake/cmake/rosidl_generate_interfaces.cmake:130 (rosidl_adapt_interfaces)
[0.933s]   CMakeLists.txt:17 (rosidl_generate_interfaces)
[0.933s] 
[0.933s] [0m
[0.933s] -- Configuring incomplete, errors occurred!
[0.934s] See also "/root/ros2_ws/build/srvs/CMakeFiles/CMakeOutput.log".
[0.938s] Invoked command in '/root/ros2_ws/build/srvs' returned '1': CMAKE_PREFIX_PATH=/opt/ros/humble /usr/bin/cmake /root/ros2_ws/src/srvs -DCMAKE_INSTALL_PREFIX=/root/ros2_ws/install/srvs
